{"C:\\Users\\PC\\Documents\\GitHub\\cse110-w21-group20\\source\\JS\\active-break-pages.js": {"path":"C:\\Users\\PC\\Documents\\GitHub\\cse110-w21-group20\\source\\JS\\active-break-pages.js","statementMap":{"0":{"start":{"line":5,"column":21},"end":{"line":5,"column":59}},"1":{"start":{"line":6,"column":17},"end":{"line":6,"column":20}},"2":{"start":{"line":10,"column":20},"end":{"line":10,"column":59}},"3":{"start":{"line":13,"column":13},"end":{"line":13,"column":44}},"4":{"start":{"line":14,"column":14},"end":{"line":14,"column":46}},"5":{"start":{"line":15,"column":13},"end":{"line":15,"column":44}},"6":{"start":{"line":20,"column":17},"end":{"line":20,"column":18}},"7":{"start":{"line":21,"column":21},"end":{"line":21,"column":22}},"8":{"start":{"line":22,"column":20},"end":{"line":22,"column":22}},"9":{"start":{"line":23,"column":14},"end":{"line":23,"column":24}},"10":{"start":{"line":25,"column":25},"end":{"line":25,"column":26}},"11":{"start":{"line":26,"column":23},"end":{"line":26,"column":24}},"12":{"start":{"line":32,"column":21},"end":{"line":32,"column":25}},"13":{"start":{"line":33,"column":19},"end":{"line":33,"column":20}},"14":{"start":{"line":36,"column":17},"end":{"line":36,"column":19}},"15":{"start":{"line":37,"column":16},"end":{"line":37,"column":17}},"16":{"start":{"line":39,"column":20},"end":{"line":39,"column":22}},"17":{"start":{"line":41,"column":0},"end":{"line":61,"column":3}},"18":{"start":{"line":47,"column":4},"end":{"line":49,"column":7}},"19":{"start":{"line":48,"column":8},"end":{"line":48,"column":22}},"20":{"start":{"line":57,"column":4},"end":{"line":59,"column":7}},"21":{"start":{"line":58,"column":8},"end":{"line":58,"column":21}},"22":{"start":{"line":67,"column":4},"end":{"line":70,"column":5}},"23":{"start":{"line":68,"column":8},"end":{"line":68,"column":41}},"24":{"start":{"line":69,"column":8},"end":{"line":69,"column":21}},"25":{"start":{"line":76,"column":4},"end":{"line":83,"column":5}},"26":{"start":{"line":77,"column":8},"end":{"line":77,"column":41}},"27":{"start":{"line":78,"column":8},"end":{"line":81,"column":9}},"28":{"start":{"line":79,"column":12},"end":{"line":79,"column":34}},"29":{"start":{"line":80,"column":12},"end":{"line":80,"column":60}},"30":{"start":{"line":82,"column":8},"end":{"line":82,"column":21}},"31":{"start":{"line":96,"column":15},"end":{"line":96,"column":51}},"32":{"start":{"line":97,"column":4},"end":{"line":107,"column":5}},"33":{"start":{"line":98,"column":8},"end":{"line":98,"column":20}},"34":{"start":{"line":101,"column":8},"end":{"line":105,"column":9}},"35":{"start":{"line":102,"column":12},"end":{"line":102,"column":99}},"36":{"start":{"line":102,"column":47},"end":{"line":102,"column":97}},"37":{"start":{"line":103,"column":12},"end":{"line":103,"column":26}},"38":{"start":{"line":104,"column":12},"end":{"line":104,"column":31}},"39":{"start":{"line":106,"column":8},"end":{"line":106,"column":24}},"40":{"start":{"line":108,"column":4},"end":{"line":111,"column":5}},"41":{"start":{"line":109,"column":8},"end":{"line":109,"column":60}},"42":{"start":{"line":110,"column":8},"end":{"line":110,"column":21}},"43":{"start":{"line":114,"column":4},"end":{"line":114,"column":129}},"44":{"start":{"line":117,"column":4},"end":{"line":117,"column":32}},"45":{"start":{"line":120,"column":4},"end":{"line":120,"column":16}},"46":{"start":{"line":123,"column":4},"end":{"line":123,"column":24}},"47":{"start":{"line":126,"column":4},"end":{"line":126,"column":15}},"48":{"start":{"line":129,"column":4},"end":{"line":131,"column":12}},"49":{"start":{"line":130,"column":8},"end":{"line":130,"column":20}},"50":{"start":{"line":138,"column":4},"end":{"line":138,"column":19}},"51":{"start":{"line":139,"column":4},"end":{"line":139,"column":17}},"52":{"start":{"line":140,"column":4},"end":{"line":140,"column":78}},"53":{"start":{"line":141,"column":4},"end":{"line":141,"column":82}},"54":{"start":{"line":141,"column":20},"end":{"line":141,"column":82}},"55":{"start":{"line":142,"column":4},"end":{"line":149,"column":5}},"56":{"start":{"line":143,"column":8},"end":{"line":143,"column":112}},"57":{"start":{"line":144,"column":8},"end":{"line":144,"column":32}},"58":{"start":{"line":147,"column":8},"end":{"line":147,"column":232}},"59":{"start":{"line":148,"column":8},"end":{"line":148,"column":31}},"60":{"start":{"line":159,"column":4},"end":{"line":159,"column":25}},"61":{"start":{"line":160,"column":4},"end":{"line":160,"column":30}},"62":{"start":{"line":161,"column":4},"end":{"line":163,"column":12}},"63":{"start":{"line":162,"column":7},"end":{"line":162,"column":31}},"64":{"start":{"line":169,"column":4},"end":{"line":216,"column":5}},"65":{"start":{"line":171,"column":8},"end":{"line":171,"column":70}},"66":{"start":{"line":172,"column":8},"end":{"line":172,"column":71}},"67":{"start":{"line":173,"column":8},"end":{"line":173,"column":57}},"68":{"start":{"line":174,"column":8},"end":{"line":174,"column":28}},"69":{"start":{"line":177,"column":9},"end":{"line":216,"column":5}},"70":{"start":{"line":179,"column":8},"end":{"line":207,"column":9}},"71":{"start":{"line":181,"column":23},"end":{"line":181,"column":82}},"72":{"start":{"line":182,"column":12},"end":{"line":206,"column":13}},"73":{"start":{"line":184,"column":16},"end":{"line":184,"column":85}},"74":{"start":{"line":185,"column":32},"end":{"line":185,"column":72}},"75":{"start":{"line":186,"column":16},"end":{"line":186,"column":69}},"76":{"start":{"line":187,"column":16},"end":{"line":187,"column":69}},"77":{"start":{"line":188,"column":16},"end":{"line":188,"column":68}},"78":{"start":{"line":189,"column":16},"end":{"line":189,"column":57}},"79":{"start":{"line":190,"column":16},"end":{"line":190,"column":91}},"80":{"start":{"line":191,"column":16},"end":{"line":191,"column":51}},"81":{"start":{"line":192,"column":16},"end":{"line":192,"column":38}},"82":{"start":{"line":195,"column":30},"end":{"line":195,"column":95}},"83":{"start":{"line":196,"column":16},"end":{"line":205,"column":17}},"84":{"start":{"line":197,"column":20},"end":{"line":197,"column":95}},"85":{"start":{"line":198,"column":34},"end":{"line":198,"column":74}},"86":{"start":{"line":199,"column":20},"end":{"line":199,"column":61}},"87":{"start":{"line":200,"column":20},"end":{"line":200,"column":70}},"88":{"start":{"line":201,"column":20},"end":{"line":201,"column":71}},"89":{"start":{"line":202,"column":20},"end":{"line":202,"column":72}},"90":{"start":{"line":203,"column":20},"end":{"line":203,"column":59}},"91":{"start":{"line":204,"column":20},"end":{"line":204,"column":89}},"92":{"start":{"line":209,"column":8},"end":{"line":209,"column":16}},"93":{"start":{"line":210,"column":8},"end":{"line":210,"column":72}},"94":{"start":{"line":211,"column":8},"end":{"line":211,"column":69}},"95":{"start":{"line":212,"column":8},"end":{"line":212,"column":73}},"96":{"start":{"line":213,"column":8},"end":{"line":213,"column":29}},"97":{"start":{"line":214,"column":8},"end":{"line":214,"column":58}},"98":{"start":{"line":224,"column":15},"end":{"line":224,"column":39}},"99":{"start":{"line":225,"column":15},"end":{"line":225,"column":27}},"100":{"start":{"line":226,"column":4},"end":{"line":226,"column":61}},"101":{"start":{"line":227,"column":4},"end":{"line":227,"column":61}},"102":{"start":{"line":228,"column":4},"end":{"line":235,"column":5}},"103":{"start":{"line":229,"column":8},"end":{"line":229,"column":71}},"104":{"start":{"line":230,"column":8},"end":{"line":230,"column":61}},"105":{"start":{"line":232,"column":9},"end":{"line":235,"column":5}},"106":{"start":{"line":233,"column":8},"end":{"line":233,"column":76}},"107":{"start":{"line":234,"column":8},"end":{"line":234,"column":60}},"108":{"start":{"line":244,"column":4},"end":{"line":244,"column":34}},"109":{"start":{"line":244,"column":16},"end":{"line":244,"column":34}},"110":{"start":{"line":245,"column":4},"end":{"line":245,"column":17}},"111":{"start":{"line":246,"column":4},"end":{"line":258,"column":5}},"112":{"start":{"line":246,"column":26},"end":{"line":246,"column":47}},"113":{"start":{"line":248,"column":8},"end":{"line":257,"column":9}},"114":{"start":{"line":249,"column":12},"end":{"line":249,"column":33}},"115":{"start":{"line":250,"column":12},"end":{"line":250,"column":36}},"116":{"start":{"line":251,"column":12},"end":{"line":251,"column":73}},"117":{"start":{"line":254,"column":12},"end":{"line":254,"column":31}},"118":{"start":{"line":255,"column":12},"end":{"line":255,"column":37}},"119":{"start":{"line":256,"column":12},"end":{"line":256,"column":74}},"120":{"start":{"line":259,"column":4},"end":{"line":259,"column":26}},"121":{"start":{"line":260,"column":4},"end":{"line":260,"column":66}},"122":{"start":{"line":261,"column":4},"end":{"line":261,"column":63}},"123":{"start":{"line":270,"column":4},"end":{"line":270,"column":25}},"124":{"start":{"line":271,"column":4},"end":{"line":271,"column":30}},"125":{"start":{"line":272,"column":17},"end":{"line":272,"column":19}},"126":{"start":{"line":274,"column":4},"end":{"line":283,"column":5}},"127":{"start":{"line":274,"column":17},"end":{"line":274,"column":18}},"128":{"start":{"line":275,"column":22},"end":{"line":275,"column":24}},"129":{"start":{"line":276,"column":8},"end":{"line":276,"column":23}},"130":{"start":{"line":277,"column":8},"end":{"line":277,"column":51}},"131":{"start":{"line":278,"column":8},"end":{"line":278,"column":98}},"132":{"start":{"line":279,"column":8},"end":{"line":279,"column":62}},"133":{"start":{"line":280,"column":8},"end":{"line":280,"column":82}},"134":{"start":{"line":281,"column":8},"end":{"line":281,"column":53}},"135":{"start":{"line":282,"column":8},"end":{"line":282,"column":29}},"136":{"start":{"line":284,"column":4},"end":{"line":284,"column":65}},"137":{"start":{"line":285,"column":4},"end":{"line":285,"column":66}},"138":{"start":{"line":286,"column":4},"end":{"line":286,"column":65}},"139":{"start":{"line":287,"column":4},"end":{"line":287,"column":51}},"140":{"start":{"line":296,"column":4},"end":{"line":296,"column":107}},"141":{"start":{"line":297,"column":4},"end":{"line":297,"column":70}},"142":{"start":{"line":305,"column":4},"end":{"line":310,"column":5}},"143":{"start":{"line":306,"column":8},"end":{"line":306,"column":21}},"144":{"start":{"line":309,"column":8},"end":{"line":309,"column":41}},"145":{"start":{"line":311,"column":4},"end":{"line":313,"column":5}},"146":{"start":{"line":312,"column":8},"end":{"line":312,"column":46}},"147":{"start":{"line":314,"column":4},"end":{"line":319,"column":5}},"148":{"start":{"line":315,"column":8},"end":{"line":315,"column":27}},"149":{"start":{"line":318,"column":8},"end":{"line":318,"column":45}},"150":{"start":{"line":320,"column":4},"end":{"line":325,"column":5}},"151":{"start":{"line":321,"column":8},"end":{"line":321,"column":28}},"152":{"start":{"line":324,"column":8},"end":{"line":324,"column":45}},"153":{"start":{"line":334,"column":4},"end":{"line":334,"column":16}},"154":{"start":{"line":335,"column":4},"end":{"line":335,"column":14}},"155":{"start":{"line":339,"column":4},"end":{"line":339,"column":25}},"156":{"start":{"line":342,"column":0},"end":{"line":342,"column":28}},"157":{"start":{"line":343,"column":0},"end":{"line":343,"column":28}},"158":{"start":{"line":344,"column":0},"end":{"line":344,"column":32}},"159":{"start":{"line":345,"column":0},"end":{"line":345,"column":22}},"160":{"start":{"line":346,"column":0},"end":{"line":346,"column":38}},"161":{"start":{"line":347,"column":0},"end":{"line":347,"column":40}},"162":{"start":{"line":348,"column":0},"end":{"line":348,"column":22}},"163":{"start":{"line":349,"column":0},"end":{"line":349,"column":32}},"164":{"start":{"line":350,"column":0},"end":{"line":350,"column":32}},"165":{"start":{"line":351,"column":0},"end":{"line":351,"column":34}},"166":{"start":{"line":352,"column":0},"end":{"line":352,"column":32}},"167":{"start":{"line":353,"column":0},"end":{"line":353,"column":40}},"168":{"start":{"line":354,"column":0},"end":{"line":354,"column":36}}},"fnMap":{"0":{"name":"(anonymous_0)","decl":{"start":{"line":41,"column":44},"end":{"line":41,"column":45}},"loc":{"start":{"line":41,"column":50},"end":{"line":61,"column":1}},"line":41},"1":{"name":"(anonymous_1)","decl":{"start":{"line":47,"column":43},"end":{"line":47,"column":44}},"loc":{"start":{"line":47,"column":47},"end":{"line":49,"column":5}},"line":47},"2":{"name":"(anonymous_2)","decl":{"start":{"line":57,"column":42},"end":{"line":57,"column":43}},"loc":{"start":{"line":57,"column":46},"end":{"line":59,"column":5}},"line":57},"3":{"name":"abortActive","decl":{"start":{"line":66,"column":9},"end":{"line":66,"column":20}},"loc":{"start":{"line":66,"column":22},"end":{"line":71,"column":1}},"line":66},"4":{"name":"abortBreak","decl":{"start":{"line":75,"column":9},"end":{"line":75,"column":19}},"loc":{"start":{"line":75,"column":21},"end":{"line":84,"column":1}},"line":75},"5":{"name":"startTimer","decl":{"start":{"line":94,"column":9},"end":{"line":94,"column":19}},"loc":{"start":{"line":94,"column":25},"end":{"line":132,"column":1}},"line":94},"6":{"name":"(anonymous_6)","decl":{"start":{"line":129,"column":24},"end":{"line":129,"column":25}},"loc":{"start":{"line":129,"column":28},"end":{"line":131,"column":5}},"line":129},"7":{"name":"timer","decl":{"start":{"line":137,"column":9},"end":{"line":137,"column":14}},"loc":{"start":{"line":137,"column":20},"end":{"line":150,"column":1}},"line":137},"8":{"name":"redirectToPage","decl":{"start":{"line":158,"column":9},"end":{"line":158,"column":23}},"loc":{"start":{"line":158,"column":32},"end":{"line":164,"column":1}},"line":158},"9":{"name":"(anonymous_9)","decl":{"start":{"line":161,"column":15},"end":{"line":161,"column":16}},"loc":{"start":{"line":161,"column":25},"end":{"line":163,"column":5}},"line":161},"10":{"name":"redirectHelper","decl":{"start":{"line":168,"column":9},"end":{"line":168,"column":23}},"loc":{"start":{"line":168,"column":32},"end":{"line":217,"column":1}},"line":168},"11":{"name":"updateCounter","decl":{"start":{"line":223,"column":9},"end":{"line":223,"column":22}},"loc":{"start":{"line":223,"column":28},"end":{"line":236,"column":1}},"line":223},"12":{"name":"reset","decl":{"start":{"line":243,"column":9},"end":{"line":243,"column":14}},"loc":{"start":{"line":243,"column":20},"end":{"line":262,"column":1}},"line":243},"13":{"name":"abortTimer","decl":{"start":{"line":269,"column":9},"end":{"line":269,"column":19}},"loc":{"start":{"line":269,"column":21},"end":{"line":289,"column":1}},"line":269},"14":{"name":"setAlert","decl":{"start":{"line":295,"column":9},"end":{"line":295,"column":17}},"loc":{"start":{"line":295,"column":19},"end":{"line":298,"column":1}},"line":295},"15":{"name":"set_time","decl":{"start":{"line":304,"column":9},"end":{"line":304,"column":17}},"loc":{"start":{"line":304,"column":19},"end":{"line":326,"column":1}},"line":304},"16":{"name":"setCounter","decl":{"start":{"line":333,"column":9},"end":{"line":333,"column":19}},"loc":{"start":{"line":333,"column":25},"end":{"line":336,"column":1}},"line":333},"17":{"name":"setLongBreak","decl":{"start":{"line":338,"column":9},"end":{"line":338,"column":21}},"loc":{"start":{"line":338,"column":23},"end":{"line":340,"column":1}},"line":338}},"branchMap":{"0":{"loc":{"start":{"line":67,"column":4},"end":{"line":70,"column":5}},"type":"if","locations":[{"start":{"line":67,"column":4},"end":{"line":70,"column":5}},{"start":{"line":67,"column":4},"end":{"line":70,"column":5}}],"line":67},"1":{"loc":{"start":{"line":76,"column":4},"end":{"line":83,"column":5}},"type":"if","locations":[{"start":{"line":76,"column":4},"end":{"line":83,"column":5}},{"start":{"line":76,"column":4},"end":{"line":83,"column":5}}],"line":76},"2":{"loc":{"start":{"line":78,"column":8},"end":{"line":81,"column":9}},"type":"if","locations":[{"start":{"line":78,"column":8},"end":{"line":81,"column":9}},{"start":{"line":78,"column":8},"end":{"line":81,"column":9}}],"line":78},"3":{"loc":{"start":{"line":80,"column":23},"end":{"line":80,"column":59}},"type":"cond-expr","locations":[{"start":{"line":80,"column":37},"end":{"line":80,"column":51}},{"start":{"line":80,"column":54},"end":{"line":80,"column":59}}],"line":80},"4":{"loc":{"start":{"line":96,"column":15},"end":{"line":96,"column":51}},"type":"cond-expr","locations":[{"start":{"line":96,"column":29},"end":{"line":96,"column":43}},{"start":{"line":96,"column":46},"end":{"line":96,"column":51}}],"line":96},"5":{"loc":{"start":{"line":97,"column":4},"end":{"line":107,"column":5}},"type":"if","locations":[{"start":{"line":97,"column":4},"end":{"line":107,"column":5}},{"start":{"line":97,"column":4},"end":{"line":107,"column":5}}],"line":97},"6":{"loc":{"start":{"line":101,"column":8},"end":{"line":105,"column":9}},"type":"if","locations":[{"start":{"line":101,"column":8},"end":{"line":105,"column":9}},{"start":{"line":101,"column":8},"end":{"line":105,"column":9}}],"line":101},"7":{"loc":{"start":{"line":108,"column":4},"end":{"line":111,"column":5}},"type":"if","locations":[{"start":{"line":108,"column":4},"end":{"line":111,"column":5}},{"start":{"line":108,"column":4},"end":{"line":111,"column":5}}],"line":108},"8":{"loc":{"start":{"line":109,"column":8},"end":{"line":109,"column":59}},"type":"cond-expr","locations":[{"start":{"line":109,"column":19},"end":{"line":109,"column":51}},{"start":{"line":109,"column":54},"end":{"line":109,"column":59}}],"line":109},"9":{"loc":{"start":{"line":114,"column":4},"end":{"line":114,"column":128}},"type":"cond-expr","locations":[{"start":{"line":114,"column":31},"end":{"line":114,"column":98}},{"start":{"line":114,"column":101},"end":{"line":114,"column":128}}],"line":114},"10":{"loc":{"start":{"line":114,"column":4},"end":{"line":114,"column":28}},"type":"binary-expr","locations":[{"start":{"line":114,"column":4},"end":{"line":114,"column":20}},{"start":{"line":114,"column":24},"end":{"line":114,"column":28}}],"line":114},"11":{"loc":{"start":{"line":114,"column":101},"end":{"line":114,"column":128}},"type":"cond-expr","locations":[{"start":{"line":114,"column":108},"end":{"line":114,"column":113}},{"start":{"line":114,"column":116},"end":{"line":114,"column":128}}],"line":114},"12":{"loc":{"start":{"line":117,"column":4},"end":{"line":117,"column":31}},"type":"cond-expr","locations":[{"start":{"line":117,"column":12},"end":{"line":117,"column":24}},{"start":{"line":117,"column":27},"end":{"line":117,"column":31}}],"line":117},"13":{"loc":{"start":{"line":140,"column":4},"end":{"line":140,"column":77}},"type":"cond-expr","locations":[{"start":{"line":140,"column":19},"end":{"line":140,"column":39}},{"start":{"line":140,"column":43},"end":{"line":140,"column":76}}],"line":140},"14":{"loc":{"start":{"line":140,"column":43},"end":{"line":140,"column":76}},"type":"cond-expr","locations":[{"start":{"line":140,"column":57},"end":{"line":140,"column":68}},{"start":{"line":140,"column":71},"end":{"line":140,"column":76}}],"line":140},"15":{"loc":{"start":{"line":141,"column":4},"end":{"line":141,"column":82}},"type":"if","locations":[{"start":{"line":141,"column":4},"end":{"line":141,"column":82}},{"start":{"line":141,"column":4},"end":{"line":141,"column":82}}],"line":141},"16":{"loc":{"start":{"line":141,"column":20},"end":{"line":141,"column":81}},"type":"cond-expr","locations":[{"start":{"line":141,"column":62},"end":{"line":141,"column":73}},{"start":{"line":141,"column":76},"end":{"line":141,"column":81}}],"line":141},"17":{"loc":{"start":{"line":142,"column":4},"end":{"line":149,"column":5}},"type":"if","locations":[{"start":{"line":142,"column":4},"end":{"line":149,"column":5}},{"start":{"line":142,"column":4},"end":{"line":149,"column":5}}],"line":142},"18":{"loc":{"start":{"line":147,"column":59},"end":{"line":147,"column":231}},"type":"cond-expr","locations":[{"start":{"line":147,"column":123},"end":{"line":147,"column":175}},{"start":{"line":147,"column":178},"end":{"line":147,"column":231}}],"line":147},"19":{"loc":{"start":{"line":160,"column":4},"end":{"line":160,"column":29}},"type":"cond-expr","locations":[{"start":{"line":160,"column":11},"end":{"line":160,"column":22}},{"start":{"line":160,"column":25},"end":{"line":160,"column":29}}],"line":160},"20":{"loc":{"start":{"line":169,"column":4},"end":{"line":216,"column":5}},"type":"if","locations":[{"start":{"line":169,"column":4},"end":{"line":216,"column":5}},{"start":{"line":169,"column":4},"end":{"line":216,"column":5}}],"line":169},"21":{"loc":{"start":{"line":177,"column":9},"end":{"line":216,"column":5}},"type":"if","locations":[{"start":{"line":177,"column":9},"end":{"line":216,"column":5}},{"start":{"line":177,"column":9},"end":{"line":216,"column":5}}],"line":177},"22":{"loc":{"start":{"line":179,"column":8},"end":{"line":207,"column":9}},"type":"if","locations":[{"start":{"line":179,"column":8},"end":{"line":207,"column":9}},{"start":{"line":179,"column":8},"end":{"line":207,"column":9}}],"line":179},"23":{"loc":{"start":{"line":182,"column":12},"end":{"line":206,"column":13}},"type":"if","locations":[{"start":{"line":182,"column":12},"end":{"line":206,"column":13}},{"start":{"line":182,"column":12},"end":{"line":206,"column":13}}],"line":182},"24":{"loc":{"start":{"line":196,"column":16},"end":{"line":205,"column":17}},"type":"if","locations":[{"start":{"line":196,"column":16},"end":{"line":205,"column":17}},{"start":{"line":196,"column":16},"end":{"line":205,"column":17}}],"line":196},"25":{"loc":{"start":{"line":226,"column":11},"end":{"line":226,"column":60}},"type":"cond-expr","locations":[{"start":{"line":226,"column":23},"end":{"line":226,"column":43}},{"start":{"line":226,"column":46},"end":{"line":226,"column":60}}],"line":226},"26":{"loc":{"start":{"line":227,"column":11},"end":{"line":227,"column":60}},"type":"cond-expr","locations":[{"start":{"line":227,"column":23},"end":{"line":227,"column":43}},{"start":{"line":227,"column":46},"end":{"line":227,"column":60}}],"line":227},"27":{"loc":{"start":{"line":228,"column":4},"end":{"line":235,"column":5}},"type":"if","locations":[{"start":{"line":228,"column":4},"end":{"line":235,"column":5}},{"start":{"line":228,"column":4},"end":{"line":235,"column":5}}],"line":228},"28":{"loc":{"start":{"line":232,"column":9},"end":{"line":235,"column":5}},"type":"if","locations":[{"start":{"line":232,"column":9},"end":{"line":235,"column":5}},{"start":{"line":232,"column":9},"end":{"line":235,"column":5}}],"line":232},"29":{"loc":{"start":{"line":244,"column":4},"end":{"line":244,"column":34}},"type":"if","locations":[{"start":{"line":244,"column":4},"end":{"line":244,"column":34}},{"start":{"line":244,"column":4},"end":{"line":244,"column":34}}],"line":244},"30":{"loc":{"start":{"line":246,"column":4},"end":{"line":258,"column":5}},"type":"if","locations":[{"start":{"line":246,"column":4},"end":{"line":258,"column":5}},{"start":{"line":246,"column":4},"end":{"line":258,"column":5}}],"line":246},"31":{"loc":{"start":{"line":248,"column":8},"end":{"line":257,"column":9}},"type":"if","locations":[{"start":{"line":248,"column":8},"end":{"line":257,"column":9}},{"start":{"line":248,"column":8},"end":{"line":257,"column":9}}],"line":248},"32":{"loc":{"start":{"line":271,"column":4},"end":{"line":271,"column":29}},"type":"cond-expr","locations":[{"start":{"line":271,"column":11},"end":{"line":271,"column":22}},{"start":{"line":271,"column":25},"end":{"line":271,"column":29}}],"line":271},"33":{"loc":{"start":{"line":278,"column":30},"end":{"line":278,"column":97}},"type":"cond-expr","locations":[{"start":{"line":278,"column":63},"end":{"line":278,"column":93}},{"start":{"line":278,"column":96},"end":{"line":278,"column":97}}],"line":278},"34":{"loc":{"start":{"line":280,"column":28},"end":{"line":280,"column":81}},"type":"cond-expr","locations":[{"start":{"line":280,"column":69},"end":{"line":280,"column":73}},{"start":{"line":280,"column":76},"end":{"line":280,"column":81}}],"line":280},"35":{"loc":{"start":{"line":296,"column":17},"end":{"line":296,"column":106}},"type":"cond-expr","locations":[{"start":{"line":296,"column":94},"end":{"line":296,"column":98}},{"start":{"line":296,"column":101},"end":{"line":296,"column":106}}],"line":296},"36":{"loc":{"start":{"line":305,"column":4},"end":{"line":310,"column":5}},"type":"if","locations":[{"start":{"line":305,"column":4},"end":{"line":310,"column":5}},{"start":{"line":305,"column":4},"end":{"line":310,"column":5}}],"line":305},"37":{"loc":{"start":{"line":311,"column":4},"end":{"line":313,"column":5}},"type":"if","locations":[{"start":{"line":311,"column":4},"end":{"line":313,"column":5}},{"start":{"line":311,"column":4},"end":{"line":313,"column":5}}],"line":311},"38":{"loc":{"start":{"line":314,"column":4},"end":{"line":319,"column":5}},"type":"if","locations":[{"start":{"line":314,"column":4},"end":{"line":319,"column":5}},{"start":{"line":314,"column":4},"end":{"line":319,"column":5}}],"line":314},"39":{"loc":{"start":{"line":320,"column":4},"end":{"line":325,"column":5}},"type":"if","locations":[{"start":{"line":320,"column":4},"end":{"line":325,"column":5}},{"start":{"line":320,"column":4},"end":{"line":325,"column":5}}],"line":320}},"s":{"0":1,"1":1,"2":1,"3":1,"4":1,"5":1,"6":1,"7":1,"8":1,"9":1,"10":1,"11":1,"12":1,"13":1,"14":1,"15":1,"16":1,"17":1,"18":0,"19":0,"20":0,"21":0,"22":1,"23":1,"24":1,"25":1,"26":1,"27":1,"28":1,"29":1,"30":1,"31":6,"32":6,"33":3,"34":3,"35":1,"36":1,"37":1,"38":1,"39":3,"40":6,"41":1,"42":1,"43":6,"44":6,"45":6,"46":6,"47":6,"48":6,"49":0,"50":2,"51":2,"52":2,"53":2,"54":0,"55":2,"56":1,"57":1,"58":1,"59":1,"60":2,"61":2,"62":2,"63":0,"64":2,"65":1,"66":1,"67":1,"68":1,"69":1,"70":1,"71":1,"72":1,"73":1,"74":1,"75":1,"76":1,"77":1,"78":1,"79":1,"80":1,"81":1,"82":1,"83":1,"84":1,"85":1,"86":1,"87":1,"88":1,"89":1,"90":1,"91":1,"92":1,"93":1,"94":1,"95":1,"96":1,"97":1,"98":8,"99":8,"100":8,"101":8,"102":8,"103":4,"104":4,"105":4,"106":4,"107":4,"108":7,"109":2,"110":7,"111":7,"112":3,"113":4,"114":1,"115":1,"116":1,"117":3,"118":3,"119":3,"120":7,"121":7,"122":7,"123":3,"124":3,"125":3,"126":3,"127":3,"128":6,"129":6,"130":6,"131":6,"132":6,"133":6,"134":6,"135":6,"136":3,"137":3,"138":3,"139":3,"140":6,"141":6,"142":9,"143":0,"144":9,"145":9,"146":9,"147":9,"148":0,"149":9,"150":9,"151":0,"152":9,"153":5,"154":5,"155":1,"156":1,"157":1,"158":1,"159":1,"160":1,"161":1,"162":1,"163":1,"164":1,"165":1,"166":1,"167":1,"168":1},"f":{"0":0,"1":0,"2":0,"3":1,"4":1,"5":6,"6":0,"7":2,"8":2,"9":0,"10":2,"11":8,"12":7,"13":3,"14":6,"15":9,"16":5,"17":1},"b":{"0":[1,0],"1":[1,0],"2":[1,0],"3":[1,0],"4":[6,0],"5":[3,3],"6":[1,2],"7":[1,5],"8":[1,0],"9":[3,3],"10":[6,3],"11":[3,0],"12":[0,6],"13":[0,2],"14":[0,2],"15":[0,2],"16":[0,0],"17":[1,1],"18":[0,1],"19":[0,2],"20":[1,1],"21":[1,0],"22":[1,0],"23":[1,0],"24":[1,0],"25":[4,4],"26":[6,2],"27":[4,4],"28":[4,0],"29":[2,5],"30":[3,4],"31":[1,3],"32":[0,3],"33":[1,5],"34":[3,3],"35":[0,6],"36":[0,9],"37":[9,0],"38":[0,9],"39":[0,9]},"_coverageSchema":"1a1c01bbd47fc00a2c39e90264f33305004495a9","hash":"5d9abd7f384ab092e45a4de8ab748e924ce2a1a1"}
,"C:\\Users\\PC\\Documents\\GitHub\\cse110-w21-group20\\source\\JS\\how-to-page.js": {"path":"C:\\Users\\PC\\Documents\\GitHub\\cse110-w21-group20\\source\\JS\\how-to-page.js","statementMap":{"0":{"start":{"line":1,"column":0},"end":{"line":3,"column":3}},"1":{"start":{"line":2,"column":0},"end":{"line":2,"column":88}},"2":{"start":{"line":2,"column":73},"end":{"line":2,"column":85}},"3":{"start":{"line":2,"column":89},"end":{"line":2,"column":177}},"4":{"start":{"line":2,"column":164},"end":{"line":2,"column":174}},"5":{"start":{"line":5,"column":2},"end":{"line":5,"column":47}},"6":{"start":{"line":8,"column":2},"end":{"line":8,"column":59}},"7":{"start":{"line":10,"column":0},"end":{"line":10,"column":30}},"8":{"start":{"line":11,"column":0},"end":{"line":11,"column":26}}},"fnMap":{"0":{"name":"(anonymous_0)","decl":{"start":{"line":1,"column":44},"end":{"line":1,"column":45}},"loc":{"start":{"line":1,"column":50},"end":{"line":3,"column":1}},"line":1},"1":{"name":"(anonymous_1)","decl":{"start":{"line":2,"column":66},"end":{"line":2,"column":67}},"loc":{"start":{"line":2,"column":71},"end":{"line":2,"column":86}},"line":2},"2":{"name":"(anonymous_2)","decl":{"start":{"line":2,"column":157},"end":{"line":2,"column":158}},"loc":{"start":{"line":2,"column":162},"end":{"line":2,"column":175}},"line":2},"3":{"name":"toLanding","decl":{"start":{"line":4,"column":9},"end":{"line":4,"column":18}},"loc":{"start":{"line":4,"column":20},"end":{"line":6,"column":1}},"line":4},"4":{"name":"toSetUp","decl":{"start":{"line":7,"column":9},"end":{"line":7,"column":16}},"loc":{"start":{"line":7,"column":18},"end":{"line":9,"column":1}},"line":7}},"branchMap":{},"s":{"0":1,"1":0,"2":0,"3":0,"4":0,"5":1,"6":1,"7":1,"8":1},"f":{"0":0,"1":0,"2":0,"3":1,"4":1},"b":{},"_coverageSchema":"1a1c01bbd47fc00a2c39e90264f33305004495a9","hash":"6494f38105c8d55749b77345f8e3c884e0f089ad"}
,"C:\\Users\\PC\\Documents\\GitHub\\cse110-w21-group20\\source\\JS\\landing-page.js": {"path":"C:\\Users\\PC\\Documents\\GitHub\\cse110-w21-group20\\source\\JS\\landing-page.js","statementMap":{"0":{"start":{"line":1,"column":0},"end":{"line":6,"column":3}},"1":{"start":{"line":2,"column":0},"end":{"line":2,"column":72}},"2":{"start":{"line":3,"column":0},"end":{"line":3,"column":72}},"3":{"start":{"line":4,"column":0},"end":{"line":4,"column":80}},"4":{"start":{"line":5,"column":0},"end":{"line":5,"column":28}},"5":{"start":{"line":12,"column":4},"end":{"line":12,"column":48}},"6":{"start":{"line":19,"column":4},"end":{"line":19,"column":61}},"7":{"start":{"line":26,"column":4},"end":{"line":26,"column":80}},"8":{"start":{"line":28,"column":4},"end":{"line":30,"column":5}},"9":{"start":{"line":29,"column":8},"end":{"line":29,"column":84}},"10":{"start":{"line":32,"column":4},"end":{"line":34,"column":5}},"11":{"start":{"line":33,"column":8},"end":{"line":33,"column":85}},"12":{"start":{"line":36,"column":4},"end":{"line":38,"column":5}},"13":{"start":{"line":37,"column":8},"end":{"line":37,"column":84}},"14":{"start":{"line":43,"column":12},"end":{"line":46,"column":81}},"15":{"start":{"line":49,"column":12},"end":{"line":49,"column":13}},"16":{"start":{"line":55,"column":4},"end":{"line":55,"column":41}},"17":{"start":{"line":55,"column":31},"end":{"line":55,"column":41}},"18":{"start":{"line":56,"column":4},"end":{"line":56,"column":66}},"19":{"start":{"line":57,"column":4},"end":{"line":57,"column":12}},"20":{"start":{"line":60,"column":0},"end":{"line":60,"column":26}},"21":{"start":{"line":61,"column":0},"end":{"line":61,"column":26}},"22":{"start":{"line":62,"column":0},"end":{"line":62,"column":30}},"23":{"start":{"line":63,"column":0},"end":{"line":63,"column":28}}},"fnMap":{"0":{"name":"(anonymous_0)","decl":{"start":{"line":1,"column":44},"end":{"line":1,"column":45}},"loc":{"start":{"line":1,"column":50},"end":{"line":6,"column":1}},"line":1},"1":{"name":"toHowTo","decl":{"start":{"line":11,"column":9},"end":{"line":11,"column":16}},"loc":{"start":{"line":11,"column":18},"end":{"line":13,"column":1}},"line":11},"2":{"name":"toSetUp","decl":{"start":{"line":18,"column":9},"end":{"line":18,"column":16}},"loc":{"start":{"line":18,"column":18},"end":{"line":20,"column":1}},"line":18},"3":{"name":"osSupport","decl":{"start":{"line":25,"column":9},"end":{"line":25,"column":18}},"loc":{"start":{"line":25,"column":20},"end":{"line":39,"column":1}},"line":25},"4":{"name":"funFacts","decl":{"start":{"line":54,"column":9},"end":{"line":54,"column":17}},"loc":{"start":{"line":54,"column":19},"end":{"line":58,"column":1}},"line":54}},"branchMap":{"0":{"loc":{"start":{"line":28,"column":4},"end":{"line":30,"column":5}},"type":"if","locations":[{"start":{"line":28,"column":4},"end":{"line":30,"column":5}},{"start":{"line":28,"column":4},"end":{"line":30,"column":5}}],"line":28},"1":{"loc":{"start":{"line":32,"column":4},"end":{"line":34,"column":5}},"type":"if","locations":[{"start":{"line":32,"column":4},"end":{"line":34,"column":5}},{"start":{"line":32,"column":4},"end":{"line":34,"column":5}}],"line":32},"2":{"loc":{"start":{"line":36,"column":4},"end":{"line":38,"column":5}},"type":"if","locations":[{"start":{"line":36,"column":4},"end":{"line":38,"column":5}},{"start":{"line":36,"column":4},"end":{"line":38,"column":5}}],"line":36},"3":{"loc":{"start":{"line":55,"column":4},"end":{"line":55,"column":41}},"type":"if","locations":[{"start":{"line":55,"column":4},"end":{"line":55,"column":41}},{"start":{"line":55,"column":4},"end":{"line":55,"column":41}}],"line":55}},"s":{"0":1,"1":0,"2":0,"3":0,"4":0,"5":1,"6":1,"7":1,"8":1,"9":0,"10":1,"11":0,"12":1,"13":0,"14":1,"15":1,"16":3,"17":0,"18":3,"19":3,"20":1,"21":1,"22":1,"23":1},"f":{"0":0,"1":1,"2":1,"3":1,"4":3},"b":{"0":[0,1],"1":[0,1],"2":[0,1],"3":[0,3]},"_coverageSchema":"1a1c01bbd47fc00a2c39e90264f33305004495a9","hash":"dec9c29fa3a4228f900d344003c2306f03aee305"}
,"C:\\Users\\PC\\Documents\\GitHub\\cse110-w21-group20\\source\\JS\\results-page.js": {"path":"C:\\Users\\PC\\Documents\\GitHub\\cse110-w21-group20\\source\\JS\\results-page.js","statementMap":{"0":{"start":{"line":1,"column":21},"end":{"line":1,"column":40}},"1":{"start":{"line":2,"column":22},"end":{"line":2,"column":182}},"2":{"start":{"line":3,"column":14},"end":{"line":3,"column":247}},"3":{"start":{"line":4,"column":11},"end":{"line":4,"column":39}},"4":{"start":{"line":9,"column":4},"end":{"line":9,"column":49}},"5":{"start":{"line":14,"column":8},"end":{"line":14,"column":69}},"6":{"start":{"line":18,"column":8},"end":{"line":18,"column":16}},"7":{"start":{"line":19,"column":8},"end":{"line":19,"column":42}},"8":{"start":{"line":21,"column":20},"end":{"line":21,"column":51}},"9":{"start":{"line":22,"column":8},"end":{"line":77,"column":10}},"10":{"start":{"line":79,"column":26},"end":{"line":79,"column":55}},"11":{"start":{"line":80,"column":8},"end":{"line":80,"column":53}},"12":{"start":{"line":81,"column":25},"end":{"line":81,"column":77}},"13":{"start":{"line":82,"column":8},"end":{"line":82,"column":52}},"14":{"start":{"line":83,"column":20},"end":{"line":83,"column":77}},"15":{"start":{"line":84,"column":8},"end":{"line":84,"column":40}},"16":{"start":{"line":85,"column":8},"end":{"line":85,"column":41}},"17":{"start":{"line":86,"column":8},"end":{"line":86,"column":49}},"18":{"start":{"line":87,"column":21},"end":{"line":87,"column":74}},"19":{"start":{"line":88,"column":8},"end":{"line":88,"column":25}},"20":{"start":{"line":89,"column":8},"end":{"line":89,"column":46}},"21":{"start":{"line":90,"column":8},"end":{"line":90,"column":51}},"22":{"start":{"line":92,"column":25},"end":{"line":92,"column":77}},"23":{"start":{"line":93,"column":8},"end":{"line":93,"column":52}},"24":{"start":{"line":94,"column":8},"end":{"line":94,"column":33}},"25":{"start":{"line":96,"column":25},"end":{"line":96,"column":77}},"26":{"start":{"line":97,"column":8},"end":{"line":97,"column":52}},"27":{"start":{"line":100,"column":28},"end":{"line":100,"column":80}},"28":{"start":{"line":101,"column":8},"end":{"line":101,"column":57}},"29":{"start":{"line":102,"column":8},"end":{"line":102,"column":39}},"30":{"start":{"line":103,"column":8},"end":{"line":103,"column":38}},"31":{"start":{"line":105,"column":30},"end":{"line":105,"column":82}},"32":{"start":{"line":106,"column":8},"end":{"line":106,"column":61}},"33":{"start":{"line":107,"column":8},"end":{"line":107,"column":43}},"34":{"start":{"line":108,"column":8},"end":{"line":108,"column":40}},"35":{"start":{"line":112,"column":8},"end":{"line":112,"column":49}},"36":{"start":{"line":117,"column":8},"end":{"line":128,"column":9}},"37":{"start":{"line":118,"column":12},"end":{"line":118,"column":49}},"38":{"start":{"line":120,"column":13},"end":{"line":128,"column":9}},"39":{"start":{"line":121,"column":12},"end":{"line":121,"column":52}},"40":{"start":{"line":123,"column":13},"end":{"line":128,"column":9}},"41":{"start":{"line":124,"column":12},"end":{"line":124,"column":66}},"42":{"start":{"line":126,"column":13},"end":{"line":128,"column":9}},"43":{"start":{"line":127,"column":12},"end":{"line":127,"column":38}},"44":{"start":{"line":132,"column":8},"end":{"line":144,"column":9}},"45":{"start":{"line":133,"column":12},"end":{"line":138,"column":13}},"46":{"start":{"line":134,"column":16},"end":{"line":134,"column":73}},"47":{"start":{"line":137,"column":16},"end":{"line":137,"column":62}},"48":{"start":{"line":139,"column":12},"end":{"line":139,"column":55}},"49":{"start":{"line":142,"column":12},"end":{"line":142,"column":56}},"50":{"start":{"line":143,"column":12},"end":{"line":143,"column":47}},"51":{"start":{"line":149,"column":0},"end":{"line":149,"column":45}},"52":{"start":{"line":156,"column":0},"end":{"line":159,"column":3}},"53":{"start":{"line":157,"column":4},"end":{"line":157,"column":79}},"54":{"start":{"line":158,"column":4},"end":{"line":158,"column":20}},"55":{"start":{"line":166,"column":27},"end":{"line":166,"column":68}},"56":{"start":{"line":167,"column":29},"end":{"line":167,"column":72}},"57":{"start":{"line":168,"column":4},"end":{"line":217,"column":5}},"58":{"start":{"line":170,"column":18},"end":{"line":170,"column":53}},"59":{"start":{"line":171,"column":8},"end":{"line":171,"column":48}},"60":{"start":{"line":172,"column":8},"end":{"line":172,"column":21}},"61":{"start":{"line":175,"column":21},"end":{"line":175,"column":62}},"62":{"start":{"line":176,"column":25},"end":{"line":176,"column":36}},"63":{"start":{"line":177,"column":26},"end":{"line":177,"column":27}},"64":{"start":{"line":178,"column":8},"end":{"line":200,"column":9}},"65":{"start":{"line":178,"column":21},"end":{"line":178,"column":22}},"66":{"start":{"line":179,"column":12},"end":{"line":199,"column":13}},"67":{"start":{"line":180,"column":16},"end":{"line":180,"column":30}},"68":{"start":{"line":181,"column":27},"end":{"line":181,"column":90}},"69":{"start":{"line":182,"column":16},"end":{"line":182,"column":67}},"70":{"start":{"line":183,"column":16},"end":{"line":183,"column":70}},"71":{"start":{"line":184,"column":16},"end":{"line":184,"column":74}},"72":{"start":{"line":185,"column":16},"end":{"line":185,"column":53}},"73":{"start":{"line":190,"column":17},"end":{"line":199,"column":13}},"74":{"start":{"line":191,"column":27},"end":{"line":191,"column":92}},"75":{"start":{"line":192,"column":16},"end":{"line":192,"column":67}},"76":{"start":{"line":193,"column":16},"end":{"line":193,"column":70}},"77":{"start":{"line":194,"column":16},"end":{"line":194,"column":74}},"78":{"start":{"line":195,"column":16},"end":{"line":195,"column":54}},"79":{"start":{"line":202,"column":8},"end":{"line":213,"column":9}},"80":{"start":{"line":203,"column":27},"end":{"line":203,"column":51}},"81":{"start":{"line":204,"column":23},"end":{"line":204,"column":63}},"82":{"start":{"line":205,"column":12},"end":{"line":205,"column":30}},"83":{"start":{"line":206,"column":12},"end":{"line":206,"column":42}},"84":{"start":{"line":207,"column":12},"end":{"line":212,"column":13}},"85":{"start":{"line":208,"column":16},"end":{"line":208,"column":57}},"86":{"start":{"line":210,"column":17},"end":{"line":212,"column":13}},"87":{"start":{"line":211,"column":16},"end":{"line":211,"column":58}},"88":{"start":{"line":214,"column":18},"end":{"line":214,"column":53}},"89":{"start":{"line":215,"column":8},"end":{"line":215,"column":72}},"90":{"start":{"line":216,"column":8},"end":{"line":216,"column":21}},"91":{"start":{"line":226,"column":27},"end":{"line":226,"column":68}},"92":{"start":{"line":227,"column":29},"end":{"line":227,"column":72}},"93":{"start":{"line":228,"column":25},"end":{"line":228,"column":61}},"94":{"start":{"line":229,"column":27},"end":{"line":229,"column":65}},"95":{"start":{"line":230,"column":20},"end":{"line":230,"column":54}},"96":{"start":{"line":231,"column":4},"end":{"line":236,"column":5}},"97":{"start":{"line":232,"column":29},"end":{"line":232,"column":84}},"98":{"start":{"line":233,"column":8},"end":{"line":233,"column":55}},"99":{"start":{"line":234,"column":8},"end":{"line":234,"column":58}},"100":{"start":{"line":235,"column":8},"end":{"line":235,"column":54}},"101":{"start":{"line":237,"column":4},"end":{"line":245,"column":5}},"102":{"start":{"line":238,"column":31},"end":{"line":238,"column":88}},"103":{"start":{"line":239,"column":8},"end":{"line":239,"column":57}},"104":{"start":{"line":240,"column":8},"end":{"line":240,"column":62}},"105":{"start":{"line":241,"column":8},"end":{"line":241,"column":56}},"106":{"start":{"line":242,"column":8},"end":{"line":244,"column":9}},"107":{"start":{"line":243,"column":12},"end":{"line":243,"column":95}},"108":{"start":{"line":248,"column":0},"end":{"line":248,"column":38}},"109":{"start":{"line":249,"column":0},"end":{"line":249,"column":30}}},"fnMap":{"0":{"name":"toLanding","decl":{"start":{"line":8,"column":9},"end":{"line":8,"column":18}},"loc":{"start":{"line":8,"column":20},"end":{"line":10,"column":1}},"line":8},"1":{"name":"(anonymous_1)","decl":{"start":{"line":13,"column":4},"end":{"line":13,"column":5}},"loc":{"start":{"line":13,"column":36},"end":{"line":15,"column":5}},"line":13},"2":{"name":"(anonymous_2)","decl":{"start":{"line":17,"column":4},"end":{"line":17,"column":5}},"loc":{"start":{"line":17,"column":18},"end":{"line":114,"column":5}},"line":17},"3":{"name":"(anonymous_3)","decl":{"start":{"line":116,"column":4},"end":{"line":116,"column":5}},"loc":{"start":{"line":116,"column":54},"end":{"line":129,"column":5}},"line":116},"4":{"name":"(anonymous_4)","decl":{"start":{"line":131,"column":4},"end":{"line":131,"column":5}},"loc":{"start":{"line":131,"column":25},"end":{"line":146,"column":5}},"line":131},"5":{"name":"(anonymous_5)","decl":{"start":{"line":156,"column":44},"end":{"line":156,"column":45}},"loc":{"start":{"line":156,"column":50},"end":{"line":159,"column":1}},"line":156},"6":{"name":"populateTasks","decl":{"start":{"line":165,"column":9},"end":{"line":165,"column":22}},"loc":{"start":{"line":165,"column":24},"end":{"line":218,"column":1}},"line":165},"7":{"name":"checkEmpty","decl":{"start":{"line":225,"column":9},"end":{"line":225,"column":19}},"loc":{"start":{"line":225,"column":21},"end":{"line":246,"column":1}},"line":225}},"branchMap":{"0":{"loc":{"start":{"line":117,"column":8},"end":{"line":128,"column":9}},"type":"if","locations":[{"start":{"line":117,"column":8},"end":{"line":128,"column":9}},{"start":{"line":117,"column":8},"end":{"line":128,"column":9}}],"line":117},"1":{"loc":{"start":{"line":120,"column":13},"end":{"line":128,"column":9}},"type":"if","locations":[{"start":{"line":120,"column":13},"end":{"line":128,"column":9}},{"start":{"line":120,"column":13},"end":{"line":128,"column":9}}],"line":120},"2":{"loc":{"start":{"line":123,"column":13},"end":{"line":128,"column":9}},"type":"if","locations":[{"start":{"line":123,"column":13},"end":{"line":128,"column":9}},{"start":{"line":123,"column":13},"end":{"line":128,"column":9}}],"line":123},"3":{"loc":{"start":{"line":126,"column":13},"end":{"line":128,"column":9}},"type":"if","locations":[{"start":{"line":126,"column":13},"end":{"line":128,"column":9}},{"start":{"line":126,"column":13},"end":{"line":128,"column":9}}],"line":126},"4":{"loc":{"start":{"line":132,"column":8},"end":{"line":144,"column":9}},"type":"if","locations":[{"start":{"line":132,"column":8},"end":{"line":144,"column":9}},{"start":{"line":132,"column":8},"end":{"line":144,"column":9}}],"line":132},"5":{"loc":{"start":{"line":133,"column":12},"end":{"line":138,"column":13}},"type":"if","locations":[{"start":{"line":133,"column":12},"end":{"line":138,"column":13}},{"start":{"line":133,"column":12},"end":{"line":138,"column":13}}],"line":133},"6":{"loc":{"start":{"line":168,"column":4},"end":{"line":217,"column":5}},"type":"if","locations":[{"start":{"line":168,"column":4},"end":{"line":217,"column":5}},{"start":{"line":168,"column":4},"end":{"line":217,"column":5}}],"line":168},"7":{"loc":{"start":{"line":179,"column":12},"end":{"line":199,"column":13}},"type":"if","locations":[{"start":{"line":179,"column":12},"end":{"line":199,"column":13}},{"start":{"line":179,"column":12},"end":{"line":199,"column":13}}],"line":179},"8":{"loc":{"start":{"line":190,"column":17},"end":{"line":199,"column":13}},"type":"if","locations":[{"start":{"line":190,"column":17},"end":{"line":199,"column":13}},{"start":{"line":190,"column":17},"end":{"line":199,"column":13}}],"line":190},"9":{"loc":{"start":{"line":202,"column":8},"end":{"line":213,"column":9}},"type":"if","locations":[{"start":{"line":202,"column":8},"end":{"line":213,"column":9}},{"start":{"line":202,"column":8},"end":{"line":213,"column":9}}],"line":202},"10":{"loc":{"start":{"line":207,"column":12},"end":{"line":212,"column":13}},"type":"if","locations":[{"start":{"line":207,"column":12},"end":{"line":212,"column":13}},{"start":{"line":207,"column":12},"end":{"line":212,"column":13}}],"line":207},"11":{"loc":{"start":{"line":210,"column":17},"end":{"line":212,"column":13}},"type":"if","locations":[{"start":{"line":210,"column":17},"end":{"line":212,"column":13}},{"start":{"line":210,"column":17},"end":{"line":212,"column":13}}],"line":210},"12":{"loc":{"start":{"line":231,"column":4},"end":{"line":236,"column":5}},"type":"if","locations":[{"start":{"line":231,"column":4},"end":{"line":236,"column":5}},{"start":{"line":231,"column":4},"end":{"line":236,"column":5}}],"line":231},"13":{"loc":{"start":{"line":237,"column":4},"end":{"line":245,"column":5}},"type":"if","locations":[{"start":{"line":237,"column":4},"end":{"line":245,"column":5}},{"start":{"line":237,"column":4},"end":{"line":245,"column":5}}],"line":237},"14":{"loc":{"start":{"line":242,"column":8},"end":{"line":244,"column":9}},"type":"if","locations":[{"start":{"line":242,"column":8},"end":{"line":244,"column":9}},{"start":{"line":242,"column":8},"end":{"line":244,"column":9}}],"line":242}},"s":{"0":1,"1":1,"2":1,"3":1,"4":1,"5":1,"6":13,"7":13,"8":13,"9":13,"10":13,"11":13,"12":13,"13":13,"14":13,"15":13,"16":13,"17":13,"18":13,"19":13,"20":13,"21":13,"22":13,"23":13,"24":13,"25":13,"26":13,"27":13,"28":13,"29":13,"30":13,"31":13,"32":13,"33":13,"34":13,"35":13,"36":52,"37":13,"38":39,"39":13,"40":26,"41":13,"42":13,"43":13,"44":13,"45":8,"46":2,"47":6,"48":8,"49":5,"50":5,"51":1,"52":1,"53":0,"54":0,"55":5,"56":5,"57":5,"58":2,"59":2,"60":2,"61":3,"62":3,"63":3,"64":3,"65":3,"66":13,"67":8,"68":8,"69":8,"70":8,"71":8,"72":8,"73":5,"74":5,"75":5,"76":5,"77":5,"78":5,"79":3,"80":3,"81":3,"82":3,"83":3,"84":3,"85":2,"86":1,"87":0,"88":3,"89":3,"90":3,"91":5,"92":5,"93":5,"94":5,"95":5,"96":5,"97":3,"98":3,"99":3,"100":3,"101":5,"102":3,"103":3,"104":3,"105":3,"106":3,"107":1,"108":1,"109":1},"f":{"0":1,"1":1,"2":13,"3":52,"4":13,"5":0,"6":5,"7":5},"b":{"0":[13,39],"1":[13,26],"2":[13,13],"3":[13,0],"4":[8,5],"5":[2,6],"6":[2,3],"7":[8,5],"8":[5,0],"9":[3,0],"10":[2,1],"11":[0,1],"12":[3,2],"13":[3,2],"14":[1,2]},"_coverageSchema":"1a1c01bbd47fc00a2c39e90264f33305004495a9","hash":"5773027088d4b463bea19847d628e2e9f312f1f6"}
,"C:\\Users\\PC\\Documents\\GitHub\\cse110-w21-group20\\source\\JS\\set-up-page.js": {"path":"C:\\Users\\PC\\Documents\\GitHub\\cse110-w21-group20\\source\\JS\\set-up-page.js","statementMap":{"0":{"start":{"line":4,"column":19},"end":{"line":4,"column":21}},"1":{"start":{"line":5,"column":15},"end":{"line":5,"column":17}},"2":{"start":{"line":6,"column":16},"end":{"line":6,"column":18}},"3":{"start":{"line":7,"column":16},"end":{"line":7,"column":18}},"4":{"start":{"line":8,"column":16},"end":{"line":8,"column":17}},"5":{"start":{"line":10,"column":17},"end":{"line":10,"column":35}},"6":{"start":{"line":12,"column":16},"end":{"line":12,"column":17}},"7":{"start":{"line":13,"column":20},"end":{"line":13,"column":104}},"8":{"start":{"line":15,"column":0},"end":{"line":49,"column":3}},"9":{"start":{"line":17,"column":4},"end":{"line":17,"column":44}},"10":{"start":{"line":18,"column":4},"end":{"line":18,"column":45}},"11":{"start":{"line":23,"column":4},"end":{"line":25,"column":7}},"12":{"start":{"line":24,"column":8},"end":{"line":24,"column":20}},"13":{"start":{"line":30,"column":4},"end":{"line":32,"column":7}},"14":{"start":{"line":31,"column":8},"end":{"line":31,"column":21}},"15":{"start":{"line":36,"column":4},"end":{"line":40,"column":7}},"16":{"start":{"line":37,"column":20},"end":{"line":37,"column":69}},"17":{"start":{"line":38,"column":8},"end":{"line":38,"column":147}},"18":{"start":{"line":39,"column":8},"end":{"line":39,"column":29}},"19":{"start":{"line":44,"column":4},"end":{"line":48,"column":7}},"20":{"start":{"line":45,"column":8},"end":{"line":47,"column":11}},"21":{"start":{"line":46,"column":12},"end":{"line":46,"column":33}},"22":{"start":{"line":56,"column":8},"end":{"line":56,"column":16}},"23":{"start":{"line":57,"column":8},"end":{"line":57,"column":42}},"24":{"start":{"line":59,"column":26},"end":{"line":59,"column":55}},"25":{"start":{"line":60,"column":8},"end":{"line":60,"column":49}},"26":{"start":{"line":62,"column":21},"end":{"line":62,"column":75}},"27":{"start":{"line":63,"column":8},"end":{"line":63,"column":48}},"28":{"start":{"line":64,"column":8},"end":{"line":64,"column":27}},"29":{"start":{"line":65,"column":8},"end":{"line":65,"column":45}},"30":{"start":{"line":66,"column":8},"end":{"line":66,"column":28}},"31":{"start":{"line":68,"column":24},"end":{"line":68,"column":76}},"32":{"start":{"line":69,"column":8},"end":{"line":69,"column":49}},"33":{"start":{"line":70,"column":8},"end":{"line":70,"column":43}},"34":{"start":{"line":71,"column":8},"end":{"line":71,"column":29}},"35":{"start":{"line":72,"column":8},"end":{"line":72,"column":30}},"36":{"start":{"line":73,"column":20},"end":{"line":73,"column":60}},"37":{"start":{"line":74,"column":8},"end":{"line":74,"column":80}},"38":{"start":{"line":74,"column":19},"end":{"line":74,"column":80}},"39":{"start":{"line":76,"column":31},"end":{"line":76,"column":83}},"40":{"start":{"line":77,"column":8},"end":{"line":77,"column":59}},"41":{"start":{"line":79,"column":29},"end":{"line":79,"column":89}},"42":{"start":{"line":81,"column":28},"end":{"line":81,"column":85}},"43":{"start":{"line":82,"column":8},"end":{"line":82,"column":56}},"44":{"start":{"line":83,"column":8},"end":{"line":83,"column":41}},"45":{"start":{"line":85,"column":22},"end":{"line":85,"column":81}},"46":{"start":{"line":86,"column":8},"end":{"line":86,"column":50}},"47":{"start":{"line":87,"column":8},"end":{"line":87,"column":30}},"48":{"start":{"line":88,"column":8},"end":{"line":88,"column":26}},"49":{"start":{"line":89,"column":8},"end":{"line":89,"column":44}},"50":{"start":{"line":89,"column":29},"end":{"line":89,"column":42}},"51":{"start":{"line":90,"column":8},"end":{"line":90,"column":24}},"52":{"start":{"line":90,"column":25},"end":{"line":90,"column":41}},"53":{"start":{"line":90,"column":42},"end":{"line":90,"column":59}},"54":{"start":{"line":91,"column":8},"end":{"line":91,"column":26}},"55":{"start":{"line":93,"column":8},"end":{"line":93,"column":25}},"56":{"start":{"line":94,"column":8},"end":{"line":94,"column":26}},"57":{"start":{"line":95,"column":8},"end":{"line":95,"column":31}},"58":{"start":{"line":96,"column":8},"end":{"line":96,"column":39}},"59":{"start":{"line":97,"column":8},"end":{"line":97,"column":41}},"60":{"start":{"line":98,"column":8},"end":{"line":98,"column":31}},"61":{"start":{"line":99,"column":8},"end":{"line":99,"column":41}},"62":{"start":{"line":101,"column":8},"end":{"line":105,"column":11}},"63":{"start":{"line":102,"column":12},"end":{"line":104,"column":13}},"64":{"start":{"line":103,"column":16},"end":{"line":103,"column":68}},"65":{"start":{"line":106,"column":8},"end":{"line":108,"column":11}},"66":{"start":{"line":107,"column":12},"end":{"line":107,"column":21}},"67":{"start":{"line":109,"column":8},"end":{"line":118,"column":11}},"68":{"start":{"line":110,"column":12},"end":{"line":117,"column":13}},"69":{"start":{"line":111,"column":16},"end":{"line":111,"column":68}},"70":{"start":{"line":115,"column":16},"end":{"line":116,"column":72}},"71":{"start":{"line":115,"column":53},"end":{"line":115,"column":80}},"72":{"start":{"line":116,"column":21},"end":{"line":116,"column":72}},"73":{"start":{"line":120,"column":8},"end":{"line":122,"column":11}},"74":{"start":{"line":121,"column":12},"end":{"line":121,"column":40}},"75":{"start":{"line":124,"column":22},"end":{"line":124,"column":53}},"76":{"start":{"line":125,"column":8},"end":{"line":221,"column":10}},"77":{"start":{"line":223,"column":8},"end":{"line":223,"column":49}},"78":{"start":{"line":227,"column":8},"end":{"line":227,"column":120}},"79":{"start":{"line":230,"column":8},"end":{"line":256,"column":9}},"80":{"start":{"line":231,"column":12},"end":{"line":231,"column":39}},"81":{"start":{"line":232,"column":12},"end":{"line":232,"column":45}},"82":{"start":{"line":233,"column":12},"end":{"line":233,"column":48}},"83":{"start":{"line":235,"column":13},"end":{"line":256,"column":9}},"84":{"start":{"line":236,"column":12},"end":{"line":236,"column":57}},"85":{"start":{"line":238,"column":13},"end":{"line":256,"column":9}},"86":{"start":{"line":239,"column":12},"end":{"line":239,"column":39}},"87":{"start":{"line":241,"column":13},"end":{"line":256,"column":9}},"88":{"start":{"line":242,"column":12},"end":{"line":242,"column":55}},"89":{"start":{"line":243,"column":12},"end":{"line":243,"column":65}},"90":{"start":{"line":244,"column":12},"end":{"line":244,"column":50}},"91":{"start":{"line":246,"column":13},"end":{"line":256,"column":9}},"92":{"start":{"line":247,"column":12},"end":{"line":247,"column":28}},"93":{"start":{"line":249,"column":13},"end":{"line":256,"column":9}},"94":{"start":{"line":250,"column":12},"end":{"line":250,"column":46}},"95":{"start":{"line":251,"column":12},"end":{"line":251,"column":72}},"96":{"start":{"line":252,"column":12},"end":{"line":252,"column":66}},"97":{"start":{"line":254,"column":13},"end":{"line":256,"column":9}},"98":{"start":{"line":255,"column":12},"end":{"line":255,"column":54}},"99":{"start":{"line":260,"column":0},"end":{"line":260,"column":55}},"100":{"start":{"line":267,"column":22},"end":{"line":267,"column":51}},"101":{"start":{"line":268,"column":4},"end":{"line":268,"column":39}},"102":{"start":{"line":269,"column":4},"end":{"line":269,"column":24}},"103":{"start":{"line":272,"column":26},"end":{"line":272,"column":61}},"104":{"start":{"line":273,"column":4},"end":{"line":273,"column":55}},"105":{"start":{"line":274,"column":4},"end":{"line":274,"column":122}},"106":{"start":{"line":275,"column":4},"end":{"line":275,"column":47}},"107":{"start":{"line":277,"column":22},"end":{"line":277,"column":70}},"108":{"start":{"line":278,"column":20},"end":{"line":278,"column":47}},"109":{"start":{"line":279,"column":20},"end":{"line":279,"column":76}},"110":{"start":{"line":280,"column":16},"end":{"line":280,"column":37}},"111":{"start":{"line":283,"column":4},"end":{"line":287,"column":6}},"112":{"start":{"line":284,"column":8},"end":{"line":284,"column":49}},"113":{"start":{"line":285,"column":8},"end":{"line":285,"column":40}},"114":{"start":{"line":286,"column":8},"end":{"line":286,"column":51}},"115":{"start":{"line":288,"column":4},"end":{"line":288,"column":72}},"116":{"start":{"line":288,"column":29},"end":{"line":288,"column":71}},"117":{"start":{"line":295,"column":4},"end":{"line":295,"column":53}},"118":{"start":{"line":296,"column":4},"end":{"line":296,"column":75}},"119":{"start":{"line":297,"column":4},"end":{"line":297,"column":46}},"120":{"start":{"line":298,"column":4},"end":{"line":298,"column":23}},"121":{"start":{"line":306,"column":4},"end":{"line":308,"column":5}},"122":{"start":{"line":306,"column":17},"end":{"line":306,"column":22}},"123":{"start":{"line":307,"column":8},"end":{"line":307,"column":96}},"124":{"start":{"line":309,"column":4},"end":{"line":309,"column":30}},"125":{"start":{"line":310,"column":4},"end":{"line":310,"column":80}},"126":{"start":{"line":311,"column":4},"end":{"line":311,"column":25}},"127":{"start":{"line":318,"column":4},"end":{"line":321,"column":5}},"128":{"start":{"line":318,"column":14},"end":{"line":318,"column":15}},"129":{"start":{"line":319,"column":22},"end":{"line":319,"column":71}},"130":{"start":{"line":320,"column":8},"end":{"line":320,"column":36}},"131":{"start":{"line":328,"column":4},"end":{"line":328,"column":18}},"132":{"start":{"line":329,"column":4},"end":{"line":329,"column":18}},"133":{"start":{"line":330,"column":4},"end":{"line":337,"column":5}},"134":{"start":{"line":330,"column":17},"end":{"line":330,"column":18}},"135":{"start":{"line":331,"column":8},"end":{"line":336,"column":9}},"136":{"start":{"line":333,"column":12},"end":{"line":333,"column":90}},"137":{"start":{"line":335,"column":12},"end":{"line":335,"column":50}},"138":{"start":{"line":338,"column":4},"end":{"line":348,"column":5}},"139":{"start":{"line":340,"column":27},"end":{"line":340,"column":98}},"140":{"start":{"line":341,"column":8},"end":{"line":341,"column":170}},"141":{"start":{"line":344,"column":8},"end":{"line":344,"column":111}},"142":{"start":{"line":347,"column":8},"end":{"line":347,"column":59}},"143":{"start":{"line":356,"column":22},"end":{"line":356,"column":70}},"144":{"start":{"line":357,"column":20},"end":{"line":357,"column":47}},"145":{"start":{"line":358,"column":20},"end":{"line":358,"column":76}},"146":{"start":{"line":359,"column":16},"end":{"line":359,"column":37}},"147":{"start":{"line":361,"column":4},"end":{"line":380,"column":5}},"148":{"start":{"line":363,"column":20},"end":{"line":363,"column":41}},"149":{"start":{"line":364,"column":8},"end":{"line":364,"column":43}},"150":{"start":{"line":366,"column":22},"end":{"line":366,"column":43}},"151":{"start":{"line":367,"column":8},"end":{"line":367,"column":34}},"152":{"start":{"line":368,"column":8},"end":{"line":368,"column":45}},"153":{"start":{"line":370,"column":20},"end":{"line":370,"column":53}},"154":{"start":{"line":371,"column":8},"end":{"line":371,"column":28}},"155":{"start":{"line":372,"column":8},"end":{"line":372,"column":43}},"156":{"start":{"line":374,"column":21},"end":{"line":374,"column":54}},"157":{"start":{"line":375,"column":8},"end":{"line":375,"column":51}},"158":{"start":{"line":376,"column":8},"end":{"line":376,"column":33}},"159":{"start":{"line":378,"column":20},"end":{"line":378,"column":60}},"160":{"start":{"line":379,"column":8},"end":{"line":379,"column":34}},"161":{"start":{"line":388,"column":19},"end":{"line":388,"column":57}},"162":{"start":{"line":388,"column":43},"end":{"line":388,"column":56}},"163":{"start":{"line":389,"column":4},"end":{"line":433,"column":5}},"164":{"start":{"line":390,"column":19},"end":{"line":390,"column":21}},"165":{"start":{"line":391,"column":8},"end":{"line":422,"column":9}},"166":{"start":{"line":391,"column":21},"end":{"line":391,"column":22}},"167":{"start":{"line":392,"column":12},"end":{"line":421,"column":13}},"168":{"start":{"line":393,"column":16},"end":{"line":399,"column":17}},"169":{"start":{"line":394,"column":20},"end":{"line":398,"column":21}},"170":{"start":{"line":395,"column":24},"end":{"line":395,"column":79}},"171":{"start":{"line":396,"column":24},"end":{"line":396,"column":78}},"172":{"start":{"line":397,"column":24},"end":{"line":397,"column":30}},"173":{"start":{"line":400,"column":16},"end":{"line":416,"column":17}},"174":{"start":{"line":401,"column":37},"end":{"line":401,"column":77}},"175":{"start":{"line":402,"column":20},"end":{"line":402,"column":64}},"176":{"start":{"line":403,"column":20},"end":{"line":403,"column":73}},"177":{"start":{"line":404,"column":20},"end":{"line":404,"column":74}},"178":{"start":{"line":405,"column":20},"end":{"line":405,"column":75}},"179":{"start":{"line":406,"column":20},"end":{"line":406,"column":62}},"180":{"start":{"line":407,"column":20},"end":{"line":407,"column":92}},"181":{"start":{"line":410,"column":32},"end":{"line":410,"column":72}},"182":{"start":{"line":411,"column":20},"end":{"line":411,"column":69}},"183":{"start":{"line":412,"column":20},"end":{"line":412,"column":74}},"184":{"start":{"line":413,"column":20},"end":{"line":413,"column":68}},"185":{"start":{"line":414,"column":20},"end":{"line":414,"column":57}},"186":{"start":{"line":415,"column":20},"end":{"line":415,"column":93}},"187":{"start":{"line":417,"column":16},"end":{"line":417,"column":47}},"188":{"start":{"line":420,"column":16},"end":{"line":420,"column":40}},"189":{"start":{"line":423,"column":8},"end":{"line":423,"column":72}},"190":{"start":{"line":424,"column":8},"end":{"line":424,"column":64}},"191":{"start":{"line":425,"column":8},"end":{"line":425,"column":73}},"192":{"start":{"line":426,"column":8},"end":{"line":426,"column":73}},"193":{"start":{"line":427,"column":8},"end":{"line":427,"column":27}},"194":{"start":{"line":428,"column":8},"end":{"line":428,"column":19}},"195":{"start":{"line":429,"column":8},"end":{"line":429,"column":29}},"196":{"start":{"line":432,"column":8},"end":{"line":432,"column":65}},"197":{"start":{"line":443,"column":4},"end":{"line":443,"column":99}},"198":{"start":{"line":454,"column":4},"end":{"line":454,"column":60}},"199":{"start":{"line":455,"column":4},"end":{"line":455,"column":25}},"200":{"start":{"line":459,"column":0},"end":{"line":459,"column":42}},"201":{"start":{"line":460,"column":0},"end":{"line":460,"column":44}},"202":{"start":{"line":461,"column":0},"end":{"line":461,"column":48}},"203":{"start":{"line":462,"column":0},"end":{"line":462,"column":32}},"204":{"start":{"line":463,"column":0},"end":{"line":463,"column":30}},"205":{"start":{"line":464,"column":0},"end":{"line":464,"column":34}},"206":{"start":{"line":465,"column":0},"end":{"line":465,"column":40}},"207":{"start":{"line":466,"column":0},"end":{"line":466,"column":24}},"208":{"start":{"line":467,"column":0},"end":{"line":467,"column":36}}},"fnMap":{"0":{"name":"(anonymous_0)","decl":{"start":{"line":15,"column":44},"end":{"line":15,"column":45}},"loc":{"start":{"line":15,"column":50},"end":{"line":49,"column":1}},"line":15},"1":{"name":"(anonymous_1)","decl":{"start":{"line":23,"column":63},"end":{"line":23,"column":64}},"loc":{"start":{"line":23,"column":67},"end":{"line":25,"column":5}},"line":23},"2":{"name":"(anonymous_2)","decl":{"start":{"line":30,"column":64},"end":{"line":30,"column":65}},"loc":{"start":{"line":30,"column":68},"end":{"line":32,"column":5}},"line":30},"3":{"name":"(anonymous_3)","decl":{"start":{"line":36,"column":75},"end":{"line":36,"column":76}},"loc":{"start":{"line":36,"column":79},"end":{"line":40,"column":5}},"line":36},"4":{"name":"(anonymous_4)","decl":{"start":{"line":44,"column":28},"end":{"line":44,"column":29}},"loc":{"start":{"line":44,"column":34},"end":{"line":48,"column":5}},"line":44},"5":{"name":"(anonymous_5)","decl":{"start":{"line":45,"column":64},"end":{"line":45,"column":65}},"loc":{"start":{"line":45,"column":68},"end":{"line":47,"column":9}},"line":45},"6":{"name":"(anonymous_6)","decl":{"start":{"line":55,"column":4},"end":{"line":55,"column":5}},"loc":{"start":{"line":55,"column":17},"end":{"line":224,"column":5}},"line":55},"7":{"name":"(anonymous_7)","decl":{"start":{"line":89,"column":24},"end":{"line":89,"column":25}},"loc":{"start":{"line":89,"column":28},"end":{"line":89,"column":43}},"line":89},"8":{"name":"(anonymous_8)","decl":{"start":{"line":101,"column":39},"end":{"line":101,"column":40}},"loc":{"start":{"line":101,"column":43},"end":{"line":105,"column":9}},"line":101},"9":{"name":"(anonymous_9)","decl":{"start":{"line":106,"column":42},"end":{"line":106,"column":43}},"loc":{"start":{"line":106,"column":46},"end":{"line":108,"column":9}},"line":106},"10":{"name":"(anonymous_10)","decl":{"start":{"line":109,"column":40},"end":{"line":109,"column":41}},"loc":{"start":{"line":109,"column":44},"end":{"line":118,"column":9}},"line":109},"11":{"name":"(anonymous_11)","decl":{"start":{"line":120,"column":47},"end":{"line":120,"column":48}},"loc":{"start":{"line":120,"column":51},"end":{"line":122,"column":9}},"line":120},"12":{"name":"(anonymous_12)","decl":{"start":{"line":226,"column":4},"end":{"line":226,"column":5}},"loc":{"start":{"line":226,"column":36},"end":{"line":228,"column":5}},"line":226},"13":{"name":"(anonymous_13)","decl":{"start":{"line":229,"column":4},"end":{"line":229,"column":5}},"loc":{"start":{"line":229,"column":54},"end":{"line":257,"column":5}},"line":229},"14":{"name":"record","decl":{"start":{"line":265,"column":9},"end":{"line":265,"column":15}},"loc":{"start":{"line":265,"column":17},"end":{"line":289,"column":1}},"line":265},"15":{"name":"(anonymous_15)","decl":{"start":{"line":283,"column":27},"end":{"line":283,"column":28}},"loc":{"start":{"line":283,"column":39},"end":{"line":287,"column":5}},"line":283},"16":{"name":"(anonymous_16)","decl":{"start":{"line":288,"column":24},"end":{"line":288,"column":25}},"loc":{"start":{"line":288,"column":29},"end":{"line":288,"column":71}},"line":288},"17":{"name":"recordingEnd","decl":{"start":{"line":294,"column":9},"end":{"line":294,"column":21}},"loc":{"start":{"line":294,"column":51},"end":{"line":299,"column":1}},"line":294},"18":{"name":"deleteComponent","decl":{"start":{"line":305,"column":9},"end":{"line":305,"column":24}},"loc":{"start":{"line":305,"column":31},"end":{"line":312,"column":1}},"line":305},"19":{"name":"setup_localStore","decl":{"start":{"line":317,"column":9},"end":{"line":317,"column":25}},"loc":{"start":{"line":317,"column":27},"end":{"line":322,"column":1}},"line":317},"20":{"name":"calculateTotalTime","decl":{"start":{"line":327,"column":9},"end":{"line":327,"column":27}},"loc":{"start":{"line":327,"column":29},"end":{"line":349,"column":1}},"line":327},"21":{"name":"createTask","decl":{"start":{"line":355,"column":9},"end":{"line":355,"column":19}},"loc":{"start":{"line":355,"column":21},"end":{"line":381,"column":1}},"line":355},"22":{"name":"exitSetUp","decl":{"start":{"line":387,"column":9},"end":{"line":387,"column":18}},"loc":{"start":{"line":387,"column":20},"end":{"line":434,"column":1}},"line":387},"23":{"name":"(anonymous_23)","decl":{"start":{"line":388,"column":35},"end":{"line":388,"column":36}},"loc":{"start":{"line":388,"column":43},"end":{"line":388,"column":56}},"line":388},"24":{"name":"setTaskName","decl":{"start":{"line":442,"column":9},"end":{"line":442,"column":20}},"loc":{"start":{"line":442,"column":29},"end":{"line":444,"column":1}},"line":442},"25":{"name":"updateTaskList","decl":{"start":{"line":453,"column":9},"end":{"line":453,"column":23}},"loc":{"start":{"line":453,"column":43},"end":{"line":456,"column":1}},"line":453}},"branchMap":{"0":{"loc":{"start":{"line":38,"column":70},"end":{"line":38,"column":146}},"type":"cond-expr","locations":[{"start":{"line":38,"column":83},"end":{"line":38,"column":88}},{"start":{"line":38,"column":91},"end":{"line":38,"column":146}}],"line":38},"1":{"loc":{"start":{"line":38,"column":91},"end":{"line":38,"column":146}},"type":"cond-expr","locations":[{"start":{"line":38,"column":104},"end":{"line":38,"column":109}},{"start":{"line":38,"column":112},"end":{"line":38,"column":146}}],"line":38},"2":{"loc":{"start":{"line":38,"column":112},"end":{"line":38,"column":146}},"type":"cond-expr","locations":[{"start":{"line":38,"column":125},"end":{"line":38,"column":130}},{"start":{"line":38,"column":134},"end":{"line":38,"column":146}}],"line":38},"3":{"loc":{"start":{"line":74,"column":8},"end":{"line":74,"column":80}},"type":"if","locations":[{"start":{"line":74,"column":8},"end":{"line":74,"column":80}},{"start":{"line":74,"column":8},"end":{"line":74,"column":80}}],"line":74},"4":{"loc":{"start":{"line":74,"column":19},"end":{"line":74,"column":79}},"type":"cond-expr","locations":[{"start":{"line":74,"column":40},"end":{"line":74,"column":74}},{"start":{"line":74,"column":77},"end":{"line":74,"column":79}}],"line":74},"5":{"loc":{"start":{"line":102,"column":12},"end":{"line":104,"column":13}},"type":"if","locations":[{"start":{"line":102,"column":12},"end":{"line":104,"column":13}},{"start":{"line":102,"column":12},"end":{"line":104,"column":13}}],"line":102},"6":{"loc":{"start":{"line":110,"column":12},"end":{"line":117,"column":13}},"type":"if","locations":[{"start":{"line":110,"column":12},"end":{"line":117,"column":13}},{"start":{"line":110,"column":12},"end":{"line":117,"column":13}}],"line":110},"7":{"loc":{"start":{"line":115,"column":16},"end":{"line":116,"column":72}},"type":"if","locations":[{"start":{"line":115,"column":16},"end":{"line":116,"column":72}},{"start":{"line":115,"column":16},"end":{"line":116,"column":72}}],"line":115},"8":{"loc":{"start":{"line":230,"column":8},"end":{"line":256,"column":9}},"type":"if","locations":[{"start":{"line":230,"column":8},"end":{"line":256,"column":9}},{"start":{"line":230,"column":8},"end":{"line":256,"column":9}}],"line":230},"9":{"loc":{"start":{"line":235,"column":13},"end":{"line":256,"column":9}},"type":"if","locations":[{"start":{"line":235,"column":13},"end":{"line":256,"column":9}},{"start":{"line":235,"column":13},"end":{"line":256,"column":9}}],"line":235},"10":{"loc":{"start":{"line":238,"column":13},"end":{"line":256,"column":9}},"type":"if","locations":[{"start":{"line":238,"column":13},"end":{"line":256,"column":9}},{"start":{"line":238,"column":13},"end":{"line":256,"column":9}}],"line":238},"11":{"loc":{"start":{"line":241,"column":13},"end":{"line":256,"column":9}},"type":"if","locations":[{"start":{"line":241,"column":13},"end":{"line":256,"column":9}},{"start":{"line":241,"column":13},"end":{"line":256,"column":9}}],"line":241},"12":{"loc":{"start":{"line":246,"column":13},"end":{"line":256,"column":9}},"type":"if","locations":[{"start":{"line":246,"column":13},"end":{"line":256,"column":9}},{"start":{"line":246,"column":13},"end":{"line":256,"column":9}}],"line":246},"13":{"loc":{"start":{"line":249,"column":13},"end":{"line":256,"column":9}},"type":"if","locations":[{"start":{"line":249,"column":13},"end":{"line":256,"column":9}},{"start":{"line":249,"column":13},"end":{"line":256,"column":9}}],"line":249},"14":{"loc":{"start":{"line":254,"column":13},"end":{"line":256,"column":9}},"type":"if","locations":[{"start":{"line":254,"column":13},"end":{"line":256,"column":9}},{"start":{"line":254,"column":13},"end":{"line":256,"column":9}}],"line":254},"15":{"loc":{"start":{"line":274,"column":72},"end":{"line":274,"column":121}},"type":"cond-expr","locations":[{"start":{"line":274,"column":96},"end":{"line":274,"column":103}},{"start":{"line":274,"column":106},"end":{"line":274,"column":121}}],"line":274},"16":{"loc":{"start":{"line":331,"column":8},"end":{"line":336,"column":9}},"type":"if","locations":[{"start":{"line":331,"column":8},"end":{"line":336,"column":9}},{"start":{"line":331,"column":8},"end":{"line":336,"column":9}}],"line":331},"17":{"loc":{"start":{"line":338,"column":4},"end":{"line":348,"column":5}},"type":"if","locations":[{"start":{"line":338,"column":4},"end":{"line":348,"column":5}},{"start":{"line":338,"column":4},"end":{"line":348,"column":5}}],"line":338},"18":{"loc":{"start":{"line":361,"column":4},"end":{"line":380,"column":5}},"type":"if","locations":[{"start":{"line":361,"column":4},"end":{"line":380,"column":5}},{"start":{"line":361,"column":4},"end":{"line":380,"column":5}}],"line":361},"19":{"loc":{"start":{"line":361,"column":8},"end":{"line":361,"column":45}},"type":"binary-expr","locations":[{"start":{"line":361,"column":8},"end":{"line":361,"column":20}},{"start":{"line":361,"column":24},"end":{"line":361,"column":45}}],"line":361},"20":{"loc":{"start":{"line":389,"column":4},"end":{"line":433,"column":5}},"type":"if","locations":[{"start":{"line":389,"column":4},"end":{"line":433,"column":5}},{"start":{"line":389,"column":4},"end":{"line":433,"column":5}}],"line":389},"21":{"loc":{"start":{"line":389,"column":8},"end":{"line":389,"column":42}},"type":"binary-expr","locations":[{"start":{"line":389,"column":8},"end":{"line":389,"column":23}},{"start":{"line":389,"column":27},"end":{"line":389,"column":42}}],"line":389},"22":{"loc":{"start":{"line":392,"column":12},"end":{"line":421,"column":13}},"type":"if","locations":[{"start":{"line":392,"column":12},"end":{"line":421,"column":13}},{"start":{"line":392,"column":12},"end":{"line":421,"column":13}}],"line":392},"23":{"loc":{"start":{"line":394,"column":20},"end":{"line":398,"column":21}},"type":"if","locations":[{"start":{"line":394,"column":20},"end":{"line":398,"column":21}},{"start":{"line":394,"column":20},"end":{"line":398,"column":21}}],"line":394},"24":{"loc":{"start":{"line":395,"column":24},"end":{"line":395,"column":78}},"type":"cond-expr","locations":[{"start":{"line":395,"column":40},"end":{"line":395,"column":58}},{"start":{"line":395,"column":61},"end":{"line":395,"column":78}}],"line":395},"25":{"loc":{"start":{"line":400,"column":16},"end":{"line":416,"column":17}},"type":"if","locations":[{"start":{"line":400,"column":16},"end":{"line":416,"column":17}},{"start":{"line":400,"column":16},"end":{"line":416,"column":17}}],"line":400},"26":{"loc":{"start":{"line":454,"column":23},"end":{"line":454,"column":39}},"type":"cond-expr","locations":[{"start":{"line":454,"column":30},"end":{"line":454,"column":34}},{"start":{"line":454,"column":37},"end":{"line":454,"column":39}}],"line":454},"27":{"loc":{"start":{"line":454,"column":41},"end":{"line":454,"column":58}},"type":"cond-expr","locations":[{"start":{"line":454,"column":49},"end":{"line":454,"column":54}},{"start":{"line":454,"column":57},"end":{"line":454,"column":58}}],"line":454}},"s":{"0":1,"1":1,"2":1,"3":1,"4":1,"5":1,"6":1,"7":1,"8":1,"9":0,"10":0,"11":0,"12":0,"13":0,"14":0,"15":0,"16":0,"17":0,"18":0,"19":0,"20":0,"21":0,"22":13,"23":13,"24":13,"25":13,"26":13,"27":13,"28":13,"29":13,"30":13,"31":13,"32":13,"33":13,"34":13,"35":13,"36":13,"37":13,"38":0,"39":13,"40":13,"41":13,"42":13,"43":13,"44":13,"45":13,"46":13,"47":13,"48":13,"49":13,"50":0,"51":13,"52":13,"53":13,"54":13,"55":13,"56":13,"57":13,"58":13,"59":13,"60":13,"61":13,"62":13,"63":0,"64":0,"65":13,"66":0,"67":13,"68":0,"69":0,"70":0,"71":0,"72":0,"73":13,"74":0,"75":13,"76":13,"77":13,"78":1,"79":15,"80":1,"81":1,"82":1,"83":14,"84":2,"85":12,"86":7,"87":5,"88":2,"89":2,"90":2,"91":3,"92":1,"93":2,"94":1,"95":1,"96":1,"97":1,"98":1,"99":1,"100":2,"101":2,"102":2,"103":2,"104":2,"105":2,"106":2,"107":2,"108":2,"109":2,"110":2,"111":2,"112":0,"113":0,"114":0,"115":2,"116":0,"117":2,"118":2,"119":2,"120":2,"121":1,"122":1,"123":1,"124":1,"125":1,"126":1,"127":2,"128":2,"129":8,"130":8,"131":6,"132":6,"133":6,"134":6,"135":21,"136":5,"137":5,"138":6,"139":4,"140":4,"141":4,"142":2,"143":2,"144":2,"145":2,"146":2,"147":2,"148":2,"149":2,"150":2,"151":2,"152":2,"153":2,"154":2,"155":2,"156":2,"157":2,"158":2,"159":2,"160":2,"161":2,"162":10,"163":2,"164":1,"165":1,"166":1,"167":8,"168":2,"169":1,"170":1,"171":1,"172":1,"173":2,"174":1,"175":1,"176":1,"177":1,"178":1,"179":1,"180":1,"181":1,"182":1,"183":1,"184":1,"185":1,"186":1,"187":2,"188":6,"189":1,"190":1,"191":1,"192":1,"193":1,"194":1,"195":1,"196":1,"197":5,"198":4,"199":4,"200":1,"201":1,"202":1,"203":1,"204":1,"205":1,"206":1,"207":1,"208":1},"f":{"0":0,"1":0,"2":0,"3":0,"4":0,"5":0,"6":13,"7":0,"8":0,"9":0,"10":0,"11":0,"12":1,"13":15,"14":2,"15":0,"16":0,"17":2,"18":1,"19":2,"20":6,"21":2,"22":2,"23":10,"24":5,"25":4},"b":{"0":[0,0],"1":[0,0],"2":[0,0],"3":[0,13],"4":[0,0],"5":[0,0],"6":[0,0],"7":[0,0],"8":[1,14],"9":[2,12],"10":[7,5],"11":[2,3],"12":[1,2],"13":[1,1],"14":[1,0],"15":[1,1],"16":[5,16],"17":[4,2],"18":[2,0],"19":[2,2],"20":[1,1],"21":[2,2],"22":[2,6],"23":[1,0],"24":[0,1],"25":[1,1],"26":[3,1],"27":[4,0]},"_coverageSchema":"1a1c01bbd47fc00a2c39e90264f33305004495a9","hash":"ab74a12037210ffeec7838d7b28006ec5d24dedb"}
}
