{"C:\\Users\\Ari Cortes\\Desktop\\CSE 110\\cse110-w21-group20\\source\\JS\\active-break-pages.js": {"path":"C:\\Users\\Ari Cortes\\Desktop\\CSE 110\\cse110-w21-group20\\source\\JS\\active-break-pages.js","statementMap":{"0":{"start":{"line":5,"column":21},"end":{"line":5,"column":59}},"1":{"start":{"line":6,"column":17},"end":{"line":6,"column":20}},"2":{"start":{"line":10,"column":20},"end":{"line":10,"column":59}},"3":{"start":{"line":13,"column":13},"end":{"line":13,"column":44}},"4":{"start":{"line":14,"column":14},"end":{"line":14,"column":46}},"5":{"start":{"line":15,"column":13},"end":{"line":15,"column":44}},"6":{"start":{"line":20,"column":17},"end":{"line":20,"column":18}},"7":{"start":{"line":21,"column":21},"end":{"line":21,"column":22}},"8":{"start":{"line":22,"column":20},"end":{"line":22,"column":22}},"9":{"start":{"line":23,"column":14},"end":{"line":23,"column":24}},"10":{"start":{"line":25,"column":25},"end":{"line":25,"column":26}},"11":{"start":{"line":26,"column":23},"end":{"line":26,"column":24}},"12":{"start":{"line":32,"column":21},"end":{"line":32,"column":25}},"13":{"start":{"line":33,"column":19},"end":{"line":33,"column":20}},"14":{"start":{"line":36,"column":17},"end":{"line":36,"column":19}},"15":{"start":{"line":37,"column":16},"end":{"line":37,"column":17}},"16":{"start":{"line":39,"column":20},"end":{"line":39,"column":22}},"17":{"start":{"line":41,"column":0},"end":{"line":61,"column":3}},"18":{"start":{"line":47,"column":4},"end":{"line":49,"column":7}},"19":{"start":{"line":48,"column":8},"end":{"line":48,"column":22}},"20":{"start":{"line":57,"column":4},"end":{"line":59,"column":7}},"21":{"start":{"line":58,"column":8},"end":{"line":58,"column":21}},"22":{"start":{"line":67,"column":4},"end":{"line":70,"column":5}},"23":{"start":{"line":68,"column":8},"end":{"line":68,"column":41}},"24":{"start":{"line":69,"column":8},"end":{"line":69,"column":21}},"25":{"start":{"line":76,"column":4},"end":{"line":83,"column":5}},"26":{"start":{"line":77,"column":8},"end":{"line":77,"column":41}},"27":{"start":{"line":78,"column":8},"end":{"line":81,"column":9}},"28":{"start":{"line":79,"column":12},"end":{"line":79,"column":34}},"29":{"start":{"line":80,"column":12},"end":{"line":80,"column":60}},"30":{"start":{"line":82,"column":8},"end":{"line":82,"column":21}},"31":{"start":{"line":96,"column":15},"end":{"line":96,"column":51}},"32":{"start":{"line":97,"column":4},"end":{"line":107,"column":5}},"33":{"start":{"line":98,"column":8},"end":{"line":98,"column":20}},"34":{"start":{"line":101,"column":8},"end":{"line":105,"column":9}},"35":{"start":{"line":102,"column":12},"end":{"line":102,"column":99}},"36":{"start":{"line":102,"column":47},"end":{"line":102,"column":97}},"37":{"start":{"line":103,"column":12},"end":{"line":103,"column":26}},"38":{"start":{"line":104,"column":12},"end":{"line":104,"column":31}},"39":{"start":{"line":106,"column":8},"end":{"line":106,"column":24}},"40":{"start":{"line":108,"column":4},"end":{"line":111,"column":5}},"41":{"start":{"line":109,"column":8},"end":{"line":109,"column":60}},"42":{"start":{"line":110,"column":8},"end":{"line":110,"column":21}},"43":{"start":{"line":114,"column":4},"end":{"line":114,"column":129}},"44":{"start":{"line":117,"column":4},"end":{"line":117,"column":32}},"45":{"start":{"line":120,"column":4},"end":{"line":120,"column":16}},"46":{"start":{"line":123,"column":4},"end":{"line":123,"column":24}},"47":{"start":{"line":126,"column":4},"end":{"line":126,"column":15}},"48":{"start":{"line":129,"column":4},"end":{"line":131,"column":12}},"49":{"start":{"line":130,"column":8},"end":{"line":130,"column":20}},"50":{"start":{"line":138,"column":4},"end":{"line":138,"column":19}},"51":{"start":{"line":139,"column":4},"end":{"line":139,"column":17}},"52":{"start":{"line":140,"column":4},"end":{"line":140,"column":78}},"53":{"start":{"line":141,"column":4},"end":{"line":141,"column":82}},"54":{"start":{"line":141,"column":20},"end":{"line":141,"column":82}},"55":{"start":{"line":142,"column":4},"end":{"line":149,"column":5}},"56":{"start":{"line":143,"column":8},"end":{"line":143,"column":112}},"57":{"start":{"line":144,"column":8},"end":{"line":144,"column":32}},"58":{"start":{"line":147,"column":8},"end":{"line":147,"column":232}},"59":{"start":{"line":148,"column":8},"end":{"line":148,"column":31}},"60":{"start":{"line":159,"column":4},"end":{"line":159,"column":25}},"61":{"start":{"line":160,"column":4},"end":{"line":160,"column":30}},"62":{"start":{"line":161,"column":4},"end":{"line":163,"column":12}},"63":{"start":{"line":162,"column":7},"end":{"line":162,"column":31}},"64":{"start":{"line":169,"column":4},"end":{"line":216,"column":5}},"65":{"start":{"line":171,"column":8},"end":{"line":171,"column":70}},"66":{"start":{"line":172,"column":8},"end":{"line":172,"column":71}},"67":{"start":{"line":173,"column":8},"end":{"line":173,"column":57}},"68":{"start":{"line":174,"column":8},"end":{"line":174,"column":28}},"69":{"start":{"line":177,"column":9},"end":{"line":216,"column":5}},"70":{"start":{"line":179,"column":8},"end":{"line":207,"column":9}},"71":{"start":{"line":181,"column":23},"end":{"line":181,"column":82}},"72":{"start":{"line":182,"column":12},"end":{"line":206,"column":13}},"73":{"start":{"line":184,"column":16},"end":{"line":184,"column":85}},"74":{"start":{"line":185,"column":32},"end":{"line":185,"column":72}},"75":{"start":{"line":186,"column":16},"end":{"line":186,"column":69}},"76":{"start":{"line":187,"column":16},"end":{"line":187,"column":69}},"77":{"start":{"line":188,"column":16},"end":{"line":188,"column":68}},"78":{"start":{"line":189,"column":16},"end":{"line":189,"column":57}},"79":{"start":{"line":190,"column":16},"end":{"line":190,"column":91}},"80":{"start":{"line":191,"column":16},"end":{"line":191,"column":51}},"81":{"start":{"line":192,"column":16},"end":{"line":192,"column":38}},"82":{"start":{"line":195,"column":30},"end":{"line":195,"column":95}},"83":{"start":{"line":196,"column":16},"end":{"line":205,"column":17}},"84":{"start":{"line":197,"column":20},"end":{"line":197,"column":95}},"85":{"start":{"line":198,"column":34},"end":{"line":198,"column":74}},"86":{"start":{"line":199,"column":20},"end":{"line":199,"column":61}},"87":{"start":{"line":200,"column":20},"end":{"line":200,"column":70}},"88":{"start":{"line":201,"column":20},"end":{"line":201,"column":71}},"89":{"start":{"line":202,"column":20},"end":{"line":202,"column":72}},"90":{"start":{"line":203,"column":20},"end":{"line":203,"column":59}},"91":{"start":{"line":204,"column":20},"end":{"line":204,"column":89}},"92":{"start":{"line":209,"column":8},"end":{"line":209,"column":16}},"93":{"start":{"line":210,"column":8},"end":{"line":210,"column":72}},"94":{"start":{"line":211,"column":8},"end":{"line":211,"column":69}},"95":{"start":{"line":212,"column":8},"end":{"line":212,"column":73}},"96":{"start":{"line":213,"column":8},"end":{"line":213,"column":29}},"97":{"start":{"line":214,"column":8},"end":{"line":214,"column":58}},"98":{"start":{"line":224,"column":15},"end":{"line":224,"column":39}},"99":{"start":{"line":225,"column":15},"end":{"line":225,"column":27}},"100":{"start":{"line":226,"column":4},"end":{"line":226,"column":61}},"101":{"start":{"line":227,"column":4},"end":{"line":227,"column":61}},"102":{"start":{"line":228,"column":4},"end":{"line":235,"column":5}},"103":{"start":{"line":229,"column":8},"end":{"line":229,"column":71}},"104":{"start":{"line":230,"column":8},"end":{"line":230,"column":61}},"105":{"start":{"line":232,"column":9},"end":{"line":235,"column":5}},"106":{"start":{"line":233,"column":8},"end":{"line":233,"column":76}},"107":{"start":{"line":234,"column":8},"end":{"line":234,"column":60}},"108":{"start":{"line":244,"column":4},"end":{"line":244,"column":34}},"109":{"start":{"line":244,"column":16},"end":{"line":244,"column":34}},"110":{"start":{"line":245,"column":4},"end":{"line":245,"column":17}},"111":{"start":{"line":246,"column":4},"end":{"line":258,"column":5}},"112":{"start":{"line":246,"column":26},"end":{"line":246,"column":47}},"113":{"start":{"line":248,"column":8},"end":{"line":257,"column":9}},"114":{"start":{"line":249,"column":12},"end":{"line":249,"column":33}},"115":{"start":{"line":250,"column":12},"end":{"line":250,"column":36}},"116":{"start":{"line":251,"column":12},"end":{"line":251,"column":73}},"117":{"start":{"line":254,"column":12},"end":{"line":254,"column":31}},"118":{"start":{"line":255,"column":12},"end":{"line":255,"column":37}},"119":{"start":{"line":256,"column":12},"end":{"line":256,"column":74}},"120":{"start":{"line":259,"column":4},"end":{"line":259,"column":26}},"121":{"start":{"line":260,"column":4},"end":{"line":260,"column":66}},"122":{"start":{"line":261,"column":4},"end":{"line":261,"column":63}},"123":{"start":{"line":270,"column":4},"end":{"line":270,"column":25}},"124":{"start":{"line":271,"column":4},"end":{"line":271,"column":30}},"125":{"start":{"line":272,"column":17},"end":{"line":272,"column":19}},"126":{"start":{"line":274,"column":4},"end":{"line":283,"column":5}},"127":{"start":{"line":274,"column":17},"end":{"line":274,"column":18}},"128":{"start":{"line":275,"column":22},"end":{"line":275,"column":24}},"129":{"start":{"line":276,"column":8},"end":{"line":276,"column":23}},"130":{"start":{"line":277,"column":8},"end":{"line":277,"column":51}},"131":{"start":{"line":278,"column":8},"end":{"line":278,"column":98}},"132":{"start":{"line":279,"column":8},"end":{"line":279,"column":62}},"133":{"start":{"line":280,"column":8},"end":{"line":280,"column":82}},"134":{"start":{"line":281,"column":8},"end":{"line":281,"column":53}},"135":{"start":{"line":282,"column":8},"end":{"line":282,"column":29}},"136":{"start":{"line":284,"column":4},"end":{"line":284,"column":65}},"137":{"start":{"line":285,"column":4},"end":{"line":285,"column":66}},"138":{"start":{"line":286,"column":4},"end":{"line":286,"column":65}},"139":{"start":{"line":287,"column":4},"end":{"line":287,"column":57}},"140":{"start":{"line":296,"column":4},"end":{"line":296,"column":107}},"141":{"start":{"line":297,"column":4},"end":{"line":297,"column":70}},"142":{"start":{"line":305,"column":4},"end":{"line":310,"column":5}},"143":{"start":{"line":306,"column":8},"end":{"line":306,"column":21}},"144":{"start":{"line":309,"column":8},"end":{"line":309,"column":41}},"145":{"start":{"line":311,"column":4},"end":{"line":313,"column":5}},"146":{"start":{"line":312,"column":8},"end":{"line":312,"column":46}},"147":{"start":{"line":314,"column":4},"end":{"line":319,"column":5}},"148":{"start":{"line":315,"column":8},"end":{"line":315,"column":27}},"149":{"start":{"line":318,"column":8},"end":{"line":318,"column":45}},"150":{"start":{"line":320,"column":4},"end":{"line":325,"column":5}},"151":{"start":{"line":321,"column":8},"end":{"line":321,"column":28}},"152":{"start":{"line":324,"column":8},"end":{"line":324,"column":45}},"153":{"start":{"line":334,"column":4},"end":{"line":334,"column":16}},"154":{"start":{"line":335,"column":4},"end":{"line":335,"column":14}},"155":{"start":{"line":339,"column":4},"end":{"line":339,"column":25}},"156":{"start":{"line":342,"column":0},"end":{"line":342,"column":28}},"157":{"start":{"line":343,"column":0},"end":{"line":343,"column":28}},"158":{"start":{"line":344,"column":0},"end":{"line":344,"column":32}},"159":{"start":{"line":345,"column":0},"end":{"line":345,"column":22}},"160":{"start":{"line":346,"column":0},"end":{"line":346,"column":38}},"161":{"start":{"line":347,"column":0},"end":{"line":347,"column":40}},"162":{"start":{"line":348,"column":0},"end":{"line":348,"column":22}},"163":{"start":{"line":349,"column":0},"end":{"line":349,"column":32}},"164":{"start":{"line":350,"column":0},"end":{"line":350,"column":32}},"165":{"start":{"line":351,"column":0},"end":{"line":351,"column":34}},"166":{"start":{"line":352,"column":0},"end":{"line":352,"column":32}},"167":{"start":{"line":353,"column":0},"end":{"line":353,"column":40}},"168":{"start":{"line":354,"column":0},"end":{"line":354,"column":36}}},"fnMap":{"0":{"name":"(anonymous_0)","decl":{"start":{"line":41,"column":44},"end":{"line":41,"column":45}},"loc":{"start":{"line":41,"column":50},"end":{"line":61,"column":1}},"line":41},"1":{"name":"(anonymous_1)","decl":{"start":{"line":47,"column":43},"end":{"line":47,"column":44}},"loc":{"start":{"line":47,"column":47},"end":{"line":49,"column":5}},"line":47},"2":{"name":"(anonymous_2)","decl":{"start":{"line":57,"column":42},"end":{"line":57,"column":43}},"loc":{"start":{"line":57,"column":46},"end":{"line":59,"column":5}},"line":57},"3":{"name":"abortActive","decl":{"start":{"line":66,"column":9},"end":{"line":66,"column":20}},"loc":{"start":{"line":66,"column":22},"end":{"line":71,"column":1}},"line":66},"4":{"name":"abortBreak","decl":{"start":{"line":75,"column":9},"end":{"line":75,"column":19}},"loc":{"start":{"line":75,"column":21},"end":{"line":84,"column":1}},"line":75},"5":{"name":"startTimer","decl":{"start":{"line":94,"column":9},"end":{"line":94,"column":19}},"loc":{"start":{"line":94,"column":25},"end":{"line":132,"column":1}},"line":94},"6":{"name":"(anonymous_6)","decl":{"start":{"line":129,"column":24},"end":{"line":129,"column":25}},"loc":{"start":{"line":129,"column":28},"end":{"line":131,"column":5}},"line":129},"7":{"name":"timer","decl":{"start":{"line":137,"column":9},"end":{"line":137,"column":14}},"loc":{"start":{"line":137,"column":20},"end":{"line":150,"column":1}},"line":137},"8":{"name":"redirectToPage","decl":{"start":{"line":158,"column":9},"end":{"line":158,"column":23}},"loc":{"start":{"line":158,"column":32},"end":{"line":164,"column":1}},"line":158},"9":{"name":"(anonymous_9)","decl":{"start":{"line":161,"column":15},"end":{"line":161,"column":16}},"loc":{"start":{"line":161,"column":25},"end":{"line":163,"column":5}},"line":161},"10":{"name":"redirectHelper","decl":{"start":{"line":168,"column":9},"end":{"line":168,"column":23}},"loc":{"start":{"line":168,"column":32},"end":{"line":217,"column":1}},"line":168},"11":{"name":"updateCounter","decl":{"start":{"line":223,"column":9},"end":{"line":223,"column":22}},"loc":{"start":{"line":223,"column":28},"end":{"line":236,"column":1}},"line":223},"12":{"name":"reset","decl":{"start":{"line":243,"column":9},"end":{"line":243,"column":14}},"loc":{"start":{"line":243,"column":20},"end":{"line":262,"column":1}},"line":243},"13":{"name":"abortTimer","decl":{"start":{"line":269,"column":9},"end":{"line":269,"column":19}},"loc":{"start":{"line":269,"column":21},"end":{"line":289,"column":1}},"line":269},"14":{"name":"setAlert","decl":{"start":{"line":295,"column":9},"end":{"line":295,"column":17}},"loc":{"start":{"line":295,"column":19},"end":{"line":298,"column":1}},"line":295},"15":{"name":"set_time","decl":{"start":{"line":304,"column":9},"end":{"line":304,"column":17}},"loc":{"start":{"line":304,"column":19},"end":{"line":326,"column":1}},"line":304},"16":{"name":"setCounter","decl":{"start":{"line":333,"column":9},"end":{"line":333,"column":19}},"loc":{"start":{"line":333,"column":25},"end":{"line":336,"column":1}},"line":333},"17":{"name":"setLongBreak","decl":{"start":{"line":338,"column":9},"end":{"line":338,"column":21}},"loc":{"start":{"line":338,"column":23},"end":{"line":340,"column":1}},"line":338}},"branchMap":{"0":{"loc":{"start":{"line":67,"column":4},"end":{"line":70,"column":5}},"type":"if","locations":[{"start":{"line":67,"column":4},"end":{"line":70,"column":5}},{"start":{"line":67,"column":4},"end":{"line":70,"column":5}}],"line":67},"1":{"loc":{"start":{"line":76,"column":4},"end":{"line":83,"column":5}},"type":"if","locations":[{"start":{"line":76,"column":4},"end":{"line":83,"column":5}},{"start":{"line":76,"column":4},"end":{"line":83,"column":5}}],"line":76},"2":{"loc":{"start":{"line":78,"column":8},"end":{"line":81,"column":9}},"type":"if","locations":[{"start":{"line":78,"column":8},"end":{"line":81,"column":9}},{"start":{"line":78,"column":8},"end":{"line":81,"column":9}}],"line":78},"3":{"loc":{"start":{"line":80,"column":23},"end":{"line":80,"column":59}},"type":"cond-expr","locations":[{"start":{"line":80,"column":37},"end":{"line":80,"column":51}},{"start":{"line":80,"column":54},"end":{"line":80,"column":59}}],"line":80},"4":{"loc":{"start":{"line":96,"column":15},"end":{"line":96,"column":51}},"type":"cond-expr","locations":[{"start":{"line":96,"column":29},"end":{"line":96,"column":43}},{"start":{"line":96,"column":46},"end":{"line":96,"column":51}}],"line":96},"5":{"loc":{"start":{"line":97,"column":4},"end":{"line":107,"column":5}},"type":"if","locations":[{"start":{"line":97,"column":4},"end":{"line":107,"column":5}},{"start":{"line":97,"column":4},"end":{"line":107,"column":5}}],"line":97},"6":{"loc":{"start":{"line":101,"column":8},"end":{"line":105,"column":9}},"type":"if","locations":[{"start":{"line":101,"column":8},"end":{"line":105,"column":9}},{"start":{"line":101,"column":8},"end":{"line":105,"column":9}}],"line":101},"7":{"loc":{"start":{"line":108,"column":4},"end":{"line":111,"column":5}},"type":"if","locations":[{"start":{"line":108,"column":4},"end":{"line":111,"column":5}},{"start":{"line":108,"column":4},"end":{"line":111,"column":5}}],"line":108},"8":{"loc":{"start":{"line":109,"column":8},"end":{"line":109,"column":59}},"type":"cond-expr","locations":[{"start":{"line":109,"column":19},"end":{"line":109,"column":51}},{"start":{"line":109,"column":54},"end":{"line":109,"column":59}}],"line":109},"9":{"loc":{"start":{"line":114,"column":4},"end":{"line":114,"column":128}},"type":"cond-expr","locations":[{"start":{"line":114,"column":31},"end":{"line":114,"column":98}},{"start":{"line":114,"column":101},"end":{"line":114,"column":128}}],"line":114},"10":{"loc":{"start":{"line":114,"column":4},"end":{"line":114,"column":28}},"type":"binary-expr","locations":[{"start":{"line":114,"column":4},"end":{"line":114,"column":20}},{"start":{"line":114,"column":24},"end":{"line":114,"column":28}}],"line":114},"11":{"loc":{"start":{"line":114,"column":101},"end":{"line":114,"column":128}},"type":"cond-expr","locations":[{"start":{"line":114,"column":108},"end":{"line":114,"column":113}},{"start":{"line":114,"column":116},"end":{"line":114,"column":128}}],"line":114},"12":{"loc":{"start":{"line":117,"column":4},"end":{"line":117,"column":31}},"type":"cond-expr","locations":[{"start":{"line":117,"column":12},"end":{"line":117,"column":24}},{"start":{"line":117,"column":27},"end":{"line":117,"column":31}}],"line":117},"13":{"loc":{"start":{"line":140,"column":4},"end":{"line":140,"column":77}},"type":"cond-expr","locations":[{"start":{"line":140,"column":19},"end":{"line":140,"column":39}},{"start":{"line":140,"column":43},"end":{"line":140,"column":76}}],"line":140},"14":{"loc":{"start":{"line":140,"column":43},"end":{"line":140,"column":76}},"type":"cond-expr","locations":[{"start":{"line":140,"column":57},"end":{"line":140,"column":68}},{"start":{"line":140,"column":71},"end":{"line":140,"column":76}}],"line":140},"15":{"loc":{"start":{"line":141,"column":4},"end":{"line":141,"column":82}},"type":"if","locations":[{"start":{"line":141,"column":4},"end":{"line":141,"column":82}},{"start":{"line":141,"column":4},"end":{"line":141,"column":82}}],"line":141},"16":{"loc":{"start":{"line":141,"column":20},"end":{"line":141,"column":81}},"type":"cond-expr","locations":[{"start":{"line":141,"column":62},"end":{"line":141,"column":73}},{"start":{"line":141,"column":76},"end":{"line":141,"column":81}}],"line":141},"17":{"loc":{"start":{"line":142,"column":4},"end":{"line":149,"column":5}},"type":"if","locations":[{"start":{"line":142,"column":4},"end":{"line":149,"column":5}},{"start":{"line":142,"column":4},"end":{"line":149,"column":5}}],"line":142},"18":{"loc":{"start":{"line":147,"column":59},"end":{"line":147,"column":231}},"type":"cond-expr","locations":[{"start":{"line":147,"column":123},"end":{"line":147,"column":175}},{"start":{"line":147,"column":178},"end":{"line":147,"column":231}}],"line":147},"19":{"loc":{"start":{"line":160,"column":4},"end":{"line":160,"column":29}},"type":"cond-expr","locations":[{"start":{"line":160,"column":11},"end":{"line":160,"column":22}},{"start":{"line":160,"column":25},"end":{"line":160,"column":29}}],"line":160},"20":{"loc":{"start":{"line":169,"column":4},"end":{"line":216,"column":5}},"type":"if","locations":[{"start":{"line":169,"column":4},"end":{"line":216,"column":5}},{"start":{"line":169,"column":4},"end":{"line":216,"column":5}}],"line":169},"21":{"loc":{"start":{"line":177,"column":9},"end":{"line":216,"column":5}},"type":"if","locations":[{"start":{"line":177,"column":9},"end":{"line":216,"column":5}},{"start":{"line":177,"column":9},"end":{"line":216,"column":5}}],"line":177},"22":{"loc":{"start":{"line":179,"column":8},"end":{"line":207,"column":9}},"type":"if","locations":[{"start":{"line":179,"column":8},"end":{"line":207,"column":9}},{"start":{"line":179,"column":8},"end":{"line":207,"column":9}}],"line":179},"23":{"loc":{"start":{"line":182,"column":12},"end":{"line":206,"column":13}},"type":"if","locations":[{"start":{"line":182,"column":12},"end":{"line":206,"column":13}},{"start":{"line":182,"column":12},"end":{"line":206,"column":13}}],"line":182},"24":{"loc":{"start":{"line":196,"column":16},"end":{"line":205,"column":17}},"type":"if","locations":[{"start":{"line":196,"column":16},"end":{"line":205,"column":17}},{"start":{"line":196,"column":16},"end":{"line":205,"column":17}}],"line":196},"25":{"loc":{"start":{"line":226,"column":11},"end":{"line":226,"column":60}},"type":"cond-expr","locations":[{"start":{"line":226,"column":23},"end":{"line":226,"column":43}},{"start":{"line":226,"column":46},"end":{"line":226,"column":60}}],"line":226},"26":{"loc":{"start":{"line":227,"column":11},"end":{"line":227,"column":60}},"type":"cond-expr","locations":[{"start":{"line":227,"column":23},"end":{"line":227,"column":43}},{"start":{"line":227,"column":46},"end":{"line":227,"column":60}}],"line":227},"27":{"loc":{"start":{"line":228,"column":4},"end":{"line":235,"column":5}},"type":"if","locations":[{"start":{"line":228,"column":4},"end":{"line":235,"column":5}},{"start":{"line":228,"column":4},"end":{"line":235,"column":5}}],"line":228},"28":{"loc":{"start":{"line":232,"column":9},"end":{"line":235,"column":5}},"type":"if","locations":[{"start":{"line":232,"column":9},"end":{"line":235,"column":5}},{"start":{"line":232,"column":9},"end":{"line":235,"column":5}}],"line":232},"29":{"loc":{"start":{"line":244,"column":4},"end":{"line":244,"column":34}},"type":"if","locations":[{"start":{"line":244,"column":4},"end":{"line":244,"column":34}},{"start":{"line":244,"column":4},"end":{"line":244,"column":34}}],"line":244},"30":{"loc":{"start":{"line":246,"column":4},"end":{"line":258,"column":5}},"type":"if","locations":[{"start":{"line":246,"column":4},"end":{"line":258,"column":5}},{"start":{"line":246,"column":4},"end":{"line":258,"column":5}}],"line":246},"31":{"loc":{"start":{"line":248,"column":8},"end":{"line":257,"column":9}},"type":"if","locations":[{"start":{"line":248,"column":8},"end":{"line":257,"column":9}},{"start":{"line":248,"column":8},"end":{"line":257,"column":9}}],"line":248},"32":{"loc":{"start":{"line":271,"column":4},"end":{"line":271,"column":29}},"type":"cond-expr","locations":[{"start":{"line":271,"column":11},"end":{"line":271,"column":22}},{"start":{"line":271,"column":25},"end":{"line":271,"column":29}}],"line":271},"33":{"loc":{"start":{"line":278,"column":30},"end":{"line":278,"column":97}},"type":"cond-expr","locations":[{"start":{"line":278,"column":63},"end":{"line":278,"column":93}},{"start":{"line":278,"column":96},"end":{"line":278,"column":97}}],"line":278},"34":{"loc":{"start":{"line":280,"column":28},"end":{"line":280,"column":81}},"type":"cond-expr","locations":[{"start":{"line":280,"column":69},"end":{"line":280,"column":73}},{"start":{"line":280,"column":76},"end":{"line":280,"column":81}}],"line":280},"35":{"loc":{"start":{"line":296,"column":17},"end":{"line":296,"column":106}},"type":"cond-expr","locations":[{"start":{"line":296,"column":94},"end":{"line":296,"column":98}},{"start":{"line":296,"column":101},"end":{"line":296,"column":106}}],"line":296},"36":{"loc":{"start":{"line":305,"column":4},"end":{"line":310,"column":5}},"type":"if","locations":[{"start":{"line":305,"column":4},"end":{"line":310,"column":5}},{"start":{"line":305,"column":4},"end":{"line":310,"column":5}}],"line":305},"37":{"loc":{"start":{"line":311,"column":4},"end":{"line":313,"column":5}},"type":"if","locations":[{"start":{"line":311,"column":4},"end":{"line":313,"column":5}},{"start":{"line":311,"column":4},"end":{"line":313,"column":5}}],"line":311},"38":{"loc":{"start":{"line":314,"column":4},"end":{"line":319,"column":5}},"type":"if","locations":[{"start":{"line":314,"column":4},"end":{"line":319,"column":5}},{"start":{"line":314,"column":4},"end":{"line":319,"column":5}}],"line":314},"39":{"loc":{"start":{"line":320,"column":4},"end":{"line":325,"column":5}},"type":"if","locations":[{"start":{"line":320,"column":4},"end":{"line":325,"column":5}},{"start":{"line":320,"column":4},"end":{"line":325,"column":5}}],"line":320}},"s":{"0":1,"1":1,"2":1,"3":1,"4":1,"5":1,"6":1,"7":1,"8":1,"9":1,"10":1,"11":1,"12":1,"13":1,"14":1,"15":1,"16":1,"17":1,"18":0,"19":0,"20":0,"21":0,"22":1,"23":1,"24":1,"25":1,"26":1,"27":1,"28":1,"29":1,"30":1,"31":6,"32":6,"33":3,"34":3,"35":1,"36":1,"37":1,"38":1,"39":3,"40":6,"41":1,"42":1,"43":6,"44":6,"45":6,"46":6,"47":6,"48":6,"49":0,"50":2,"51":2,"52":2,"53":2,"54":0,"55":2,"56":1,"57":1,"58":1,"59":1,"60":2,"61":2,"62":2,"63":0,"64":2,"65":1,"66":1,"67":1,"68":1,"69":1,"70":1,"71":1,"72":1,"73":1,"74":1,"75":1,"76":1,"77":1,"78":1,"79":1,"80":1,"81":1,"82":1,"83":1,"84":1,"85":1,"86":1,"87":1,"88":1,"89":1,"90":1,"91":1,"92":1,"93":1,"94":1,"95":1,"96":1,"97":1,"98":8,"99":8,"100":8,"101":8,"102":8,"103":4,"104":4,"105":4,"106":4,"107":4,"108":7,"109":2,"110":7,"111":7,"112":3,"113":4,"114":1,"115":1,"116":1,"117":3,"118":3,"119":3,"120":7,"121":7,"122":7,"123":3,"124":3,"125":3,"126":3,"127":3,"128":6,"129":6,"130":6,"131":6,"132":6,"133":6,"134":6,"135":6,"136":3,"137":3,"138":3,"139":3,"140":6,"141":6,"142":9,"143":0,"144":9,"145":9,"146":9,"147":9,"148":0,"149":9,"150":9,"151":0,"152":9,"153":5,"154":5,"155":1,"156":1,"157":1,"158":1,"159":1,"160":1,"161":1,"162":1,"163":1,"164":1,"165":1,"166":1,"167":1,"168":1},"f":{"0":0,"1":0,"2":0,"3":1,"4":1,"5":6,"6":0,"7":2,"8":2,"9":0,"10":2,"11":8,"12":7,"13":3,"14":6,"15":9,"16":5,"17":1},"b":{"0":[1,0],"1":[1,0],"2":[1,0],"3":[1,0],"4":[6,0],"5":[3,3],"6":[1,2],"7":[1,5],"8":[1,0],"9":[3,3],"10":[6,3],"11":[3,0],"12":[0,6],"13":[0,2],"14":[0,2],"15":[0,2],"16":[0,0],"17":[1,1],"18":[0,1],"19":[0,2],"20":[1,1],"21":[1,0],"22":[1,0],"23":[1,0],"24":[1,0],"25":[4,4],"26":[6,2],"27":[4,4],"28":[4,0],"29":[2,5],"30":[3,4],"31":[1,3],"32":[0,3],"33":[1,5],"34":[3,3],"35":[0,6],"36":[0,9],"37":[9,0],"38":[0,9],"39":[0,9]},"_coverageSchema":"1a1c01bbd47fc00a2c39e90264f33305004495a9","hash":"d56f3ee836dab666657f8385daf38b06f41b7e18"}
,"C:\\Users\\Ari Cortes\\Desktop\\CSE 110\\cse110-w21-group20\\source\\JS\\how-to-page.js": {"path":"C:\\Users\\Ari Cortes\\Desktop\\CSE 110\\cse110-w21-group20\\source\\JS\\how-to-page.js","statementMap":{"0":{"start":{"line":1,"column":0},"end":{"line":3,"column":3}},"1":{"start":{"line":2,"column":0},"end":{"line":2,"column":88}},"2":{"start":{"line":2,"column":73},"end":{"line":2,"column":85}},"3":{"start":{"line":2,"column":89},"end":{"line":2,"column":177}},"4":{"start":{"line":2,"column":164},"end":{"line":2,"column":174}},"5":{"start":{"line":5,"column":2},"end":{"line":5,"column":47}},"6":{"start":{"line":8,"column":2},"end":{"line":8,"column":59}},"7":{"start":{"line":10,"column":0},"end":{"line":10,"column":30}},"8":{"start":{"line":11,"column":0},"end":{"line":11,"column":26}}},"fnMap":{"0":{"name":"(anonymous_0)","decl":{"start":{"line":1,"column":44},"end":{"line":1,"column":45}},"loc":{"start":{"line":1,"column":50},"end":{"line":3,"column":1}},"line":1},"1":{"name":"(anonymous_1)","decl":{"start":{"line":2,"column":66},"end":{"line":2,"column":67}},"loc":{"start":{"line":2,"column":71},"end":{"line":2,"column":86}},"line":2},"2":{"name":"(anonymous_2)","decl":{"start":{"line":2,"column":157},"end":{"line":2,"column":158}},"loc":{"start":{"line":2,"column":162},"end":{"line":2,"column":175}},"line":2},"3":{"name":"toLanding","decl":{"start":{"line":4,"column":9},"end":{"line":4,"column":18}},"loc":{"start":{"line":4,"column":20},"end":{"line":6,"column":1}},"line":4},"4":{"name":"toSetUp","decl":{"start":{"line":7,"column":9},"end":{"line":7,"column":16}},"loc":{"start":{"line":7,"column":18},"end":{"line":9,"column":1}},"line":7}},"branchMap":{},"s":{"0":1,"1":0,"2":0,"3":0,"4":0,"5":1,"6":1,"7":1,"8":1},"f":{"0":0,"1":0,"2":0,"3":1,"4":1},"b":{},"_coverageSchema":"1a1c01bbd47fc00a2c39e90264f33305004495a9","hash":"8370795446e6e298093f73d6ac9f4b572e274167"}
,"C:\\Users\\Ari Cortes\\Desktop\\CSE 110\\cse110-w21-group20\\source\\JS\\landing-page.js": {"path":"C:\\Users\\Ari Cortes\\Desktop\\CSE 110\\cse110-w21-group20\\source\\JS\\landing-page.js","statementMap":{"0":{"start":{"line":1,"column":0},"end":{"line":6,"column":3}},"1":{"start":{"line":2,"column":0},"end":{"line":2,"column":72}},"2":{"start":{"line":3,"column":0},"end":{"line":3,"column":72}},"3":{"start":{"line":4,"column":0},"end":{"line":4,"column":80}},"4":{"start":{"line":5,"column":0},"end":{"line":5,"column":28}},"5":{"start":{"line":9,"column":4},"end":{"line":9,"column":48}},"6":{"start":{"line":13,"column":4},"end":{"line":13,"column":61}},"7":{"start":{"line":16,"column":4},"end":{"line":16,"column":80}},"8":{"start":{"line":17,"column":4},"end":{"line":19,"column":5}},"9":{"start":{"line":18,"column":8},"end":{"line":18,"column":84}},"10":{"start":{"line":20,"column":4},"end":{"line":22,"column":5}},"11":{"start":{"line":21,"column":8},"end":{"line":21,"column":85}},"12":{"start":{"line":23,"column":4},"end":{"line":25,"column":5}},"13":{"start":{"line":24,"column":8},"end":{"line":24,"column":84}},"14":{"start":{"line":29,"column":12},"end":{"line":32,"column":81}},"15":{"start":{"line":34,"column":10},"end":{"line":34,"column":11}},"16":{"start":{"line":37,"column":4},"end":{"line":37,"column":37}},"17":{"start":{"line":37,"column":29},"end":{"line":37,"column":37}},"18":{"start":{"line":38,"column":4},"end":{"line":38,"column":64}},"19":{"start":{"line":39,"column":4},"end":{"line":39,"column":10}},"20":{"start":{"line":42,"column":0},"end":{"line":42,"column":26}},"21":{"start":{"line":43,"column":0},"end":{"line":43,"column":26}},"22":{"start":{"line":44,"column":0},"end":{"line":44,"column":30}},"23":{"start":{"line":45,"column":0},"end":{"line":45,"column":28}}},"fnMap":{"0":{"name":"(anonymous_0)","decl":{"start":{"line":1,"column":44},"end":{"line":1,"column":45}},"loc":{"start":{"line":1,"column":50},"end":{"line":6,"column":1}},"line":1},"1":{"name":"toHowTo","decl":{"start":{"line":8,"column":9},"end":{"line":8,"column":16}},"loc":{"start":{"line":8,"column":18},"end":{"line":10,"column":1}},"line":8},"2":{"name":"toSetUp","decl":{"start":{"line":12,"column":9},"end":{"line":12,"column":16}},"loc":{"start":{"line":12,"column":18},"end":{"line":14,"column":1}},"line":12},"3":{"name":"osSupport","decl":{"start":{"line":15,"column":9},"end":{"line":15,"column":18}},"loc":{"start":{"line":15,"column":20},"end":{"line":26,"column":1}},"line":15},"4":{"name":"funFacts","decl":{"start":{"line":36,"column":9},"end":{"line":36,"column":17}},"loc":{"start":{"line":36,"column":19},"end":{"line":40,"column":1}},"line":36}},"branchMap":{"0":{"loc":{"start":{"line":17,"column":4},"end":{"line":19,"column":5}},"type":"if","locations":[{"start":{"line":17,"column":4},"end":{"line":19,"column":5}},{"start":{"line":17,"column":4},"end":{"line":19,"column":5}}],"line":17},"1":{"loc":{"start":{"line":20,"column":4},"end":{"line":22,"column":5}},"type":"if","locations":[{"start":{"line":20,"column":4},"end":{"line":22,"column":5}},{"start":{"line":20,"column":4},"end":{"line":22,"column":5}}],"line":20},"2":{"loc":{"start":{"line":23,"column":4},"end":{"line":25,"column":5}},"type":"if","locations":[{"start":{"line":23,"column":4},"end":{"line":25,"column":5}},{"start":{"line":23,"column":4},"end":{"line":25,"column":5}}],"line":23},"3":{"loc":{"start":{"line":37,"column":4},"end":{"line":37,"column":37}},"type":"if","locations":[{"start":{"line":37,"column":4},"end":{"line":37,"column":37}},{"start":{"line":37,"column":4},"end":{"line":37,"column":37}}],"line":37}},"s":{"0":1,"1":0,"2":0,"3":0,"4":0,"5":1,"6":1,"7":1,"8":1,"9":0,"10":1,"11":0,"12":1,"13":0,"14":1,"15":1,"16":3,"17":0,"18":3,"19":3,"20":1,"21":1,"22":1,"23":1},"f":{"0":0,"1":1,"2":1,"3":1,"4":3},"b":{"0":[0,1],"1":[0,1],"2":[0,1],"3":[0,3]},"_coverageSchema":"1a1c01bbd47fc00a2c39e90264f33305004495a9","hash":"3f4df03c4f3321e5a4cd42e5a7bccdf0d454ace3"}
,"C:\\Users\\Ari Cortes\\Desktop\\CSE 110\\cse110-w21-group20\\source\\JS\\results-page.js": {"path":"C:\\Users\\Ari Cortes\\Desktop\\CSE 110\\cse110-w21-group20\\source\\JS\\results-page.js","statementMap":{"0":{"start":{"line":1,"column":21},"end":{"line":1,"column":40}},"1":{"start":{"line":2,"column":22},"end":{"line":2,"column":182}},"2":{"start":{"line":3,"column":14},"end":{"line":3,"column":247}},"3":{"start":{"line":4,"column":11},"end":{"line":4,"column":39}},"4":{"start":{"line":8,"column":8},"end":{"line":8,"column":69}},"5":{"start":{"line":12,"column":8},"end":{"line":12,"column":16}},"6":{"start":{"line":13,"column":8},"end":{"line":13,"column":42}},"7":{"start":{"line":15,"column":20},"end":{"line":15,"column":51}},"8":{"start":{"line":16,"column":8},"end":{"line":71,"column":10}},"9":{"start":{"line":73,"column":26},"end":{"line":73,"column":55}},"10":{"start":{"line":74,"column":8},"end":{"line":74,"column":53}},"11":{"start":{"line":75,"column":25},"end":{"line":75,"column":77}},"12":{"start":{"line":76,"column":8},"end":{"line":76,"column":52}},"13":{"start":{"line":77,"column":20},"end":{"line":77,"column":77}},"14":{"start":{"line":78,"column":8},"end":{"line":78,"column":40}},"15":{"start":{"line":79,"column":8},"end":{"line":79,"column":41}},"16":{"start":{"line":80,"column":8},"end":{"line":80,"column":49}},"17":{"start":{"line":81,"column":21},"end":{"line":81,"column":74}},"18":{"start":{"line":82,"column":8},"end":{"line":82,"column":25}},"19":{"start":{"line":83,"column":8},"end":{"line":83,"column":46}},"20":{"start":{"line":84,"column":8},"end":{"line":84,"column":51}},"21":{"start":{"line":86,"column":25},"end":{"line":86,"column":77}},"22":{"start":{"line":87,"column":8},"end":{"line":87,"column":52}},"23":{"start":{"line":88,"column":8},"end":{"line":88,"column":33}},"24":{"start":{"line":90,"column":25},"end":{"line":90,"column":77}},"25":{"start":{"line":91,"column":8},"end":{"line":91,"column":52}},"26":{"start":{"line":94,"column":28},"end":{"line":94,"column":80}},"27":{"start":{"line":95,"column":8},"end":{"line":95,"column":57}},"28":{"start":{"line":96,"column":8},"end":{"line":96,"column":39}},"29":{"start":{"line":97,"column":8},"end":{"line":97,"column":38}},"30":{"start":{"line":99,"column":30},"end":{"line":99,"column":82}},"31":{"start":{"line":100,"column":8},"end":{"line":100,"column":61}},"32":{"start":{"line":101,"column":8},"end":{"line":101,"column":43}},"33":{"start":{"line":102,"column":8},"end":{"line":102,"column":40}},"34":{"start":{"line":106,"column":8},"end":{"line":106,"column":49}},"35":{"start":{"line":111,"column":8},"end":{"line":122,"column":9}},"36":{"start":{"line":112,"column":12},"end":{"line":112,"column":49}},"37":{"start":{"line":114,"column":13},"end":{"line":122,"column":9}},"38":{"start":{"line":115,"column":12},"end":{"line":115,"column":52}},"39":{"start":{"line":117,"column":13},"end":{"line":122,"column":9}},"40":{"start":{"line":118,"column":12},"end":{"line":118,"column":66}},"41":{"start":{"line":120,"column":13},"end":{"line":122,"column":9}},"42":{"start":{"line":121,"column":12},"end":{"line":121,"column":38}},"43":{"start":{"line":126,"column":8},"end":{"line":138,"column":9}},"44":{"start":{"line":127,"column":12},"end":{"line":132,"column":13}},"45":{"start":{"line":128,"column":16},"end":{"line":128,"column":73}},"46":{"start":{"line":131,"column":16},"end":{"line":131,"column":62}},"47":{"start":{"line":133,"column":12},"end":{"line":133,"column":55}},"48":{"start":{"line":136,"column":12},"end":{"line":136,"column":56}},"49":{"start":{"line":137,"column":12},"end":{"line":137,"column":47}},"50":{"start":{"line":143,"column":0},"end":{"line":143,"column":45}},"51":{"start":{"line":150,"column":0},"end":{"line":152,"column":3}},"52":{"start":{"line":151,"column":4},"end":{"line":151,"column":20}},"53":{"start":{"line":159,"column":27},"end":{"line":159,"column":68}},"54":{"start":{"line":160,"column":29},"end":{"line":160,"column":72}},"55":{"start":{"line":161,"column":4},"end":{"line":210,"column":5}},"56":{"start":{"line":163,"column":18},"end":{"line":163,"column":53}},"57":{"start":{"line":164,"column":8},"end":{"line":164,"column":48}},"58":{"start":{"line":165,"column":8},"end":{"line":165,"column":21}},"59":{"start":{"line":168,"column":21},"end":{"line":168,"column":62}},"60":{"start":{"line":169,"column":25},"end":{"line":169,"column":36}},"61":{"start":{"line":170,"column":26},"end":{"line":170,"column":27}},"62":{"start":{"line":171,"column":8},"end":{"line":193,"column":9}},"63":{"start":{"line":171,"column":21},"end":{"line":171,"column":22}},"64":{"start":{"line":172,"column":12},"end":{"line":192,"column":13}},"65":{"start":{"line":173,"column":16},"end":{"line":173,"column":30}},"66":{"start":{"line":174,"column":27},"end":{"line":174,"column":90}},"67":{"start":{"line":175,"column":16},"end":{"line":175,"column":67}},"68":{"start":{"line":176,"column":16},"end":{"line":176,"column":70}},"69":{"start":{"line":177,"column":16},"end":{"line":177,"column":74}},"70":{"start":{"line":178,"column":16},"end":{"line":178,"column":53}},"71":{"start":{"line":183,"column":17},"end":{"line":192,"column":13}},"72":{"start":{"line":184,"column":27},"end":{"line":184,"column":92}},"73":{"start":{"line":185,"column":16},"end":{"line":185,"column":67}},"74":{"start":{"line":186,"column":16},"end":{"line":186,"column":70}},"75":{"start":{"line":187,"column":16},"end":{"line":187,"column":74}},"76":{"start":{"line":188,"column":16},"end":{"line":188,"column":54}},"77":{"start":{"line":195,"column":8},"end":{"line":206,"column":9}},"78":{"start":{"line":196,"column":27},"end":{"line":196,"column":51}},"79":{"start":{"line":197,"column":23},"end":{"line":197,"column":63}},"80":{"start":{"line":198,"column":12},"end":{"line":198,"column":30}},"81":{"start":{"line":199,"column":12},"end":{"line":199,"column":42}},"82":{"start":{"line":200,"column":12},"end":{"line":205,"column":13}},"83":{"start":{"line":201,"column":16},"end":{"line":201,"column":57}},"84":{"start":{"line":203,"column":17},"end":{"line":205,"column":13}},"85":{"start":{"line":204,"column":16},"end":{"line":204,"column":58}},"86":{"start":{"line":207,"column":18},"end":{"line":207,"column":53}},"87":{"start":{"line":208,"column":8},"end":{"line":208,"column":72}},"88":{"start":{"line":209,"column":8},"end":{"line":209,"column":21}},"89":{"start":{"line":219,"column":27},"end":{"line":219,"column":68}},"90":{"start":{"line":220,"column":29},"end":{"line":220,"column":72}},"91":{"start":{"line":221,"column":25},"end":{"line":221,"column":61}},"92":{"start":{"line":222,"column":27},"end":{"line":222,"column":65}},"93":{"start":{"line":223,"column":20},"end":{"line":223,"column":54}},"94":{"start":{"line":224,"column":4},"end":{"line":229,"column":5}},"95":{"start":{"line":225,"column":29},"end":{"line":225,"column":84}},"96":{"start":{"line":226,"column":8},"end":{"line":226,"column":55}},"97":{"start":{"line":227,"column":8},"end":{"line":227,"column":58}},"98":{"start":{"line":228,"column":8},"end":{"line":228,"column":54}},"99":{"start":{"line":230,"column":4},"end":{"line":238,"column":5}},"100":{"start":{"line":231,"column":31},"end":{"line":231,"column":88}},"101":{"start":{"line":232,"column":8},"end":{"line":232,"column":57}},"102":{"start":{"line":233,"column":8},"end":{"line":233,"column":62}},"103":{"start":{"line":234,"column":8},"end":{"line":234,"column":56}},"104":{"start":{"line":235,"column":8},"end":{"line":237,"column":9}},"105":{"start":{"line":236,"column":12},"end":{"line":236,"column":95}},"106":{"start":{"line":241,"column":0},"end":{"line":241,"column":38}}},"fnMap":{"0":{"name":"(anonymous_0)","decl":{"start":{"line":7,"column":4},"end":{"line":7,"column":5}},"loc":{"start":{"line":7,"column":36},"end":{"line":9,"column":5}},"line":7},"1":{"name":"(anonymous_1)","decl":{"start":{"line":11,"column":4},"end":{"line":11,"column":5}},"loc":{"start":{"line":11,"column":18},"end":{"line":108,"column":5}},"line":11},"2":{"name":"(anonymous_2)","decl":{"start":{"line":110,"column":4},"end":{"line":110,"column":5}},"loc":{"start":{"line":110,"column":54},"end":{"line":123,"column":5}},"line":110},"3":{"name":"(anonymous_3)","decl":{"start":{"line":125,"column":4},"end":{"line":125,"column":5}},"loc":{"start":{"line":125,"column":25},"end":{"line":140,"column":5}},"line":125},"4":{"name":"(anonymous_4)","decl":{"start":{"line":150,"column":44},"end":{"line":150,"column":45}},"loc":{"start":{"line":150,"column":50},"end":{"line":152,"column":1}},"line":150},"5":{"name":"populateTasks","decl":{"start":{"line":158,"column":9},"end":{"line":158,"column":22}},"loc":{"start":{"line":158,"column":24},"end":{"line":211,"column":1}},"line":158},"6":{"name":"checkEmpty","decl":{"start":{"line":218,"column":9},"end":{"line":218,"column":19}},"loc":{"start":{"line":218,"column":21},"end":{"line":239,"column":1}},"line":218}},"branchMap":{"0":{"loc":{"start":{"line":111,"column":8},"end":{"line":122,"column":9}},"type":"if","locations":[{"start":{"line":111,"column":8},"end":{"line":122,"column":9}},{"start":{"line":111,"column":8},"end":{"line":122,"column":9}}],"line":111},"1":{"loc":{"start":{"line":114,"column":13},"end":{"line":122,"column":9}},"type":"if","locations":[{"start":{"line":114,"column":13},"end":{"line":122,"column":9}},{"start":{"line":114,"column":13},"end":{"line":122,"column":9}}],"line":114},"2":{"loc":{"start":{"line":117,"column":13},"end":{"line":122,"column":9}},"type":"if","locations":[{"start":{"line":117,"column":13},"end":{"line":122,"column":9}},{"start":{"line":117,"column":13},"end":{"line":122,"column":9}}],"line":117},"3":{"loc":{"start":{"line":120,"column":13},"end":{"line":122,"column":9}},"type":"if","locations":[{"start":{"line":120,"column":13},"end":{"line":122,"column":9}},{"start":{"line":120,"column":13},"end":{"line":122,"column":9}}],"line":120},"4":{"loc":{"start":{"line":126,"column":8},"end":{"line":138,"column":9}},"type":"if","locations":[{"start":{"line":126,"column":8},"end":{"line":138,"column":9}},{"start":{"line":126,"column":8},"end":{"line":138,"column":9}}],"line":126},"5":{"loc":{"start":{"line":127,"column":12},"end":{"line":132,"column":13}},"type":"if","locations":[{"start":{"line":127,"column":12},"end":{"line":132,"column":13}},{"start":{"line":127,"column":12},"end":{"line":132,"column":13}}],"line":127},"6":{"loc":{"start":{"line":161,"column":4},"end":{"line":210,"column":5}},"type":"if","locations":[{"start":{"line":161,"column":4},"end":{"line":210,"column":5}},{"start":{"line":161,"column":4},"end":{"line":210,"column":5}}],"line":161},"7":{"loc":{"start":{"line":172,"column":12},"end":{"line":192,"column":13}},"type":"if","locations":[{"start":{"line":172,"column":12},"end":{"line":192,"column":13}},{"start":{"line":172,"column":12},"end":{"line":192,"column":13}}],"line":172},"8":{"loc":{"start":{"line":183,"column":17},"end":{"line":192,"column":13}},"type":"if","locations":[{"start":{"line":183,"column":17},"end":{"line":192,"column":13}},{"start":{"line":183,"column":17},"end":{"line":192,"column":13}}],"line":183},"9":{"loc":{"start":{"line":195,"column":8},"end":{"line":206,"column":9}},"type":"if","locations":[{"start":{"line":195,"column":8},"end":{"line":206,"column":9}},{"start":{"line":195,"column":8},"end":{"line":206,"column":9}}],"line":195},"10":{"loc":{"start":{"line":200,"column":12},"end":{"line":205,"column":13}},"type":"if","locations":[{"start":{"line":200,"column":12},"end":{"line":205,"column":13}},{"start":{"line":200,"column":12},"end":{"line":205,"column":13}}],"line":200},"11":{"loc":{"start":{"line":203,"column":17},"end":{"line":205,"column":13}},"type":"if","locations":[{"start":{"line":203,"column":17},"end":{"line":205,"column":13}},{"start":{"line":203,"column":17},"end":{"line":205,"column":13}}],"line":203},"12":{"loc":{"start":{"line":224,"column":4},"end":{"line":229,"column":5}},"type":"if","locations":[{"start":{"line":224,"column":4},"end":{"line":229,"column":5}},{"start":{"line":224,"column":4},"end":{"line":229,"column":5}}],"line":224},"13":{"loc":{"start":{"line":230,"column":4},"end":{"line":238,"column":5}},"type":"if","locations":[{"start":{"line":230,"column":4},"end":{"line":238,"column":5}},{"start":{"line":230,"column":4},"end":{"line":238,"column":5}}],"line":230},"14":{"loc":{"start":{"line":235,"column":8},"end":{"line":237,"column":9}},"type":"if","locations":[{"start":{"line":235,"column":8},"end":{"line":237,"column":9}},{"start":{"line":235,"column":8},"end":{"line":237,"column":9}}],"line":235}},"s":{"0":1,"1":1,"2":1,"3":1,"4":1,"5":13,"6":13,"7":13,"8":13,"9":13,"10":13,"11":13,"12":13,"13":13,"14":13,"15":13,"16":13,"17":13,"18":13,"19":13,"20":13,"21":13,"22":13,"23":13,"24":13,"25":13,"26":13,"27":13,"28":13,"29":13,"30":13,"31":13,"32":13,"33":13,"34":13,"35":52,"36":13,"37":39,"38":13,"39":26,"40":13,"41":13,"42":13,"43":13,"44":8,"45":2,"46":6,"47":8,"48":5,"49":5,"50":1,"51":1,"52":0,"53":5,"54":5,"55":5,"56":2,"57":2,"58":2,"59":3,"60":3,"61":3,"62":3,"63":3,"64":13,"65":8,"66":8,"67":8,"68":8,"69":8,"70":8,"71":5,"72":5,"73":5,"74":5,"75":5,"76":5,"77":3,"78":3,"79":3,"80":3,"81":3,"82":3,"83":2,"84":1,"85":0,"86":3,"87":3,"88":3,"89":5,"90":5,"91":5,"92":5,"93":5,"94":5,"95":3,"96":3,"97":3,"98":3,"99":5,"100":3,"101":3,"102":3,"103":3,"104":3,"105":1,"106":1},"f":{"0":1,"1":13,"2":52,"3":13,"4":0,"5":5,"6":5},"b":{"0":[13,39],"1":[13,26],"2":[13,13],"3":[13,0],"4":[8,5],"5":[2,6],"6":[2,3],"7":[8,5],"8":[5,0],"9":[3,0],"10":[2,1],"11":[0,1],"12":[3,2],"13":[3,2],"14":[1,2]},"_coverageSchema":"1a1c01bbd47fc00a2c39e90264f33305004495a9","hash":"e1b86b0de99e9912e69bc2fc101cceefe2ab23cb"}
,"C:\\Users\\Ari Cortes\\Desktop\\CSE 110\\cse110-w21-group20\\source\\JS\\set-up-page.js": {"path":"C:\\Users\\Ari Cortes\\Desktop\\CSE 110\\cse110-w21-group20\\source\\JS\\set-up-page.js","statementMap":{"0":{"start":{"line":4,"column":19},"end":{"line":4,"column":21}},"1":{"start":{"line":5,"column":15},"end":{"line":5,"column":17}},"2":{"start":{"line":6,"column":16},"end":{"line":6,"column":18}},"3":{"start":{"line":7,"column":16},"end":{"line":7,"column":18}},"4":{"start":{"line":8,"column":16},"end":{"line":8,"column":17}},"5":{"start":{"line":10,"column":16},"end":{"line":10,"column":17}},"6":{"start":{"line":11,"column":20},"end":{"line":11,"column":104}},"7":{"start":{"line":13,"column":0},"end":{"line":51,"column":3}},"8":{"start":{"line":15,"column":4},"end":{"line":15,"column":44}},"9":{"start":{"line":16,"column":4},"end":{"line":16,"column":45}},"10":{"start":{"line":22,"column":4},"end":{"line":24,"column":7}},"11":{"start":{"line":23,"column":8},"end":{"line":23,"column":20}},"12":{"start":{"line":30,"column":4},"end":{"line":32,"column":7}},"13":{"start":{"line":31,"column":8},"end":{"line":31,"column":21}},"14":{"start":{"line":37,"column":4},"end":{"line":41,"column":7}},"15":{"start":{"line":38,"column":20},"end":{"line":38,"column":69}},"16":{"start":{"line":39,"column":8},"end":{"line":39,"column":147}},"17":{"start":{"line":40,"column":8},"end":{"line":40,"column":29}},"18":{"start":{"line":46,"column":4},"end":{"line":50,"column":7}},"19":{"start":{"line":47,"column":8},"end":{"line":49,"column":11}},"20":{"start":{"line":48,"column":12},"end":{"line":48,"column":33}},"21":{"start":{"line":58,"column":8},"end":{"line":58,"column":16}},"22":{"start":{"line":59,"column":8},"end":{"line":59,"column":42}},"23":{"start":{"line":61,"column":26},"end":{"line":61,"column":55}},"24":{"start":{"line":62,"column":8},"end":{"line":62,"column":49}},"25":{"start":{"line":64,"column":21},"end":{"line":64,"column":75}},"26":{"start":{"line":65,"column":8},"end":{"line":65,"column":48}},"27":{"start":{"line":66,"column":8},"end":{"line":66,"column":27}},"28":{"start":{"line":67,"column":8},"end":{"line":67,"column":45}},"29":{"start":{"line":68,"column":8},"end":{"line":68,"column":28}},"30":{"start":{"line":70,"column":31},"end":{"line":70,"column":83}},"31":{"start":{"line":71,"column":8},"end":{"line":71,"column":59}},"32":{"start":{"line":73,"column":29},"end":{"line":73,"column":89}},"33":{"start":{"line":75,"column":28},"end":{"line":75,"column":85}},"34":{"start":{"line":76,"column":8},"end":{"line":76,"column":56}},"35":{"start":{"line":77,"column":8},"end":{"line":77,"column":41}},"36":{"start":{"line":79,"column":22},"end":{"line":79,"column":81}},"37":{"start":{"line":80,"column":8},"end":{"line":80,"column":50}},"38":{"start":{"line":81,"column":8},"end":{"line":81,"column":30}},"39":{"start":{"line":82,"column":8},"end":{"line":82,"column":26}},"40":{"start":{"line":83,"column":8},"end":{"line":83,"column":44}},"41":{"start":{"line":83,"column":29},"end":{"line":83,"column":42}},"42":{"start":{"line":84,"column":8},"end":{"line":84,"column":24}},"43":{"start":{"line":84,"column":25},"end":{"line":84,"column":41}},"44":{"start":{"line":84,"column":42},"end":{"line":84,"column":59}},"45":{"start":{"line":85,"column":8},"end":{"line":85,"column":26}},"46":{"start":{"line":87,"column":8},"end":{"line":87,"column":25}},"47":{"start":{"line":88,"column":8},"end":{"line":88,"column":26}},"48":{"start":{"line":89,"column":8},"end":{"line":89,"column":39}},"49":{"start":{"line":90,"column":8},"end":{"line":90,"column":41}},"50":{"start":{"line":91,"column":8},"end":{"line":91,"column":31}},"51":{"start":{"line":92,"column":8},"end":{"line":92,"column":41}},"52":{"start":{"line":94,"column":8},"end":{"line":98,"column":11}},"53":{"start":{"line":95,"column":12},"end":{"line":97,"column":13}},"54":{"start":{"line":96,"column":16},"end":{"line":96,"column":68}},"55":{"start":{"line":99,"column":8},"end":{"line":108,"column":11}},"56":{"start":{"line":100,"column":12},"end":{"line":107,"column":13}},"57":{"start":{"line":101,"column":16},"end":{"line":101,"column":68}},"58":{"start":{"line":105,"column":16},"end":{"line":106,"column":72}},"59":{"start":{"line":105,"column":53},"end":{"line":105,"column":80}},"60":{"start":{"line":106,"column":21},"end":{"line":106,"column":72}},"61":{"start":{"line":110,"column":8},"end":{"line":112,"column":11}},"62":{"start":{"line":111,"column":12},"end":{"line":111,"column":40}},"63":{"start":{"line":114,"column":22},"end":{"line":114,"column":53}},"64":{"start":{"line":115,"column":8},"end":{"line":199,"column":10}},"65":{"start":{"line":201,"column":8},"end":{"line":201,"column":49}},"66":{"start":{"line":205,"column":8},"end":{"line":205,"column":120}},"67":{"start":{"line":208,"column":8},"end":{"line":233,"column":9}},"68":{"start":{"line":209,"column":12},"end":{"line":209,"column":39}},"69":{"start":{"line":210,"column":12},"end":{"line":210,"column":45}},"70":{"start":{"line":211,"column":12},"end":{"line":211,"column":48}},"71":{"start":{"line":213,"column":13},"end":{"line":233,"column":9}},"72":{"start":{"line":214,"column":12},"end":{"line":214,"column":57}},"73":{"start":{"line":216,"column":13},"end":{"line":233,"column":9}},"74":{"start":{"line":217,"column":12},"end":{"line":217,"column":39}},"75":{"start":{"line":219,"column":13},"end":{"line":233,"column":9}},"76":{"start":{"line":220,"column":12},"end":{"line":220,"column":55}},"77":{"start":{"line":221,"column":12},"end":{"line":221,"column":65}},"78":{"start":{"line":223,"column":13},"end":{"line":233,"column":9}},"79":{"start":{"line":224,"column":12},"end":{"line":224,"column":28}},"80":{"start":{"line":226,"column":13},"end":{"line":233,"column":9}},"81":{"start":{"line":227,"column":12},"end":{"line":227,"column":46}},"82":{"start":{"line":228,"column":12},"end":{"line":228,"column":72}},"83":{"start":{"line":229,"column":12},"end":{"line":229,"column":66}},"84":{"start":{"line":231,"column":13},"end":{"line":233,"column":9}},"85":{"start":{"line":232,"column":12},"end":{"line":232,"column":54}},"86":{"start":{"line":237,"column":0},"end":{"line":237,"column":55}},"87":{"start":{"line":245,"column":4},"end":{"line":247,"column":5}},"88":{"start":{"line":245,"column":17},"end":{"line":245,"column":22}},"89":{"start":{"line":246,"column":8},"end":{"line":246,"column":96}},"90":{"start":{"line":248,"column":4},"end":{"line":248,"column":30}},"91":{"start":{"line":249,"column":4},"end":{"line":249,"column":80}},"92":{"start":{"line":250,"column":4},"end":{"line":250,"column":25}},"93":{"start":{"line":258,"column":4},"end":{"line":261,"column":5}},"94":{"start":{"line":258,"column":14},"end":{"line":258,"column":15}},"95":{"start":{"line":259,"column":22},"end":{"line":259,"column":71}},"96":{"start":{"line":260,"column":8},"end":{"line":260,"column":36}},"97":{"start":{"line":268,"column":4},"end":{"line":268,"column":18}},"98":{"start":{"line":269,"column":4},"end":{"line":269,"column":18}},"99":{"start":{"line":270,"column":4},"end":{"line":277,"column":5}},"100":{"start":{"line":270,"column":17},"end":{"line":270,"column":18}},"101":{"start":{"line":271,"column":8},"end":{"line":276,"column":9}},"102":{"start":{"line":273,"column":12},"end":{"line":273,"column":90}},"103":{"start":{"line":275,"column":12},"end":{"line":275,"column":50}},"104":{"start":{"line":278,"column":4},"end":{"line":288,"column":5}},"105":{"start":{"line":280,"column":27},"end":{"line":280,"column":98}},"106":{"start":{"line":281,"column":8},"end":{"line":281,"column":170}},"107":{"start":{"line":284,"column":8},"end":{"line":284,"column":111}},"108":{"start":{"line":287,"column":8},"end":{"line":287,"column":59}},"109":{"start":{"line":296,"column":22},"end":{"line":296,"column":70}},"110":{"start":{"line":297,"column":20},"end":{"line":297,"column":47}},"111":{"start":{"line":298,"column":20},"end":{"line":298,"column":76}},"112":{"start":{"line":299,"column":16},"end":{"line":299,"column":37}},"113":{"start":{"line":301,"column":4},"end":{"line":315,"column":5}},"114":{"start":{"line":302,"column":20},"end":{"line":302,"column":41}},"115":{"start":{"line":303,"column":8},"end":{"line":303,"column":43}},"116":{"start":{"line":305,"column":20},"end":{"line":305,"column":53}},"117":{"start":{"line":306,"column":8},"end":{"line":306,"column":28}},"118":{"start":{"line":307,"column":8},"end":{"line":307,"column":43}},"119":{"start":{"line":309,"column":21},"end":{"line":309,"column":54}},"120":{"start":{"line":310,"column":8},"end":{"line":310,"column":51}},"121":{"start":{"line":311,"column":8},"end":{"line":311,"column":33}},"122":{"start":{"line":313,"column":20},"end":{"line":313,"column":60}},"123":{"start":{"line":314,"column":8},"end":{"line":314,"column":34}},"124":{"start":{"line":323,"column":19},"end":{"line":323,"column":57}},"125":{"start":{"line":323,"column":43},"end":{"line":323,"column":56}},"126":{"start":{"line":324,"column":4},"end":{"line":368,"column":5}},"127":{"start":{"line":325,"column":19},"end":{"line":325,"column":21}},"128":{"start":{"line":326,"column":8},"end":{"line":357,"column":9}},"129":{"start":{"line":326,"column":21},"end":{"line":326,"column":22}},"130":{"start":{"line":327,"column":12},"end":{"line":356,"column":13}},"131":{"start":{"line":328,"column":16},"end":{"line":334,"column":17}},"132":{"start":{"line":329,"column":20},"end":{"line":333,"column":21}},"133":{"start":{"line":330,"column":24},"end":{"line":330,"column":79}},"134":{"start":{"line":331,"column":24},"end":{"line":331,"column":78}},"135":{"start":{"line":332,"column":24},"end":{"line":332,"column":30}},"136":{"start":{"line":335,"column":16},"end":{"line":351,"column":17}},"137":{"start":{"line":336,"column":37},"end":{"line":336,"column":77}},"138":{"start":{"line":337,"column":20},"end":{"line":337,"column":64}},"139":{"start":{"line":338,"column":20},"end":{"line":338,"column":73}},"140":{"start":{"line":339,"column":20},"end":{"line":339,"column":74}},"141":{"start":{"line":340,"column":20},"end":{"line":340,"column":75}},"142":{"start":{"line":341,"column":20},"end":{"line":341,"column":62}},"143":{"start":{"line":342,"column":20},"end":{"line":342,"column":92}},"144":{"start":{"line":345,"column":32},"end":{"line":345,"column":72}},"145":{"start":{"line":346,"column":20},"end":{"line":346,"column":69}},"146":{"start":{"line":347,"column":20},"end":{"line":347,"column":74}},"147":{"start":{"line":348,"column":20},"end":{"line":348,"column":68}},"148":{"start":{"line":349,"column":20},"end":{"line":349,"column":57}},"149":{"start":{"line":350,"column":20},"end":{"line":350,"column":93}},"150":{"start":{"line":352,"column":16},"end":{"line":352,"column":47}},"151":{"start":{"line":355,"column":16},"end":{"line":355,"column":40}},"152":{"start":{"line":358,"column":8},"end":{"line":358,"column":72}},"153":{"start":{"line":359,"column":8},"end":{"line":359,"column":64}},"154":{"start":{"line":360,"column":8},"end":{"line":360,"column":73}},"155":{"start":{"line":361,"column":8},"end":{"line":361,"column":73}},"156":{"start":{"line":362,"column":8},"end":{"line":362,"column":27}},"157":{"start":{"line":363,"column":8},"end":{"line":363,"column":19}},"158":{"start":{"line":364,"column":8},"end":{"line":364,"column":29}},"159":{"start":{"line":367,"column":8},"end":{"line":367,"column":65}},"160":{"start":{"line":378,"column":4},"end":{"line":378,"column":99}},"161":{"start":{"line":389,"column":4},"end":{"line":389,"column":60}},"162":{"start":{"line":390,"column":4},"end":{"line":390,"column":25}},"163":{"start":{"line":394,"column":0},"end":{"line":394,"column":42}},"164":{"start":{"line":395,"column":0},"end":{"line":395,"column":44}},"165":{"start":{"line":396,"column":0},"end":{"line":396,"column":48}},"166":{"start":{"line":397,"column":0},"end":{"line":397,"column":32}},"167":{"start":{"line":398,"column":0},"end":{"line":398,"column":30}},"168":{"start":{"line":399,"column":0},"end":{"line":399,"column":34}},"169":{"start":{"line":400,"column":0},"end":{"line":400,"column":40}}},"fnMap":{"0":{"name":"(anonymous_0)","decl":{"start":{"line":13,"column":44},"end":{"line":13,"column":45}},"loc":{"start":{"line":13,"column":50},"end":{"line":51,"column":1}},"line":13},"1":{"name":"(anonymous_1)","decl":{"start":{"line":22,"column":63},"end":{"line":22,"column":64}},"loc":{"start":{"line":22,"column":67},"end":{"line":24,"column":5}},"line":22},"2":{"name":"(anonymous_2)","decl":{"start":{"line":30,"column":64},"end":{"line":30,"column":65}},"loc":{"start":{"line":30,"column":68},"end":{"line":32,"column":5}},"line":30},"3":{"name":"(anonymous_3)","decl":{"start":{"line":37,"column":75},"end":{"line":37,"column":76}},"loc":{"start":{"line":37,"column":79},"end":{"line":41,"column":5}},"line":37},"4":{"name":"(anonymous_4)","decl":{"start":{"line":46,"column":28},"end":{"line":46,"column":29}},"loc":{"start":{"line":46,"column":34},"end":{"line":50,"column":5}},"line":46},"5":{"name":"(anonymous_5)","decl":{"start":{"line":47,"column":64},"end":{"line":47,"column":65}},"loc":{"start":{"line":47,"column":68},"end":{"line":49,"column":9}},"line":47},"6":{"name":"(anonymous_6)","decl":{"start":{"line":57,"column":4},"end":{"line":57,"column":5}},"loc":{"start":{"line":57,"column":17},"end":{"line":202,"column":5}},"line":57},"7":{"name":"(anonymous_7)","decl":{"start":{"line":83,"column":24},"end":{"line":83,"column":25}},"loc":{"start":{"line":83,"column":28},"end":{"line":83,"column":43}},"line":83},"8":{"name":"(anonymous_8)","decl":{"start":{"line":94,"column":39},"end":{"line":94,"column":40}},"loc":{"start":{"line":94,"column":43},"end":{"line":98,"column":9}},"line":94},"9":{"name":"(anonymous_9)","decl":{"start":{"line":99,"column":40},"end":{"line":99,"column":41}},"loc":{"start":{"line":99,"column":44},"end":{"line":108,"column":9}},"line":99},"10":{"name":"(anonymous_10)","decl":{"start":{"line":110,"column":47},"end":{"line":110,"column":48}},"loc":{"start":{"line":110,"column":51},"end":{"line":112,"column":9}},"line":110},"11":{"name":"(anonymous_11)","decl":{"start":{"line":204,"column":4},"end":{"line":204,"column":5}},"loc":{"start":{"line":204,"column":36},"end":{"line":206,"column":5}},"line":204},"12":{"name":"(anonymous_12)","decl":{"start":{"line":207,"column":4},"end":{"line":207,"column":5}},"loc":{"start":{"line":207,"column":54},"end":{"line":234,"column":5}},"line":207},"13":{"name":"deleteComponent","decl":{"start":{"line":244,"column":9},"end":{"line":244,"column":24}},"loc":{"start":{"line":244,"column":31},"end":{"line":251,"column":1}},"line":244},"14":{"name":"setup_localStore","decl":{"start":{"line":257,"column":9},"end":{"line":257,"column":25}},"loc":{"start":{"line":257,"column":27},"end":{"line":262,"column":1}},"line":257},"15":{"name":"calculateTotalTime","decl":{"start":{"line":267,"column":9},"end":{"line":267,"column":27}},"loc":{"start":{"line":267,"column":29},"end":{"line":289,"column":1}},"line":267},"16":{"name":"createTask","decl":{"start":{"line":295,"column":9},"end":{"line":295,"column":19}},"loc":{"start":{"line":295,"column":21},"end":{"line":316,"column":1}},"line":295},"17":{"name":"exitSetUp","decl":{"start":{"line":322,"column":9},"end":{"line":322,"column":18}},"loc":{"start":{"line":322,"column":20},"end":{"line":369,"column":1}},"line":322},"18":{"name":"(anonymous_18)","decl":{"start":{"line":323,"column":35},"end":{"line":323,"column":36}},"loc":{"start":{"line":323,"column":43},"end":{"line":323,"column":56}},"line":323},"19":{"name":"setTaskName","decl":{"start":{"line":377,"column":9},"end":{"line":377,"column":20}},"loc":{"start":{"line":377,"column":29},"end":{"line":379,"column":1}},"line":377},"20":{"name":"updateTaskList","decl":{"start":{"line":388,"column":9},"end":{"line":388,"column":23}},"loc":{"start":{"line":388,"column":43},"end":{"line":391,"column":1}},"line":388}},"branchMap":{"0":{"loc":{"start":{"line":39,"column":70},"end":{"line":39,"column":146}},"type":"cond-expr","locations":[{"start":{"line":39,"column":83},"end":{"line":39,"column":88}},{"start":{"line":39,"column":91},"end":{"line":39,"column":146}}],"line":39},"1":{"loc":{"start":{"line":39,"column":91},"end":{"line":39,"column":146}},"type":"cond-expr","locations":[{"start":{"line":39,"column":104},"end":{"line":39,"column":109}},{"start":{"line":39,"column":112},"end":{"line":39,"column":146}}],"line":39},"2":{"loc":{"start":{"line":39,"column":112},"end":{"line":39,"column":146}},"type":"cond-expr","locations":[{"start":{"line":39,"column":125},"end":{"line":39,"column":130}},{"start":{"line":39,"column":134},"end":{"line":39,"column":146}}],"line":39},"3":{"loc":{"start":{"line":95,"column":12},"end":{"line":97,"column":13}},"type":"if","locations":[{"start":{"line":95,"column":12},"end":{"line":97,"column":13}},{"start":{"line":95,"column":12},"end":{"line":97,"column":13}}],"line":95},"4":{"loc":{"start":{"line":100,"column":12},"end":{"line":107,"column":13}},"type":"if","locations":[{"start":{"line":100,"column":12},"end":{"line":107,"column":13}},{"start":{"line":100,"column":12},"end":{"line":107,"column":13}}],"line":100},"5":{"loc":{"start":{"line":105,"column":16},"end":{"line":106,"column":72}},"type":"if","locations":[{"start":{"line":105,"column":16},"end":{"line":106,"column":72}},{"start":{"line":105,"column":16},"end":{"line":106,"column":72}}],"line":105},"6":{"loc":{"start":{"line":208,"column":8},"end":{"line":233,"column":9}},"type":"if","locations":[{"start":{"line":208,"column":8},"end":{"line":233,"column":9}},{"start":{"line":208,"column":8},"end":{"line":233,"column":9}}],"line":208},"7":{"loc":{"start":{"line":213,"column":13},"end":{"line":233,"column":9}},"type":"if","locations":[{"start":{"line":213,"column":13},"end":{"line":233,"column":9}},{"start":{"line":213,"column":13},"end":{"line":233,"column":9}}],"line":213},"8":{"loc":{"start":{"line":216,"column":13},"end":{"line":233,"column":9}},"type":"if","locations":[{"start":{"line":216,"column":13},"end":{"line":233,"column":9}},{"start":{"line":216,"column":13},"end":{"line":233,"column":9}}],"line":216},"9":{"loc":{"start":{"line":219,"column":13},"end":{"line":233,"column":9}},"type":"if","locations":[{"start":{"line":219,"column":13},"end":{"line":233,"column":9}},{"start":{"line":219,"column":13},"end":{"line":233,"column":9}}],"line":219},"10":{"loc":{"start":{"line":223,"column":13},"end":{"line":233,"column":9}},"type":"if","locations":[{"start":{"line":223,"column":13},"end":{"line":233,"column":9}},{"start":{"line":223,"column":13},"end":{"line":233,"column":9}}],"line":223},"11":{"loc":{"start":{"line":226,"column":13},"end":{"line":233,"column":9}},"type":"if","locations":[{"start":{"line":226,"column":13},"end":{"line":233,"column":9}},{"start":{"line":226,"column":13},"end":{"line":233,"column":9}}],"line":226},"12":{"loc":{"start":{"line":231,"column":13},"end":{"line":233,"column":9}},"type":"if","locations":[{"start":{"line":231,"column":13},"end":{"line":233,"column":9}},{"start":{"line":231,"column":13},"end":{"line":233,"column":9}}],"line":231},"13":{"loc":{"start":{"line":271,"column":8},"end":{"line":276,"column":9}},"type":"if","locations":[{"start":{"line":271,"column":8},"end":{"line":276,"column":9}},{"start":{"line":271,"column":8},"end":{"line":276,"column":9}}],"line":271},"14":{"loc":{"start":{"line":278,"column":4},"end":{"line":288,"column":5}},"type":"if","locations":[{"start":{"line":278,"column":4},"end":{"line":288,"column":5}},{"start":{"line":278,"column":4},"end":{"line":288,"column":5}}],"line":278},"15":{"loc":{"start":{"line":301,"column":4},"end":{"line":315,"column":5}},"type":"if","locations":[{"start":{"line":301,"column":4},"end":{"line":315,"column":5}},{"start":{"line":301,"column":4},"end":{"line":315,"column":5}}],"line":301},"16":{"loc":{"start":{"line":301,"column":8},"end":{"line":301,"column":45}},"type":"binary-expr","locations":[{"start":{"line":301,"column":8},"end":{"line":301,"column":20}},{"start":{"line":301,"column":24},"end":{"line":301,"column":45}}],"line":301},"17":{"loc":{"start":{"line":324,"column":4},"end":{"line":368,"column":5}},"type":"if","locations":[{"start":{"line":324,"column":4},"end":{"line":368,"column":5}},{"start":{"line":324,"column":4},"end":{"line":368,"column":5}}],"line":324},"18":{"loc":{"start":{"line":324,"column":8},"end":{"line":324,"column":42}},"type":"binary-expr","locations":[{"start":{"line":324,"column":8},"end":{"line":324,"column":23}},{"start":{"line":324,"column":27},"end":{"line":324,"column":42}}],"line":324},"19":{"loc":{"start":{"line":327,"column":12},"end":{"line":356,"column":13}},"type":"if","locations":[{"start":{"line":327,"column":12},"end":{"line":356,"column":13}},{"start":{"line":327,"column":12},"end":{"line":356,"column":13}}],"line":327},"20":{"loc":{"start":{"line":329,"column":20},"end":{"line":333,"column":21}},"type":"if","locations":[{"start":{"line":329,"column":20},"end":{"line":333,"column":21}},{"start":{"line":329,"column":20},"end":{"line":333,"column":21}}],"line":329},"21":{"loc":{"start":{"line":330,"column":24},"end":{"line":330,"column":78}},"type":"cond-expr","locations":[{"start":{"line":330,"column":40},"end":{"line":330,"column":58}},{"start":{"line":330,"column":61},"end":{"line":330,"column":78}}],"line":330},"22":{"loc":{"start":{"line":335,"column":16},"end":{"line":351,"column":17}},"type":"if","locations":[{"start":{"line":335,"column":16},"end":{"line":351,"column":17}},{"start":{"line":335,"column":16},"end":{"line":351,"column":17}}],"line":335},"23":{"loc":{"start":{"line":389,"column":23},"end":{"line":389,"column":39}},"type":"cond-expr","locations":[{"start":{"line":389,"column":30},"end":{"line":389,"column":34}},{"start":{"line":389,"column":37},"end":{"line":389,"column":39}}],"line":389},"24":{"loc":{"start":{"line":389,"column":41},"end":{"line":389,"column":58}},"type":"cond-expr","locations":[{"start":{"line":389,"column":49},"end":{"line":389,"column":54}},{"start":{"line":389,"column":57},"end":{"line":389,"column":58}}],"line":389}},"s":{"0":1,"1":1,"2":1,"3":1,"4":1,"5":1,"6":1,"7":1,"8":0,"9":0,"10":0,"11":0,"12":0,"13":0,"14":0,"15":0,"16":0,"17":0,"18":0,"19":0,"20":0,"21":9,"22":9,"23":9,"24":9,"25":9,"26":9,"27":9,"28":9,"29":9,"30":9,"31":9,"32":9,"33":9,"34":9,"35":9,"36":9,"37":9,"38":9,"39":9,"40":9,"41":0,"42":9,"43":9,"44":9,"45":9,"46":9,"47":9,"48":9,"49":9,"50":9,"51":9,"52":9,"53":0,"54":0,"55":9,"56":0,"57":0,"58":0,"59":0,"60":0,"61":9,"62":0,"63":9,"64":9,"65":9,"66":1,"67":15,"68":1,"69":1,"70":1,"71":14,"72":2,"73":12,"74":7,"75":5,"76":2,"77":2,"78":3,"79":1,"80":2,"81":1,"82":1,"83":1,"84":1,"85":1,"86":1,"87":1,"88":1,"89":1,"90":1,"91":1,"92":1,"93":2,"94":2,"95":8,"96":8,"97":6,"98":6,"99":6,"100":6,"101":21,"102":5,"103":5,"104":6,"105":4,"106":4,"107":4,"108":2,"109":2,"110":2,"111":2,"112":2,"113":2,"114":2,"115":2,"116":2,"117":2,"118":2,"119":2,"120":2,"121":2,"122":2,"123":2,"124":2,"125":10,"126":2,"127":1,"128":1,"129":1,"130":8,"131":2,"132":1,"133":1,"134":1,"135":1,"136":2,"137":1,"138":1,"139":1,"140":1,"141":1,"142":1,"143":1,"144":1,"145":1,"146":1,"147":1,"148":1,"149":1,"150":2,"151":6,"152":1,"153":1,"154":1,"155":1,"156":1,"157":1,"158":1,"159":1,"160":5,"161":4,"162":4,"163":1,"164":1,"165":1,"166":1,"167":1,"168":1,"169":1},"f":{"0":0,"1":0,"2":0,"3":0,"4":0,"5":0,"6":9,"7":0,"8":0,"9":0,"10":0,"11":1,"12":15,"13":1,"14":2,"15":6,"16":2,"17":2,"18":10,"19":5,"20":4},"b":{"0":[0,0],"1":[0,0],"2":[0,0],"3":[0,0],"4":[0,0],"5":[0,0],"6":[1,14],"7":[2,12],"8":[7,5],"9":[2,3],"10":[1,2],"11":[1,1],"12":[1,0],"13":[5,16],"14":[4,2],"15":[2,0],"16":[2,2],"17":[1,1],"18":[2,2],"19":[2,6],"20":[1,0],"21":[0,1],"22":[1,1],"23":[3,1],"24":[4,0]},"_coverageSchema":"1a1c01bbd47fc00a2c39e90264f33305004495a9","hash":"a26285fadceb43ea5e493a18b2b8fdd801c576e0"}
}
