TN:
SF:JS\active-break-pages.js
FN:41,(anonymous_0)
FN:47,(anonymous_1)
FN:57,(anonymous_2)
FN:66,abortActive
FN:75,abortBreak
FN:94,startTimer
FN:129,(anonymous_6)
FN:137,timer
FN:158,redirectToPage
FN:161,(anonymous_9)
FN:168,redirectHelper
FN:223,updateCounter
FN:243,reset
FN:269,abortTimer
FN:295,setAlert
FN:304,set_time
FN:333,setCounter
FN:338,setLongBreak
FNF:18
FNH:13
FNDA:0,(anonymous_0)
FNDA:0,(anonymous_1)
FNDA:0,(anonymous_2)
FNDA:1,abortActive
FNDA:1,abortBreak
FNDA:6,startTimer
FNDA:0,(anonymous_6)
FNDA:2,timer
FNDA:2,redirectToPage
FNDA:0,(anonymous_9)
FNDA:2,redirectHelper
FNDA:8,updateCounter
FNDA:7,reset
FNDA:3,abortTimer
FNDA:6,setAlert
FNDA:9,set_time
FNDA:5,setCounter
FNDA:1,setLongBreak
DA:5,1
DA:6,1
DA:10,1
DA:13,1
DA:14,1
DA:15,1
DA:20,1
DA:21,1
DA:22,1
DA:23,1
DA:25,1
DA:26,1
DA:32,1
DA:33,1
DA:36,1
DA:37,1
DA:39,1
DA:41,1
DA:47,0
DA:48,0
DA:57,0
DA:58,0
DA:67,1
DA:68,1
DA:69,1
DA:76,1
DA:77,1
DA:78,1
DA:79,1
DA:80,1
DA:82,1
DA:96,6
DA:97,6
DA:98,3
DA:101,3
DA:102,1
DA:103,1
DA:104,1
DA:106,3
DA:108,6
DA:109,1
DA:110,1
DA:114,6
DA:117,6
DA:120,6
DA:123,6
DA:126,6
DA:129,6
DA:130,0
DA:138,2
DA:139,2
DA:140,2
DA:141,2
DA:142,2
DA:143,1
DA:144,1
DA:147,1
DA:148,1
DA:159,2
DA:160,2
DA:161,2
DA:162,0
DA:169,2
DA:171,1
DA:172,1
DA:173,1
DA:174,1
DA:177,1
DA:179,1
DA:181,1
DA:182,1
DA:184,1
DA:185,1
DA:186,1
DA:187,1
DA:188,1
DA:189,1
DA:190,1
DA:191,1
DA:192,1
DA:195,1
DA:196,1
DA:197,1
DA:198,1
DA:199,1
DA:200,1
DA:201,1
DA:202,1
DA:203,1
DA:204,1
DA:209,1
DA:210,1
DA:211,1
DA:212,1
DA:213,1
DA:214,1
DA:224,8
DA:225,8
DA:226,8
DA:227,8
DA:228,8
DA:229,4
DA:230,4
DA:232,4
DA:233,4
DA:234,4
DA:244,7
DA:245,7
DA:246,7
DA:248,4
DA:249,1
DA:250,1
DA:251,1
DA:254,3
DA:255,3
DA:256,3
DA:259,7
DA:260,7
DA:261,7
DA:270,3
DA:271,3
DA:272,3
DA:274,3
DA:275,6
DA:276,6
DA:277,6
DA:278,6
DA:279,6
DA:280,6
DA:281,6
DA:282,6
DA:284,3
DA:285,3
DA:286,3
DA:287,3
DA:296,6
DA:297,6
DA:305,9
DA:306,0
DA:309,9
DA:311,9
DA:312,9
DA:314,9
DA:315,0
DA:318,9
DA:320,9
DA:321,0
DA:324,9
DA:334,5
DA:335,5
DA:339,1
DA:342,1
DA:343,1
DA:344,1
DA:345,1
DA:346,1
DA:347,1
DA:348,1
DA:349,1
DA:350,1
DA:351,1
DA:352,1
DA:353,1
DA:354,1
LF:164
LH:155
BRDA:67,0,0,1
BRDA:67,0,1,0
BRDA:76,1,0,1
BRDA:76,1,1,0
BRDA:78,2,0,1
BRDA:78,2,1,0
BRDA:80,3,0,1
BRDA:80,3,1,0
BRDA:96,4,0,6
BRDA:96,4,1,0
BRDA:97,5,0,3
BRDA:97,5,1,3
BRDA:101,6,0,1
BRDA:101,6,1,2
BRDA:108,7,0,1
BRDA:108,7,1,5
BRDA:109,8,0,1
BRDA:109,8,1,0
BRDA:114,9,0,3
BRDA:114,9,1,3
BRDA:114,10,0,6
BRDA:114,10,1,3
BRDA:114,11,0,3
BRDA:114,11,1,0
BRDA:117,12,0,0
BRDA:117,12,1,6
BRDA:140,13,0,0
BRDA:140,13,1,2
BRDA:140,14,0,0
BRDA:140,14,1,2
BRDA:141,15,0,0
BRDA:141,15,1,2
BRDA:141,16,0,0
BRDA:141,16,1,0
BRDA:142,17,0,1
BRDA:142,17,1,1
BRDA:147,18,0,0
BRDA:147,18,1,1
BRDA:160,19,0,0
BRDA:160,19,1,2
BRDA:169,20,0,1
BRDA:169,20,1,1
BRDA:177,21,0,1
BRDA:177,21,1,0
BRDA:179,22,0,1
BRDA:179,22,1,0
BRDA:182,23,0,1
BRDA:182,23,1,0
BRDA:196,24,0,1
BRDA:196,24,1,0
BRDA:226,25,0,4
BRDA:226,25,1,4
BRDA:227,26,0,6
BRDA:227,26,1,2
BRDA:228,27,0,4
BRDA:228,27,1,4
BRDA:232,28,0,4
BRDA:232,28,1,0
BRDA:244,29,0,2
BRDA:244,29,1,5
BRDA:246,30,0,3
BRDA:246,30,1,4
BRDA:248,31,0,1
BRDA:248,31,1,3
BRDA:271,32,0,0
BRDA:271,32,1,3
BRDA:278,33,0,1
BRDA:278,33,1,5
BRDA:280,34,0,3
BRDA:280,34,1,3
BRDA:296,35,0,0
BRDA:296,35,1,6
BRDA:305,36,0,0
BRDA:305,36,1,9
BRDA:311,37,0,9
BRDA:311,37,1,0
BRDA:314,38,0,0
BRDA:314,38,1,9
BRDA:320,39,0,0
BRDA:320,39,1,9
BRF:80
BRH:54
end_of_record
TN:
SF:JS\how-to-page.js
FN:1,(anonymous_0)
FN:2,(anonymous_1)
FN:2,(anonymous_2)
FN:4,toLanding
FN:7,toSetUp
FNF:5
FNH:2
FNDA:0,(anonymous_0)
FNDA:0,(anonymous_1)
FNDA:0,(anonymous_2)
FNDA:1,toLanding
FNDA:1,toSetUp
DA:1,1
DA:2,0
DA:5,1
DA:8,1
DA:10,1
DA:11,1
LF:6
LH:5
BRF:0
BRH:0
end_of_record
TN:
SF:JS\landing-page.js
FN:1,(anonymous_0)
FN:8,toHowTo
FN:12,toSetUp
FN:15,osSupport
FN:36,funFacts
FNF:5
FNH:4
FNDA:0,(anonymous_0)
FNDA:1,toHowTo
FNDA:1,toSetUp
FNDA:1,osSupport
FNDA:3,funFacts
DA:1,1
DA:2,0
DA:3,0
DA:4,0
DA:5,0
DA:9,1
DA:13,1
DA:16,1
DA:17,1
DA:18,0
DA:20,1
DA:21,0
DA:23,1
DA:24,0
DA:29,1
DA:34,1
DA:37,3
DA:38,3
DA:39,3
DA:42,1
DA:43,1
DA:44,1
DA:45,1
LF:23
LH:16
BRDA:17,0,0,0
BRDA:17,0,1,1
BRDA:20,1,0,0
BRDA:20,1,1,1
BRDA:23,2,0,0
BRDA:23,2,1,1
BRDA:37,3,0,0
BRDA:37,3,1,3
BRF:8
BRH:4
end_of_record
TN:
SF:JS\results-page.js
FN:8,toLanding
FN:13,(anonymous_1)
FN:17,(anonymous_2)
FN:116,(anonymous_3)
FN:131,(anonymous_4)
FN:156,(anonymous_5)
FN:165,populateTasks
FN:225,checkEmpty
FNF:8
FNH:7
FNDA:1,toLanding
FNDA:1,(anonymous_1)
FNDA:13,(anonymous_2)
FNDA:52,(anonymous_3)
FNDA:13,(anonymous_4)
FNDA:0,(anonymous_5)
FNDA:5,populateTasks
FNDA:5,checkEmpty
DA:1,1
DA:2,1
DA:3,1
DA:4,1
DA:9,1
DA:14,1
DA:18,13
DA:19,13
DA:21,13
DA:22,13
DA:79,13
DA:80,13
DA:81,13
DA:82,13
DA:83,13
DA:84,13
DA:85,13
DA:86,13
DA:87,13
DA:88,13
DA:89,13
DA:90,13
DA:92,13
DA:93,13
DA:94,13
DA:96,13
DA:97,13
DA:100,13
DA:101,13
DA:102,13
DA:103,13
DA:105,13
DA:106,13
DA:107,13
DA:108,13
DA:112,13
DA:117,52
DA:118,13
DA:120,39
DA:121,13
DA:123,26
DA:124,13
DA:126,13
DA:127,13
DA:132,13
DA:133,8
DA:134,2
DA:137,6
DA:139,8
DA:142,5
DA:143,5
DA:149,1
DA:156,1
DA:157,0
DA:158,0
DA:166,5
DA:167,5
DA:168,5
DA:170,2
DA:171,2
DA:172,2
DA:175,3
DA:176,3
DA:177,3
DA:178,3
DA:179,13
DA:180,8
DA:181,8
DA:182,8
DA:183,8
DA:184,8
DA:185,8
DA:190,5
DA:191,5
DA:192,5
DA:193,5
DA:194,5
DA:195,5
DA:202,3
DA:203,3
DA:204,3
DA:205,3
DA:206,3
DA:207,3
DA:208,2
DA:210,1
DA:211,0
DA:214,3
DA:215,3
DA:216,3
DA:226,5
DA:227,5
DA:228,5
DA:229,5
DA:230,5
DA:231,5
DA:232,3
DA:233,3
DA:234,3
DA:235,3
DA:237,5
DA:238,3
DA:239,3
DA:240,3
DA:241,3
DA:242,3
DA:243,1
DA:248,1
DA:249,1
LF:109
LH:106
BRDA:117,0,0,13
BRDA:117,0,1,39
BRDA:120,1,0,13
BRDA:120,1,1,26
BRDA:123,2,0,13
BRDA:123,2,1,13
BRDA:126,3,0,13
BRDA:126,3,1,0
BRDA:132,4,0,8
BRDA:132,4,1,5
BRDA:133,5,0,2
BRDA:133,5,1,6
BRDA:168,6,0,2
BRDA:168,6,1,3
BRDA:179,7,0,8
BRDA:179,7,1,5
BRDA:190,8,0,5
BRDA:190,8,1,0
BRDA:202,9,0,3
BRDA:202,9,1,0
BRDA:207,10,0,2
BRDA:207,10,1,1
BRDA:210,11,0,0
BRDA:210,11,1,1
BRDA:231,12,0,3
BRDA:231,12,1,2
BRDA:237,13,0,3
BRDA:237,13,1,2
BRDA:242,14,0,1
BRDA:242,14,1,2
BRF:30
BRH:26
end_of_record
TN:
SF:JS\set-up-page.js
FN:19,(anonymous_0)
FN:28,(anonymous_1)
FN:36,(anonymous_2)
FN:43,(anonymous_3)
FN:52,(anonymous_4)
FN:53,(anonymous_5)
FN:63,(anonymous_6)
FN:97,(anonymous_7)
FN:109,(anonymous_8)
FN:114,(anonymous_9)
FN:117,(anonymous_10)
FN:128,(anonymous_11)
FN:226,(anonymous_12)
FN:229,(anonymous_13)
FN:265,record
FN:291,(anonymous_15)
FN:304,recordingEnd
FN:316,deleteComponent
FN:328,setup_localStore
FN:338,calculateTotalTime
FN:366,createTask
FN:398,exitSetUp
FN:399,(anonymous_22)
FN:453,setTaskName
FN:464,updateTaskList
FNF:25
FNH:11
FNDA:0,(anonymous_0)
FNDA:0,(anonymous_1)
FNDA:0,(anonymous_2)
FNDA:0,(anonymous_3)
FNDA:0,(anonymous_4)
FNDA:0,(anonymous_5)
FNDA:9,(anonymous_6)
FNDA:0,(anonymous_7)
FNDA:0,(anonymous_8)
FNDA:0,(anonymous_9)
FNDA:0,(anonymous_10)
FNDA:0,(anonymous_11)
FNDA:1,(anonymous_12)
FNDA:15,(anonymous_13)
FNDA:0,record
FNDA:0,(anonymous_15)
FNDA:0,recordingEnd
FNDA:1,deleteComponent
FNDA:2,setup_localStore
FNDA:6,calculateTotalTime
FNDA:2,createTask
FNDA:2,exitSetUp
FNDA:10,(anonymous_22)
FNDA:5,setTaskName
FNDA:4,updateTaskList
DA:4,1
DA:5,1
DA:6,1
DA:7,1
DA:8,1
DA:16,1
DA:17,1
DA:19,1
DA:21,0
DA:22,0
DA:28,0
DA:29,0
DA:36,0
DA:37,0
DA:43,0
DA:44,0
DA:45,0
DA:46,0
DA:52,0
DA:53,0
DA:54,0
DA:64,9
DA:65,9
DA:67,9
DA:68,9
DA:70,9
DA:71,9
DA:72,9
DA:73,9
DA:74,9
DA:76,9
DA:77,9
DA:78,9
DA:79,9
DA:80,9
DA:81,9
DA:82,9
DA:84,9
DA:85,9
DA:87,9
DA:89,9
DA:90,9
DA:91,9
DA:93,9
DA:94,9
DA:95,9
DA:96,9
DA:97,9
DA:98,9
DA:99,9
DA:101,9
DA:102,9
DA:103,9
DA:104,9
DA:105,9
DA:106,9
DA:107,9
DA:109,9
DA:110,0
DA:111,0
DA:114,9
DA:115,0
DA:117,9
DA:118,0
DA:119,0
DA:123,0
DA:124,0
DA:128,9
DA:129,0
DA:132,9
DA:133,9
DA:223,9
DA:227,1
DA:230,15
DA:231,1
DA:232,1
DA:233,1
DA:235,14
DA:236,2
DA:238,12
DA:239,7
DA:241,5
DA:242,2
DA:243,2
DA:244,2
DA:246,3
DA:247,1
DA:249,2
DA:250,1
DA:251,1
DA:252,1
DA:254,1
DA:255,1
DA:260,1
DA:266,0
DA:267,0
DA:268,0
DA:269,0
DA:270,0
DA:271,0
DA:274,0
DA:275,0
DA:276,0
DA:277,0
DA:278,0
DA:279,0
DA:280,0
DA:283,0
DA:285,0
DA:286,0
DA:287,0
DA:288,0
DA:291,0
DA:292,0
DA:293,0
DA:294,0
DA:297,0
DA:305,0
DA:306,0
DA:307,0
DA:308,0
DA:309,0
DA:317,1
DA:318,1
DA:320,1
DA:321,1
DA:322,1
DA:329,2
DA:330,8
DA:331,8
DA:339,6
DA:340,6
DA:341,6
DA:342,21
DA:344,5
DA:346,5
DA:349,6
DA:351,4
DA:352,4
DA:355,4
DA:358,2
DA:367,2
DA:368,2
DA:369,2
DA:370,2
DA:372,2
DA:374,2
DA:375,2
DA:377,2
DA:378,2
DA:379,2
DA:381,2
DA:382,2
DA:383,2
DA:385,2
DA:386,2
DA:387,2
DA:389,2
DA:390,2
DA:399,10
DA:400,2
DA:401,1
DA:402,1
DA:403,8
DA:404,2
DA:405,1
DA:406,1
DA:407,1
DA:408,1
DA:411,2
DA:412,1
DA:413,1
DA:414,1
DA:415,1
DA:416,1
DA:417,1
DA:418,1
DA:421,1
DA:422,1
DA:423,1
DA:424,1
DA:425,1
DA:426,1
DA:428,2
DA:431,6
DA:434,1
DA:435,1
DA:436,1
DA:437,1
DA:438,1
DA:439,1
DA:440,1
DA:443,1
DA:454,5
DA:465,4
DA:466,4
DA:470,1
DA:471,1
DA:472,1
DA:473,1
DA:474,1
DA:475,1
DA:476,1
LF:203
LH:154
BRDA:45,0,0,0
BRDA:45,0,1,0
BRDA:45,1,0,0
BRDA:45,1,1,0
BRDA:45,2,0,0
BRDA:45,2,1,0
BRDA:82,3,0,0
BRDA:82,3,1,9
BRDA:82,4,0,0
BRDA:82,4,1,0
BRDA:110,5,0,0
BRDA:110,5,1,0
BRDA:118,6,0,0
BRDA:118,6,1,0
BRDA:123,7,0,0
BRDA:123,7,1,0
BRDA:230,8,0,1
BRDA:230,8,1,14
BRDA:235,9,0,2
BRDA:235,9,1,12
BRDA:238,10,0,7
BRDA:238,10,1,5
BRDA:241,11,0,2
BRDA:241,11,1,3
BRDA:246,12,0,1
BRDA:246,12,1,2
BRDA:249,13,0,1
BRDA:249,13,1,1
BRDA:254,14,0,1
BRDA:254,14,1,0
BRDA:266,15,0,0
BRDA:266,15,1,0
BRDA:267,16,0,0
BRDA:267,16,1,0
BRDA:342,17,0,5
BRDA:342,17,1,16
BRDA:349,18,0,4
BRDA:349,18,1,2
BRDA:372,19,0,2
BRDA:372,19,1,0
BRDA:372,20,0,2
BRDA:372,20,1,2
BRDA:400,21,0,1
BRDA:400,21,1,1
BRDA:400,22,0,2
BRDA:400,22,1,2
BRDA:403,23,0,2
BRDA:403,23,1,6
BRDA:405,24,0,1
BRDA:405,24,1,0
BRDA:406,25,0,0
BRDA:406,25,1,1
BRDA:411,26,0,1
BRDA:411,26,1,1
BRDA:465,27,0,3
BRDA:465,27,1,1
BRDA:465,28,0,4
BRDA:465,28,1,0
BRF:58
BRH:34
end_of_record
