TN:
SF:JS\active-break-pages.js
FN:41,(anonymous_0)
FN:47,(anonymous_1)
FN:57,(anonymous_2)
FN:66,abortActive
FN:75,abortBreak
FN:94,startTimer
FN:129,(anonymous_6)
FN:137,timer
FN:158,redirectToPage
FN:161,(anonymous_9)
FN:168,redirectHelper
FN:223,updateCounter
FN:243,reset
FN:269,abortTimer
FN:295,setAlert
FN:304,set_time
FN:333,setCounter
FN:338,setLongBreak
FNF:18
FNH:13
FNDA:0,(anonymous_0)
FNDA:0,(anonymous_1)
FNDA:0,(anonymous_2)
FNDA:1,abortActive
FNDA:1,abortBreak
FNDA:6,startTimer
FNDA:0,(anonymous_6)
FNDA:2,timer
FNDA:2,redirectToPage
FNDA:0,(anonymous_9)
FNDA:2,redirectHelper
FNDA:8,updateCounter
FNDA:7,reset
FNDA:3,abortTimer
FNDA:6,setAlert
FNDA:9,set_time
FNDA:5,setCounter
FNDA:1,setLongBreak
DA:5,1
DA:6,1
DA:10,1
DA:13,1
DA:14,1
DA:15,1
DA:20,1
DA:21,1
DA:22,1
DA:23,1
DA:25,1
DA:26,1
DA:32,1
DA:33,1
DA:36,1
DA:37,1
DA:39,1
DA:41,1
DA:47,0
DA:48,0
DA:57,0
DA:58,0
DA:67,1
DA:68,1
DA:69,1
DA:76,1
DA:77,1
DA:78,1
DA:79,1
DA:80,1
DA:82,1
DA:96,6
DA:97,6
DA:98,3
DA:101,3
DA:102,1
DA:103,1
DA:104,1
DA:106,3
DA:108,6
DA:109,1
DA:110,1
DA:114,6
DA:117,6
DA:120,6
DA:123,6
DA:126,6
DA:129,6
DA:130,0
DA:138,2
DA:139,2
DA:140,2
DA:141,2
DA:142,2
DA:143,1
DA:144,1
DA:147,1
DA:148,1
DA:159,2
DA:160,2
DA:161,2
DA:162,0
DA:169,2
DA:171,1
DA:172,1
DA:173,1
DA:174,1
DA:177,1
DA:179,1
DA:181,1
DA:182,1
DA:184,1
DA:185,1
DA:186,1
DA:187,1
DA:188,1
DA:189,1
DA:190,1
DA:191,1
DA:192,1
DA:195,1
DA:196,1
DA:197,1
DA:198,1
DA:199,1
DA:200,1
DA:201,1
DA:202,1
DA:203,1
DA:204,1
DA:209,1
DA:210,1
DA:211,1
DA:212,1
DA:213,1
DA:214,1
DA:224,8
DA:225,8
DA:226,8
DA:227,8
DA:228,8
DA:229,4
DA:230,4
DA:232,4
DA:233,4
DA:234,4
DA:244,7
DA:245,7
DA:246,7
DA:248,4
DA:249,1
DA:250,1
DA:251,1
DA:254,3
DA:255,3
DA:256,3
DA:259,7
DA:260,7
DA:261,7
DA:270,3
DA:271,3
DA:272,3
DA:274,3
DA:275,6
DA:276,6
DA:277,6
DA:278,6
DA:279,6
DA:280,6
DA:281,6
DA:282,6
DA:284,3
DA:285,3
DA:286,3
DA:287,3
DA:296,6
DA:297,6
DA:305,9
DA:306,0
DA:309,9
DA:311,9
DA:312,9
DA:314,9
DA:315,0
DA:318,9
DA:320,9
DA:321,0
DA:324,9
DA:334,5
DA:335,5
DA:339,1
DA:342,1
DA:343,1
DA:344,1
DA:345,1
DA:346,1
DA:347,1
DA:348,1
DA:349,1
DA:350,1
DA:351,1
DA:352,1
DA:353,1
DA:354,1
LF:164
LH:155
BRDA:67,0,0,1
BRDA:67,0,1,0
BRDA:76,1,0,1
BRDA:76,1,1,0
BRDA:78,2,0,1
BRDA:78,2,1,0
BRDA:80,3,0,1
BRDA:80,3,1,0
BRDA:96,4,0,6
BRDA:96,4,1,0
BRDA:97,5,0,3
BRDA:97,5,1,3
BRDA:101,6,0,1
BRDA:101,6,1,2
BRDA:108,7,0,1
BRDA:108,7,1,5
BRDA:109,8,0,1
BRDA:109,8,1,0
BRDA:114,9,0,3
BRDA:114,9,1,3
BRDA:114,10,0,6
BRDA:114,10,1,3
BRDA:114,11,0,3
BRDA:114,11,1,0
BRDA:117,12,0,0
BRDA:117,12,1,6
BRDA:140,13,0,0
BRDA:140,13,1,2
BRDA:140,14,0,0
BRDA:140,14,1,2
BRDA:141,15,0,0
BRDA:141,15,1,2
BRDA:141,16,0,0
BRDA:141,16,1,0
BRDA:142,17,0,1
BRDA:142,17,1,1
BRDA:147,18,0,0
BRDA:147,18,1,1
BRDA:160,19,0,0
BRDA:160,19,1,2
BRDA:169,20,0,1
BRDA:169,20,1,1
BRDA:177,21,0,1
BRDA:177,21,1,0
BRDA:179,22,0,1
BRDA:179,22,1,0
BRDA:182,23,0,1
BRDA:182,23,1,0
BRDA:196,24,0,1
BRDA:196,24,1,0
BRDA:226,25,0,4
BRDA:226,25,1,4
BRDA:227,26,0,6
BRDA:227,26,1,2
BRDA:228,27,0,4
BRDA:228,27,1,4
BRDA:232,28,0,4
BRDA:232,28,1,0
BRDA:244,29,0,2
BRDA:244,29,1,5
BRDA:246,30,0,3
BRDA:246,30,1,4
BRDA:248,31,0,1
BRDA:248,31,1,3
BRDA:271,32,0,0
BRDA:271,32,1,3
BRDA:278,33,0,1
BRDA:278,33,1,5
BRDA:280,34,0,3
BRDA:280,34,1,3
BRDA:296,35,0,0
BRDA:296,35,1,6
BRDA:305,36,0,0
BRDA:305,36,1,9
BRDA:311,37,0,9
BRDA:311,37,1,0
BRDA:314,38,0,0
BRDA:314,38,1,9
BRDA:320,39,0,0
BRDA:320,39,1,9
BRF:80
BRH:54
end_of_record
TN:
SF:JS\how-to-page.js
FN:1,(anonymous_0)
FN:2,(anonymous_1)
FN:2,(anonymous_2)
FN:4,toLanding
FN:7,toSetUp
FNF:5
FNH:2
FNDA:0,(anonymous_0)
FNDA:0,(anonymous_1)
FNDA:0,(anonymous_2)
FNDA:1,toLanding
FNDA:1,toSetUp
DA:1,1
DA:2,0
DA:5,1
DA:8,1
DA:10,1
DA:11,1
LF:6
LH:5
BRF:0
BRH:0
end_of_record
TN:
SF:JS\landing-page.js
FN:1,(anonymous_0)
FN:8,toHowTo
FN:12,toSetUp
FN:15,osSupport
FN:36,funFacts
FNF:5
FNH:4
FNDA:0,(anonymous_0)
FNDA:1,toHowTo
FNDA:1,toSetUp
FNDA:1,osSupport
FNDA:3,funFacts
DA:1,1
DA:2,0
DA:3,0
DA:4,0
DA:5,0
DA:9,1
DA:13,1
DA:16,1
DA:17,1
DA:18,0
DA:20,1
DA:21,0
DA:23,1
DA:24,0
DA:29,1
DA:34,1
DA:37,3
DA:38,3
DA:39,3
DA:42,1
DA:43,1
DA:44,1
DA:45,1
LF:23
LH:16
BRDA:17,0,0,0
BRDA:17,0,1,1
BRDA:20,1,0,0
BRDA:20,1,1,1
BRDA:23,2,0,0
BRDA:23,2,1,1
BRDA:37,3,0,0
BRDA:37,3,1,3
BRF:8
BRH:4
end_of_record
TN:
SF:JS\results-page.js
FN:7,(anonymous_0)
FN:11,(anonymous_1)
FN:110,(anonymous_2)
FN:125,(anonymous_3)
FN:150,(anonymous_4)
FN:158,populateTasks
FN:218,checkEmpty
FNF:7
FNH:6
FNDA:1,(anonymous_0)
FNDA:13,(anonymous_1)
FNDA:52,(anonymous_2)
FNDA:13,(anonymous_3)
FNDA:0,(anonymous_4)
FNDA:5,populateTasks
FNDA:5,checkEmpty
DA:1,1
DA:2,1
DA:3,1
DA:4,1
DA:8,1
DA:12,13
DA:13,13
DA:15,13
DA:16,13
DA:73,13
DA:74,13
DA:75,13
DA:76,13
DA:77,13
DA:78,13
DA:79,13
DA:80,13
DA:81,13
DA:82,13
DA:83,13
DA:84,13
DA:86,13
DA:87,13
DA:88,13
DA:90,13
DA:91,13
DA:94,13
DA:95,13
DA:96,13
DA:97,13
DA:99,13
DA:100,13
DA:101,13
DA:102,13
DA:106,13
DA:111,52
DA:112,13
DA:114,39
DA:115,13
DA:117,26
DA:118,13
DA:120,13
DA:121,13
DA:126,13
DA:127,8
DA:128,2
DA:131,6
DA:133,8
DA:136,5
DA:137,5
DA:143,1
DA:150,1
DA:151,0
DA:159,5
DA:160,5
DA:161,5
DA:163,2
DA:164,2
DA:165,2
DA:168,3
DA:169,3
DA:170,3
DA:171,3
DA:172,13
DA:173,8
DA:174,8
DA:175,8
DA:176,8
DA:177,8
DA:178,8
DA:183,5
DA:184,5
DA:185,5
DA:186,5
DA:187,5
DA:188,5
DA:195,3
DA:196,3
DA:197,3
DA:198,3
DA:199,3
DA:200,3
DA:201,2
DA:203,1
DA:204,0
DA:207,3
DA:208,3
DA:209,3
DA:219,5
DA:220,5
DA:221,5
DA:222,5
DA:223,5
DA:224,5
DA:225,3
DA:226,3
DA:227,3
DA:228,3
DA:230,5
DA:231,3
DA:232,3
DA:233,3
DA:234,3
DA:235,3
DA:236,1
DA:241,1
LF:106
LH:104
BRDA:111,0,0,13
BRDA:111,0,1,39
BRDA:114,1,0,13
BRDA:114,1,1,26
BRDA:117,2,0,13
BRDA:117,2,1,13
BRDA:120,3,0,13
BRDA:120,3,1,0
BRDA:126,4,0,8
BRDA:126,4,1,5
BRDA:127,5,0,2
BRDA:127,5,1,6
BRDA:161,6,0,2
BRDA:161,6,1,3
BRDA:172,7,0,8
BRDA:172,7,1,5
BRDA:183,8,0,5
BRDA:183,8,1,0
BRDA:195,9,0,3
BRDA:195,9,1,0
BRDA:200,10,0,2
BRDA:200,10,1,1
BRDA:203,11,0,0
BRDA:203,11,1,1
BRDA:224,12,0,3
BRDA:224,12,1,2
BRDA:230,13,0,3
BRDA:230,13,1,2
BRDA:235,14,0,1
BRDA:235,14,1,2
BRF:30
BRH:26
end_of_record
TN:
SF:JS\set-up-page.js
FN:13,(anonymous_0)
FN:22,(anonymous_1)
FN:30,(anonymous_2)
FN:37,(anonymous_3)
FN:46,(anonymous_4)
FN:47,(anonymous_5)
FN:57,(anonymous_6)
FN:83,(anonymous_7)
FN:94,(anonymous_8)
FN:99,(anonymous_9)
FN:110,(anonymous_10)
FN:204,(anonymous_11)
FN:207,(anonymous_12)
FN:244,deleteComponent
FN:257,setup_localStore
FN:267,calculateTotalTime
FN:295,createTask
FN:322,exitSetUp
FN:323,(anonymous_18)
FN:377,setTaskName
FN:388,updateTaskList
FNF:21
FNH:11
FNDA:0,(anonymous_0)
FNDA:0,(anonymous_1)
FNDA:0,(anonymous_2)
FNDA:0,(anonymous_3)
FNDA:0,(anonymous_4)
FNDA:0,(anonymous_5)
FNDA:9,(anonymous_6)
FNDA:0,(anonymous_7)
FNDA:0,(anonymous_8)
FNDA:0,(anonymous_9)
FNDA:0,(anonymous_10)
FNDA:1,(anonymous_11)
FNDA:15,(anonymous_12)
FNDA:1,deleteComponent
FNDA:2,setup_localStore
FNDA:6,calculateTotalTime
FNDA:2,createTask
FNDA:2,exitSetUp
FNDA:10,(anonymous_18)
FNDA:5,setTaskName
FNDA:4,updateTaskList
DA:4,1
DA:5,1
DA:6,1
DA:7,1
DA:8,1
DA:10,1
DA:11,1
DA:13,1
DA:15,0
DA:16,0
DA:22,0
DA:23,0
DA:30,0
DA:31,0
DA:37,0
DA:38,0
DA:39,0
DA:40,0
DA:46,0
DA:47,0
DA:48,0
DA:58,9
DA:59,9
DA:61,9
DA:62,9
DA:64,9
DA:65,9
DA:66,9
DA:67,9
DA:68,9
DA:70,9
DA:71,9
DA:73,9
DA:75,9
DA:76,9
DA:77,9
DA:79,9
DA:80,9
DA:81,9
DA:82,9
DA:83,9
DA:84,9
DA:85,9
DA:87,9
DA:88,9
DA:89,9
DA:90,9
DA:91,9
DA:92,9
DA:94,9
DA:95,0
DA:96,0
DA:99,9
DA:100,0
DA:101,0
DA:105,0
DA:106,0
DA:110,9
DA:111,0
DA:114,9
DA:115,9
DA:201,9
DA:205,1
DA:208,15
DA:209,1
DA:210,1
DA:211,1
DA:213,14
DA:214,2
DA:216,12
DA:217,7
DA:219,5
DA:220,2
DA:221,2
DA:223,3
DA:224,1
DA:226,2
DA:227,1
DA:228,1
DA:229,1
DA:231,1
DA:232,1
DA:237,1
DA:245,1
DA:246,1
DA:248,1
DA:249,1
DA:250,1
DA:258,2
DA:259,8
DA:260,8
DA:268,6
DA:269,6
DA:270,6
DA:271,21
DA:273,5
DA:275,5
DA:278,6
DA:280,4
DA:281,4
DA:284,4
DA:287,2
DA:296,2
DA:297,2
DA:298,2
DA:299,2
DA:301,2
DA:302,2
DA:303,2
DA:305,2
DA:306,2
DA:307,2
DA:309,2
DA:310,2
DA:311,2
DA:313,2
DA:314,2
DA:323,10
DA:324,2
DA:325,1
DA:326,1
DA:327,8
DA:328,2
DA:329,1
DA:330,1
DA:331,1
DA:332,1
DA:335,2
DA:336,1
DA:337,1
DA:338,1
DA:339,1
DA:340,1
DA:341,1
DA:342,1
DA:345,1
DA:346,1
DA:347,1
DA:348,1
DA:349,1
DA:350,1
DA:352,2
DA:355,6
DA:358,1
DA:359,1
DA:360,1
DA:361,1
DA:362,1
DA:363,1
DA:364,1
DA:367,1
DA:378,5
DA:389,4
DA:390,4
DA:394,1
DA:395,1
DA:396,1
DA:397,1
DA:398,1
DA:399,1
DA:400,1
LF:161
LH:141
BRDA:39,0,0,0
BRDA:39,0,1,0
BRDA:39,1,0,0
BRDA:39,1,1,0
BRDA:39,2,0,0
BRDA:39,2,1,0
BRDA:95,3,0,0
BRDA:95,3,1,0
BRDA:100,4,0,0
BRDA:100,4,1,0
BRDA:105,5,0,0
BRDA:105,5,1,0
BRDA:208,6,0,1
BRDA:208,6,1,14
BRDA:213,7,0,2
BRDA:213,7,1,12
BRDA:216,8,0,7
BRDA:216,8,1,5
BRDA:219,9,0,2
BRDA:219,9,1,3
BRDA:223,10,0,1
BRDA:223,10,1,2
BRDA:226,11,0,1
BRDA:226,11,1,1
BRDA:231,12,0,1
BRDA:231,12,1,0
BRDA:271,13,0,5
BRDA:271,13,1,16
BRDA:278,14,0,4
BRDA:278,14,1,2
BRDA:301,15,0,2
BRDA:301,15,1,0
BRDA:301,16,0,2
BRDA:301,16,1,2
BRDA:324,17,0,1
BRDA:324,17,1,1
BRDA:324,18,0,2
BRDA:324,18,1,2
BRDA:327,19,0,2
BRDA:327,19,1,6
BRDA:329,20,0,1
BRDA:329,20,1,0
BRDA:330,21,0,0
BRDA:330,21,1,1
BRDA:335,22,0,1
BRDA:335,22,1,1
BRDA:389,23,0,3
BRDA:389,23,1,1
BRDA:389,24,0,4
BRDA:389,24,1,0
BRF:50
BRH:33
end_of_record
